[form-manager] 2020-02-28 10:25:03.948 < INFO> [main] log.info(67) | Logging to org.slf4j.impl.Log4jLoggerAdapter(org.mortbay.log) via org.mortbay.log.Slf4jLog
[form-manager] 2020-02-28 10:25:03.985 < INFO> [main] log.info(67) | jetty-6.1.25
[form-manager] 2020-02-28 10:25:04.331 < INFO> [main] /form-manager.info(67) | Set web app root system property: 'webapp.root' = [D:\workspace\form-yinchuan\form-manager\form-manager-runtime\src\main\webapp]
[form-manager] 2020-02-28 10:25:04.333 < INFO> [main] /form-manager.info(67) | Initializing log4j from [classpath:log4j.properties]
[form-manager] 2020-02-28 10:25:04.340 < INFO> [main] /form-manager.info(67) | Initializing Spring root WebApplicationContext
[form-manager] 2020-02-28 10:25:04.340 < INFO> [main] ContextLoader.initWebApplicationContext(305) | Root WebApplicationContext: initialization started
[form-manager] 2020-02-28 10:25:04.436 < INFO> [main] XmlWebApplicationContext.prepareRefresh(581) | Refreshing Root WebApplicationContext: startup date [Fri Feb 28 10:25:04 CST 2020]; root of context hierarchy
[form-manager] 2020-02-28 10:25:04.476 < INFO> [main] XmlBeanDefinitionReader.loadBeanDefinitions(317) | Loading XML bean definitions from class path resource [applicationContext-server-index.xml]
[form-manager] 2020-02-28 10:25:04.613 < INFO> [main] XmlBeanDefinitionReader.loadBeanDefinitions(317) | Loading XML bean definitions from class path resource [applicationContext-core-index.xml]
[form-manager] 2020-02-28 10:25:04.626 < INFO> [main] XmlBeanDefinitionReader.loadBeanDefinitions(317) | Loading XML bean definitions from class path resource [applicationContext-tp-common-properties.xml]
[form-manager] 2020-02-28 10:25:04.644 < INFO> [main] XmlBeanDefinitionReader.loadBeanDefinitions(317) | Loading XML bean definitions from class path resource [applicationContext-tp-common-properties.extensionpoint.xml]
[form-manager] 2020-02-28 10:25:04.655 < INFO> [main] XmlBeanDefinitionReader.loadBeanDefinitions(317) | Loading XML bean definitions from class path resource [applicationContext-tp-scriptengine.xml]
[form-manager] 2020-02-28 10:25:04.672 < INFO> [main] XmlBeanDefinitionReader.loadBeanDefinitions(317) | Loading XML bean definitions from class path resource [applicationContext-tp-cache-common.xml]
[form-manager] 2020-02-28 10:25:04.682 < INFO> [main] XmlBeanDefinitionReader.loadBeanDefinitions(317) | Loading XML bean definitions from class path resource [applicationContext-tp-cache-common.extensionpoint.xml]
[form-manager] 2020-02-28 10:25:04.692 < INFO> [main] XmlBeanDefinitionReader.loadBeanDefinitions(317) | Loading XML bean definitions from class path resource [applicationContext-tp-cache-ehcache.xml]
[form-manager] 2020-02-28 10:25:04.702 < INFO> [main] XmlBeanDefinitionReader.loadBeanDefinitions(317) | Loading XML bean definitions from class path resource [applicationContext-system-datasource.xml]
[form-manager] 2020-02-28 10:25:04.711 < INFO> [main] XmlBeanDefinitionReader.loadBeanDefinitions(317) | Loading XML bean definitions from class path resource [applicationContext-tp-datasource-dbcp.xml]
[form-manager] 2020-02-28 10:25:04.724 < INFO> [main] XmlBeanDefinitionReader.loadBeanDefinitions(317) | Loading XML bean definitions from class path resource [applicationContext-tp-datasource-common.xml]
[form-manager] 2020-02-28 10:25:04.731 < INFO> [main] XmlBeanDefinitionReader.loadBeanDefinitions(317) | Loading XML bean definitions from class path resource [applicationContext-tp-datasource-common.extensionpoint.xml]
[form-manager] 2020-02-28 10:25:04.736 < INFO> [main] XmlBeanDefinitionReader.loadBeanDefinitions(317) | Loading XML bean definitions from class path resource [applicationContext-tp-transaction-common.xml]
[form-manager] 2020-02-28 10:25:04.741 < INFO> [main] XmlBeanDefinitionReader.loadBeanDefinitions(317) | Loading XML bean definitions from class path resource [applicationContext-tp-transaction-common.extensionpoint.xml]
[form-manager] 2020-02-28 10:25:04.786 < INFO> [main] XmlBeanDefinitionReader.loadBeanDefinitions(317) | Loading XML bean definitions from class path resource [applicationContext-tp-orm-index.xml]
[form-manager] 2020-02-28 10:25:04.791 < INFO> [main] XmlBeanDefinitionReader.loadBeanDefinitions(317) | Loading XML bean definitions from class path resource [applicationContext-tp-orm-common.xml]
[form-manager] 2020-02-28 10:25:04.806 < INFO> [main] XmlBeanDefinitionReader.loadBeanDefinitions(317) | Loading XML bean definitions from class path resource [applicationContext-tp-orm-jdbctemplate.xml]
[form-manager] 2020-02-28 10:25:04.814 < INFO> [main] XmlBeanDefinitionReader.loadBeanDefinitions(317) | Loading XML bean definitions from class path resource [applicationContext-tp-orm-ibatis.xml]
[form-manager] 2020-02-28 10:25:04.820 < INFO> [main] XmlBeanDefinitionReader.loadBeanDefinitions(317) | Loading XML bean definitions from class path resource [applicationContext-tp-orm-ibatis.extensionpoint.xml]
[form-manager] 2020-02-28 10:25:04.827 < INFO> [main] XmlBeanDefinitionReader.loadBeanDefinitions(317) | Loading XML bean definitions from class path resource [applicationContext-platform-access-index.xml]
[form-manager] 2020-02-28 10:25:04.837 < INFO> [main] XmlBeanDefinitionReader.loadBeanDefinitions(317) | Loading XML bean definitions from class path resource [applicationContext-platform-access-common.xml]
[form-manager] 2020-02-28 10:25:04.849 < INFO> [main] XmlBeanDefinitionReader.loadBeanDefinitions(317) | Loading XML bean definitions from class path resource [applicationContext-platform-access-ibatis.xml]
[form-manager] 2020-02-28 10:25:04.858 < INFO> [main] XmlBeanDefinitionReader.loadBeanDefinitions(317) | Loading XML bean definitions from class path resource [applicationContext-platform-access-database.xml]
[form-manager] 2020-02-28 10:25:04.865 < INFO> [main] XmlBeanDefinitionReader.loadBeanDefinitions(317) | Loading XML bean definitions from class path resource [applicationContext-platform-access-jdbctemplate.xml]
[form-manager] 2020-02-28 10:25:04.873 < INFO> [main] XmlBeanDefinitionReader.loadBeanDefinitions(317) | Loading XML bean definitions from class path resource [applicationContext-aic-redis.xml]
[form-manager] 2020-02-28 10:25:05.030 < INFO> [main] DefaultListableBeanFactory.registerBeanDefinition(818) | Overriding bean definition for bean 'jedisClientFactory' with a different definition: replacing [Generic bean: class [com.fline.aic.redis.factory.JedisClientFactory]; scope=singleton; abstract=false; lazyInit=false; autowireMode=0; dependencyCheck=0; autowireCandidate=true; primary=false; factoryBeanName=null; factoryMethodName=null; initMethodName=null; destroyMethodName=null; defined in URL [jar:file:/G:/flinemaven/com/fline/aic/aic-manager-redis/3.2.1-SNAPSHOT/aic-manager-redis-3.2.1-20190730.021118-11.jar!/com/fline/aic/redis/factory/JedisClientFactory.class]] with [Generic bean: class [com.fline.aic.redis.factory.JedisClientFactory]; scope=; abstract=false; lazyInit=false; autowireMode=0; dependencyCheck=0; autowireCandidate=true; primary=false; factoryBeanName=null; factoryMethodName=null; initMethodName=null; destroyMethodName=null; defined in class path resource [applicationContext-aic-redis.xml]]
[form-manager] 2020-02-28 10:25:05.031 < INFO> [main] XmlBeanDefinitionReader.loadBeanDefinitions(317) | Loading XML bean definitions from class path resource [applicationContext-access-core.xml]
[form-manager] 2020-02-28 10:25:05.090 < INFO> [main] XmlBeanDefinitionReader.loadBeanDefinitions(317) | Loading XML bean definitions from class path resource [applicationContext-business-core.xml]
[form-manager] 2020-02-28 10:25:05.272 < INFO> [main] XmlBeanDefinitionReader.loadBeanDefinitions(317) | Loading XML bean definitions from class path resource [applicationContext-aop.xml]
[form-manager] 2020-02-28 10:25:05.296 < INFO> [main] XmlBeanDefinitionReader.loadBeanDefinitions(317) | Loading XML bean definitions from class path resource [applicationContext-job.xml]
[form-manager] 2020-02-28 10:25:05.324 < INFO> [main] XmlBeanDefinitionReader.loadBeanDefinitions(317) | Loading XML bean definitions from class path resource [applicationContext-web-index.xml]
[form-manager] 2020-02-28 10:25:05.358 < INFO> [main] XmlBeanDefinitionReader.loadBeanDefinitions(317) | Loading XML bean definitions from class path resource [applicationContext-web-remotingdestination-com-fline-yztb-flex-remoting.xml]
[form-manager] 2020-02-28 10:25:06.445 < INFO> [main] PropertyPlaceholderConfigurer.loadProperties(172) | Loading properties file from class path resource [applicationContext-tp-datasource-dbcp.extensionpoint.properties]
[form-manager] 2020-02-28 10:25:06.446 < INFO> [main] PropertyPlaceholderConfigurer.loadProperties(172) | Loading properties file from class path resource [applicationContext-tp-orm-jdbctemplate.extensionpoint.properties]
[form-manager] 2020-02-28 10:25:06.447 < INFO> [main] PropertyPlaceholderConfigurer.loadProperties(172) | Loading properties file from class path resource [applicationContext.properties]
[form-manager] 2020-02-28 10:25:06.581 < INFO> [main] ThreadPoolTaskScheduler.initialize(165) | Initializing ExecutorService  'poolTaskScheduler'
[form-manager] 2020-02-28 10:25:06.583 < INFO> [main] PostProcessorRegistrationDelegate$BeanPostProcessorChecker.postProcessAfterInitialization(328) | Bean 'poolTaskScheduler' of type [class org.springframework.scheduling.concurrent.ThreadPoolTaskScheduler] is not eligible for getting processed by all BeanPostProcessors (for example: not eligible for auto-proxying)
[form-manager] 2020-02-28 10:25:06.603 < INFO> [main] PostProcessorRegistrationDelegate$BeanPostProcessorChecker.postProcessAfterInitialization(328) | Bean 'org.springframework.aop.support.DefaultBeanFactoryPointcutAdvisor#0' of type [class org.springframework.aop.support.DefaultBeanFactoryPointcutAdvisor] is not eligible for getting processed by all BeanPostProcessors (for example: not eligible for auto-proxying)
[form-manager] 2020-02-28 10:25:06.609 < INFO> [main] PostProcessorRegistrationDelegate$BeanPostProcessorChecker.postProcessAfterInitialization(328) | Bean 'org.springframework.aop.support.DefaultBeanFactoryPointcutAdvisor#1' of type [class org.springframework.aop.support.DefaultBeanFactoryPointcutAdvisor] is not eligible for getting processed by all BeanPostProcessors (for example: not eligible for auto-proxying)
[form-manager] 2020-02-28 10:25:06.609 < INFO> [main] PostProcessorRegistrationDelegate$BeanPostProcessorChecker.postProcessAfterInitialization(328) | Bean 'org.springframework.aop.support.DefaultBeanFactoryPointcutAdvisor#2' of type [class org.springframework.aop.support.DefaultBeanFactoryPointcutAdvisor] is not eligible for getting processed by all BeanPostProcessors (for example: not eligible for auto-proxying)
[form-manager] 2020-02-28 10:25:06.610 < INFO> [main] PostProcessorRegistrationDelegate$BeanPostProcessorChecker.postProcessAfterInitialization(328) | Bean 'org.springframework.aop.support.DefaultBeanFactoryPointcutAdvisor#3' of type [class org.springframework.aop.support.DefaultBeanFactoryPointcutAdvisor] is not eligible for getting processed by all BeanPostProcessors (for example: not eligible for auto-proxying)
[form-manager] 2020-02-28 10:25:06.808 < INFO> [main] EhCacheManagerFactoryBean.afterPropertiesSet(130) | Initializing EhCache CacheManager
[form-manager] 2020-02-28 10:25:06.826 < WARN> [main] CacheConfiguration.isEternalValueConflictingWithTTIOrTTL(868) | Cache 'null' is set to eternal but also has TTI/TTL set.  To avoid this warning, clean up the config removing conflicting values of eternal, TTI and TTL. Effective configuration for Cache 'null' will be eternal='true', timeToIdleSeconds='0', timeToLiveSeconds='0'.
[form-manager] 2020-02-28 10:25:06.826 < WARN> [main] CacheConfiguration.isEternalValueConflictingWithTTIOrTTL(868) | Cache 'com.feixian.tp.CACHE' is set to eternal but also has TTI/TTL set.  To avoid this warning, clean up the config removing conflicting values of eternal, TTI and TTL. Effective configuration for Cache 'com.feixian.tp.CACHE' will be eternal='true', timeToIdleSeconds='0', timeToLiveSeconds='0'.
[form-manager] 2020-02-28 10:25:20.324 <DEBUG> [main] NameMatchTransactionAttributeSource.addTransactionalMethod(94) | Adding transactional method [find*] with attribute [PROPAGATION_SUPPORTS,ISOLATION_DEFAULT,timeout_300,readOnly]
[form-manager] 2020-02-28 10:25:20.325 <DEBUG> [main] NameMatchTransactionAttributeSource.addTransactionalMethod(94) | Adding transactional method [notify*] with attribute [PROPAGATION_SUPPORTS,ISOLATION_DEFAULT,timeout_300,readOnly]
[form-manager] 2020-02-28 10:25:20.325 <DEBUG> [main] NameMatchTransactionAttributeSource.addTransactionalMethod(94) | Adding transactional method [batch*] with attribute [PROPAGATION_REQUIRED,ISOLATION_READ_COMMITTED,timeout_1800,-Throwable]
[form-manager] 2020-02-28 10:25:20.326 <DEBUG> [main] NameMatchTransactionAttributeSource.addTransactionalMethod(94) | Adding transactional method [audit*] with attribute [PROPAGATION_REQUIRES_NEW,ISOLATION_READ_COMMITTED,timeout_600,-Throwable]
[form-manager] 2020-02-28 10:25:20.326 <DEBUG> [main] NameMatchTransactionAttributeSource.addTransactionalMethod(94) | Adding transactional method [auto*] with attribute [PROPAGATION_REQUIRES_NEW,ISOLATION_READ_COMMITTED,timeout_1600,-Throwable]
[form-manager] 2020-02-28 10:25:20.326 <DEBUG> [main] NameMatchTransactionAttributeSource.addTransactionalMethod(94) | Adding transactional method [*] with attribute [PROPAGATION_REQUIRED,ISOLATION_READ_COMMITTED,timeout_6000,-Throwable]
[form-manager] 2020-02-28 10:25:21.721 < INFO> [main] AbstractSpringRMIClient.<init>(40) | TEMP FILE PATH:D:\workspace\form-yinchuan\form-manager\form-manager-runtime\.\tmp.fdp.context.xml
[form-manager] 2020-02-28 10:25:21.751 < INFO> [main] FileSystemXmlApplicationContext.prepareRefresh(581) | Refreshing org.springframework.context.support.FileSystemXmlApplicationContext@37af1f93: startup date [Fri Feb 28 10:25:21 CST 2020]; root of context hierarchy
[form-manager] 2020-02-28 10:25:21.751 < INFO> [main] XmlBeanDefinitionReader.loadBeanDefinitions(317) | Loading XML bean definitions from file [D:\workspace\form-yinchuan\form-manager\form-manager-runtime\.\tmp.fdp.context.xml]
[form-manager] 2020-02-28 10:25:21.825 < INFO> [main] AbstractSpringRMIClient.<init>(40) | TEMP FILE PATH:D:\workspace\form-yinchuan\form-manager\form-manager-runtime\.\tmp.fdp.context.xml
[form-manager] 2020-02-28 10:25:21.827 < INFO> [main] FileSystemXmlApplicationContext.prepareRefresh(581) | Refreshing org.springframework.context.support.FileSystemXmlApplicationContext@718dbd79: startup date [Fri Feb 28 10:25:21 CST 2020]; root of context hierarchy
[form-manager] 2020-02-28 10:25:21.828 < INFO> [main] XmlBeanDefinitionReader.loadBeanDefinitions(317) | Loading XML bean definitions from file [D:\workspace\form-yinchuan\form-manager\form-manager-runtime\.\tmp.fdp.context.xml]
[form-manager] 2020-02-28 10:25:23.335 < INFO> [main] FlexConfigurationManager.getConfigurationFile(225) | Loading Flex services configuration from: ServletContext resource [/WEB-INF/flex/services-config.xml]
[form-manager] 2020-02-28 10:25:23.439 < INFO> [main] MessageBrokerFactoryBean.afterPropertiesSet(157) | BlazeDS - Community Edition: 4.0.0.14931
[form-manager] 2020-02-28 10:25:23.458 < INFO> [main] MessageBrokerFactoryBean.afterPropertiesSet(167) | MessageBroker with id '_messageBroker' is starting.
[form-manager] 2020-02-28 10:25:23.527 < INFO> [main] MessageBrokerFactoryBean.afterPropertiesSet(186) | MessageBroker with id '_messageBroker' is ready (startup time: '69' ms)
[form-manager] 2020-02-28 10:25:23.535 < INFO> [main] SimpleUrlHandlerMapping.registerHandler(347) | Default mapping to handler '_messageBroker'
[form-manager] 2020-02-28 10:25:23.609 < INFO> [main] RemotingDestinationExporter.createDestination(164) | Created remoting destination with id 'formPageMgmtService'
[form-manager] 2020-02-28 10:25:23.612 < INFO> [main] RemotingDestinationExporter.initializeDestination(213) | Remoting destination 'formPageMgmtService' has been started started successfully.
[form-manager] 2020-02-28 10:25:23.616 < INFO> [main] RemotingDestinationExporter.createDestination(164) | Created remoting destination with id 'certTempMgmtService'
[form-manager] 2020-02-28 10:25:23.616 < INFO> [main] RemotingDestinationExporter.initializeDestination(213) | Remoting destination 'certTempMgmtService' has been started started successfully.
[form-manager] 2020-02-28 10:25:23.623 < INFO> [main] RemotingDestinationExporter.createDestination(164) | Created remoting destination with id 'resourceCatalogMgmtService'
[form-manager] 2020-02-28 10:25:23.623 < INFO> [main] RemotingDestinationExporter.initializeDestination(213) | Remoting destination 'resourceCatalogMgmtService' has been started started successfully.
[form-manager] 2020-02-28 10:25:23.624 < INFO> [main] RemotingDestinationExporter.createDestination(164) | Created remoting destination with id 'itemMgmtService'
[form-manager] 2020-02-28 10:25:23.624 < INFO> [main] RemotingDestinationExporter.initializeDestination(213) | Remoting destination 'itemMgmtService' has been started started successfully.
[form-manager] 2020-02-28 10:25:23.624 < INFO> [main] RemotingDestinationExporter.createDestination(164) | Created remoting destination with id 'situationMgmtService'
[form-manager] 2020-02-28 10:25:23.625 < INFO> [main] RemotingDestinationExporter.initializeDestination(213) | Remoting destination 'situationMgmtService' has been started started successfully.
[form-manager] 2020-02-28 10:25:24.186 < INFO> [main] RequestMappingHandlerMapping.register(543) | Mapped "{[/excel/exportFormDataExcel],methods=[GET]}" onto public void com.fline.form.controller.ExcelController.exportFormDataExcel(javax.servlet.http.HttpServletRequest,javax.servlet.http.HttpServletResponse,java.lang.String,java.lang.String,java.lang.Integer,java.lang.Integer,java.lang.String,java.lang.String,java.lang.String) throws java.lang.Exception
[form-manager] 2020-02-28 10:25:24.187 < INFO> [main] RequestMappingHandlerMapping.register(543) | Mapped "{[/excel/exportStaticExcel],methods=[GET]}" onto public void com.fline.form.controller.ExcelController.exportStaticExcel(javax.servlet.http.HttpServletRequest,javax.servlet.http.HttpServletResponse,java.lang.String,java.lang.Integer,java.lang.Integer,java.lang.String[],java.lang.String,java.lang.String,java.lang.String,java.lang.String) throws java.lang.Exception
[form-manager] 2020-02-28 10:25:24.187 < INFO> [main] RequestMappingHandlerMapping.register(543) | Mapped "{[/excel/exportFormInfoExcel],methods=[GET]}" onto public void com.fline.form.controller.ExcelController.exportFormInfoExcel(javax.servlet.http.HttpServletRequest,javax.servlet.http.HttpServletResponse,java.lang.String,java.lang.String,java.lang.Integer,java.lang.Integer,java.lang.String,java.lang.String,java.lang.String) throws java.lang.Exception
[form-manager] 2020-02-28 10:25:24.187 < INFO> [main] RequestMappingHandlerMapping.register(543) | Mapped "{[/excel/exportBusinessMonitorExcel],methods=[GET]}" onto public void com.fline.form.controller.ExcelController.exportBusinessMonitorExcel(javax.servlet.http.HttpServletRequest,javax.servlet.http.HttpServletResponse,java.lang.String,java.lang.String,java.lang.Integer,java.lang.Integer,java.lang.String,java.lang.String,java.lang.String) throws java.lang.Exception
[form-manager] 2020-02-28 10:25:24.188 < INFO> [main] RequestMappingHandlerMapping.register(543) | Mapped "{[/excel/exportProjectInfoExcel],methods=[GET]}" onto public void com.fline.form.controller.ExcelController.exportProjectInfoExcel(javax.servlet.http.HttpServletRequest,javax.servlet.http.HttpServletResponse,java.lang.String,java.lang.String,java.lang.Integer,java.lang.Integer,java.lang.String,java.lang.String,java.lang.String) throws java.lang.Exception
[form-manager] 2020-02-28 10:25:24.188 < INFO> [main] RequestMappingHandlerMapping.register(543) | Mapped "{[/excel/exportSmsExcel],methods=[GET]}" onto public void com.fline.form.controller.ExcelController.exportSmsExcel(javax.servlet.http.HttpServletRequest,javax.servlet.http.HttpServletResponse,java.lang.String,java.lang.String,java.lang.String,java.lang.Integer,java.lang.Integer,java.lang.String,java.lang.String,java.lang.String) throws java.lang.Exception
[form-manager] 2020-02-28 10:25:24.192 < INFO> [main] RequestMappingHandlerMapping.register(543) | Mapped "{[/formEditor/formProperty],methods=[POST]}" onto public com.fline.form.vo.ResponseResult<?> com.fline.form.controller.FormEditorController.saveFormPageDef(com.fline.yztb.mgmt.service.impl.vo.FormPageParamVo,boolean)
[form-manager] 2020-02-28 10:25:24.192 < INFO> [main] RequestMappingHandlerMapping.register(543) | Mapped "{[/formEditor/packageList],methods=[GET]}" onto public com.fline.form.vo.ResponseResult<java.util.List<com.fline.aic.db.vo.redis.PackageVo>> com.fline.form.controller.FormEditorController.getPackageList(java.lang.String)
[form-manager] 2020-02-28 10:25:24.193 < INFO> [main] RequestMappingHandlerMapping.register(543) | Mapped "{[/formEditor/formProperty],methods=[GET]}" onto public com.fline.form.vo.ResponseResult<java.util.Map<java.lang.String, java.lang.Object>> com.fline.form.controller.FormEditorController.loadFormProperty(long)
[form-manager] 2020-02-28 10:25:24.193 < INFO> [main] RequestMappingHandlerMapping.register(543) | Mapped "{[/formEditor/itemList],methods=[GET]}" onto public com.fline.form.vo.ResponseResult<java.util.List<com.fline.form.access.model.Item>> com.fline.form.controller.FormEditorController.findItemList(java.lang.Long,java.lang.String)
[form-manager] 2020-02-28 10:25:24.193 < INFO> [main] RequestMappingHandlerMapping.register(543) | Mapped "{[/formEditor/situationList],methods=[GET]}" onto public com.fline.form.vo.ResponseResult<java.util.List<com.fline.form.access.model.Situation>> com.fline.form.controller.FormEditorController.findSituations(long)
[form-manager] 2020-02-28 10:25:24.193 < INFO> [main] RequestMappingHandlerMapping.register(543) | Mapped "{[/formEditor/categoryList],methods=[GET]}" onto public com.fline.form.vo.ResponseResult<java.util.List<com.fline.aic.db.vo.redis.PackageCategory>> com.fline.form.controller.FormEditorController.getPackageCategoryList()
[form-manager] 2020-02-28 10:25:24.194 < INFO> [main] RequestMappingHandlerMapping.register(543) | Mapped "{[/formEditor/dataElementList],methods=[GET]}" onto public com.fline.form.vo.ResponseResult<java.util.List<com.fline.aic.db.vo.redis.DataElementVo>> com.fline.form.controller.FormEditorController.getDataElementList(java.lang.String)
[form-manager] 2020-02-28 10:25:24.194 < INFO> [main] RequestMappingHandlerMapping.register(543) | Mapped "{[/synchron/itemJob]}" onto public com.fline.form.vo.ResponseResult<java.lang.String> com.fline.form.controller.SynchronTaskController.synchronItemAddJob()
[form-manager] 2020-02-28 10:25:24.195 < INFO> [main] RequestMappingHandlerMapping.register(543) | Mapped "{[/synchron/itemUpdate]}" onto public com.fline.form.vo.ResponseResult<java.lang.String> com.fline.form.controller.SynchronTaskController.synchronItemUpdateJob()
[form-manager] 2020-02-28 10:25:24.196 < INFO> [main] RequestMappingHandlerMapping.register(543) | Mapped "{[/yztbProvider/getApplyTableList]}" onto public java.lang.String com.fline.form.controller.YztbProviderController.getApplyTableList(java.lang.String,java.lang.Integer,java.lang.Integer)
[form-manager] 2020-02-28 10:25:24.196 < INFO> [main] RequestMappingHandlerMapping.register(543) | Mapped "{[/yztbProvider/getTermsByItemCode]}" onto public java.lang.String com.fline.form.controller.YztbProviderController.getTermsByItemCode(java.lang.String,java.lang.String)
[form-manager] 2020-02-28 10:25:24.197 < INFO> [main] RequestMappingHandlerMapping.register(543) | Mapped "{[/yztbProvider/getCertTempByCodeList]}" onto public java.lang.String com.fline.form.controller.YztbProviderController.getCertTempByCodeList(java.lang.String,java.lang.Integer,java.lang.Integer)
[form-manager] 2020-02-28 10:25:24.197 < INFO> [main] RequestMappingHandlerMapping.register(543) | Mapped "{[/yztbProvider/getItemsByItemCodeList]}" onto public java.lang.String com.fline.form.controller.YztbProviderController.getItemsByItemCodeList(java.lang.String,java.lang.Integer,java.lang.Integer)
[form-manager] 2020-02-28 10:25:24.197 < INFO> [main] RequestMappingHandlerMapping.register(543) | Mapped "{[/yztbProvider/getItemList]}" onto public java.lang.String com.fline.form.controller.YztbProviderController.getItemList(java.lang.String,java.lang.Integer,java.lang.Integer)
[form-manager] 2020-02-28 10:25:24.201 < INFO> [main] RequestMappingHandlerMapping.register(543) | Mapped "{[/swagger-resources/configuration/security]}" onto public org.springframework.http.ResponseEntity<springfox.documentation.swagger.web.SecurityConfiguration> springfox.documentation.swagger.web.ApiResourceController.securityConfiguration()
[form-manager] 2020-02-28 10:25:24.202 < INFO> [main] RequestMappingHandlerMapping.register(543) | Mapped "{[/swagger-resources/configuration/ui]}" onto public org.springframework.http.ResponseEntity<springfox.documentation.swagger.web.UiConfiguration> springfox.documentation.swagger.web.ApiResourceController.uiConfiguration()
[form-manager] 2020-02-28 10:25:24.203 < INFO> [main] RequestMappingHandlerMapping.register(543) | Mapped "{[/swagger-resources]}" onto public org.springframework.http.ResponseEntity<java.util.List<springfox.documentation.swagger.web.SwaggerResource>> springfox.documentation.swagger.web.ApiResourceController.swaggerResources()
[form-manager] 2020-02-28 10:25:24.427 < INFO> [main] SimpleUrlHandlerMapping.registerHandler(354) | Mapped URL path [/swagger-ui.html] onto handler of type [class org.springframework.web.servlet.resource.ResourceHttpRequestHandler]
[form-manager] 2020-02-28 10:25:24.428 < INFO> [main] SimpleUrlHandlerMapping.registerHandler(354) | Mapped URL path [/webjars/**] onto handler of type [class org.springframework.web.servlet.resource.ResourceHttpRequestHandler]
[form-manager] 2020-02-28 10:25:24.759 < INFO> [main] RequestMappingHandlerAdapter.initControllerAdviceCache(534) | Looking for @ControllerAdvice: Root WebApplicationContext: startup date [Fri Feb 28 10:25:04 CST 2020]; root of context hierarchy
[form-manager] 2020-02-28 10:25:24.866 < INFO> [main] PropertySourcedRequestMappingHandlerMapping.initHandlerMethods(69) | Mapped URL path [/v2/api-docs] onto method [public org.springframework.http.ResponseEntity<springfox.documentation.spring.web.json.Json> springfox.documentation.swagger2.web.Swagger2Controller.getDocumentation(java.lang.String,javax.servlet.http.HttpServletRequest)]
[form-manager] 2020-02-28 10:25:25.123 < INFO> [main] DefaultLifecycleProcessor.start(341) | Starting beans in phase 2147483647
[form-manager] 2020-02-28 10:25:25.123 < INFO> [main] DocumentationPluginsBootstrapper.start(160) | Context refreshed
[form-manager] 2020-02-28 10:25:25.155 < INFO> [main] DocumentationPluginsBootstrapper.start(163) | Found 1 custom documentation plugin(s)
[form-manager] 2020-02-28 10:25:25.195 < INFO> [main] ApiListingReferenceScanner.scan(41) | Scanning for api listing references
[form-manager] 2020-02-28 10:25:25.447 < INFO> [main] ContextLoader.initWebApplicationContext(345) | Root WebApplicationContext: initialization completed in 21107 ms
[form-manager] 2020-02-28 10:25:25.747 < INFO> [main] StrutsSpringObjectFactory.<init>(73) | Initializing Struts-Spring integration...
[form-manager] 2020-02-28 10:25:25.749 < INFO> [main] SpringObjectFactory.setAutowireStrategy(104) | Setting autowire strategy to name
[form-manager] 2020-02-28 10:25:25.749 < INFO> [main] StrutsSpringObjectFactory.<init>(139) | ... initialized Struts-Spring integration successfully
[form-manager] 2020-02-28 10:25:26.513 < INFO> [main] /form-manager.info(67) | Initializing Spring FrameworkServlet 'dispatcher'
[form-manager] 2020-02-28 10:25:26.514 < INFO> [main] DispatcherServlet.initServletBean(489) | FrameworkServlet 'dispatcher': initialization started
[form-manager] 2020-02-28 10:25:26.556 < INFO> [main] DispatcherServlet.initServletBean(508) | FrameworkServlet 'dispatcher': initialization completed in 41 ms
[form-manager] 2020-02-28 10:25:26.556 < INFO> [main] /form-manager.info(67) | Initializing Spring FrameworkServlet 'rest'
[form-manager] 2020-02-28 10:25:26.556 < INFO> [main] DispatcherServlet.initServletBean(489) | FrameworkServlet 'rest': initialization started
[form-manager] 2020-02-28 10:25:26.558 < INFO> [main] XmlWebApplicationContext.prepareRefresh(581) | Refreshing WebApplicationContext for namespace 'rest-servlet': startup date [Fri Feb 28 10:25:26 CST 2020]; parent: Root WebApplicationContext
[form-manager] 2020-02-28 10:25:26.558 < INFO> [main] XmlBeanDefinitionReader.loadBeanDefinitions(317) | Loading XML bean definitions from class path resource [rest-servlet.xml]
[form-manager] 2020-02-28 10:25:26.636 < INFO> [main] SimpleUrlHandlerMapping.registerHandler(354) | Mapped URL path [/**] onto handler 'org.springframework.web.servlet.resource.DefaultServletHttpRequestHandler#0'
[form-manager] 2020-02-28 10:25:26.649 < INFO> [main] RequestMappingHandlerMapping.register(543) | Mapped "{[/excel/exportFormDataExcel],methods=[GET]}" onto public void com.fline.form.controller.ExcelController.exportFormDataExcel(javax.servlet.http.HttpServletRequest,javax.servlet.http.HttpServletResponse,java.lang.String,java.lang.String,java.lang.Integer,java.lang.Integer,java.lang.String,java.lang.String,java.lang.String) throws java.lang.Exception
[form-manager] 2020-02-28 10:25:26.649 < INFO> [main] RequestMappingHandlerMapping.register(543) | Mapped "{[/excel/exportStaticExcel],methods=[GET]}" onto public void com.fline.form.controller.ExcelController.exportStaticExcel(javax.servlet.http.HttpServletRequest,javax.servlet.http.HttpServletResponse,java.lang.String,java.lang.Integer,java.lang.Integer,java.lang.String[],java.lang.String,java.lang.String,java.lang.String,java.lang.String) throws java.lang.Exception
[form-manager] 2020-02-28 10:25:26.649 < INFO> [main] RequestMappingHandlerMapping.register(543) | Mapped "{[/excel/exportFormInfoExcel],methods=[GET]}" onto public void com.fline.form.controller.ExcelController.exportFormInfoExcel(javax.servlet.http.HttpServletRequest,javax.servlet.http.HttpServletResponse,java.lang.String,java.lang.String,java.lang.Integer,java.lang.Integer,java.lang.String,java.lang.String,java.lang.String) throws java.lang.Exception
[form-manager] 2020-02-28 10:25:26.650 < INFO> [main] RequestMappingHandlerMapping.register(543) | Mapped "{[/excel/exportBusinessMonitorExcel],methods=[GET]}" onto public void com.fline.form.controller.ExcelController.exportBusinessMonitorExcel(javax.servlet.http.HttpServletRequest,javax.servlet.http.HttpServletResponse,java.lang.String,java.lang.String,java.lang.Integer,java.lang.Integer,java.lang.String,java.lang.String,java.lang.String) throws java.lang.Exception
[form-manager] 2020-02-28 10:25:26.650 < INFO> [main] RequestMappingHandlerMapping.register(543) | Mapped "{[/excel/exportProjectInfoExcel],methods=[GET]}" onto public void com.fline.form.controller.ExcelController.exportProjectInfoExcel(javax.servlet.http.HttpServletRequest,javax.servlet.http.HttpServletResponse,java.lang.String,java.lang.String,java.lang.Integer,java.lang.Integer,java.lang.String,java.lang.String,java.lang.String) throws java.lang.Exception
[form-manager] 2020-02-28 10:25:26.650 < INFO> [main] RequestMappingHandlerMapping.register(543) | Mapped "{[/excel/exportSmsExcel],methods=[GET]}" onto public void com.fline.form.controller.ExcelController.exportSmsExcel(javax.servlet.http.HttpServletRequest,javax.servlet.http.HttpServletResponse,java.lang.String,java.lang.String,java.lang.String,java.lang.Integer,java.lang.Integer,java.lang.String,java.lang.String,java.lang.String) throws java.lang.Exception
[form-manager] 2020-02-28 10:25:26.652 < INFO> [main] RequestMappingHandlerMapping.register(543) | Mapped "{[/formEditor/formProperty],methods=[POST]}" onto public com.fline.form.vo.ResponseResult<?> com.fline.form.controller.FormEditorController.saveFormPageDef(com.fline.yztb.mgmt.service.impl.vo.FormPageParamVo,boolean)
[form-manager] 2020-02-28 10:25:26.652 < INFO> [main] RequestMappingHandlerMapping.register(543) | Mapped "{[/formEditor/packageList],methods=[GET]}" onto public com.fline.form.vo.ResponseResult<java.util.List<com.fline.aic.db.vo.redis.PackageVo>> com.fline.form.controller.FormEditorController.getPackageList(java.lang.String)
[form-manager] 2020-02-28 10:25:26.652 < INFO> [main] RequestMappingHandlerMapping.register(543) | Mapped "{[/formEditor/formProperty],methods=[GET]}" onto public com.fline.form.vo.ResponseResult<java.util.Map<java.lang.String, java.lang.Object>> com.fline.form.controller.FormEditorController.loadFormProperty(long)
[form-manager] 2020-02-28 10:25:26.652 < INFO> [main] RequestMappingHandlerMapping.register(543) | Mapped "{[/formEditor/itemList],methods=[GET]}" onto public com.fline.form.vo.ResponseResult<java.util.List<com.fline.form.access.model.Item>> com.fline.form.controller.FormEditorController.findItemList(java.lang.Long,java.lang.String)
[form-manager] 2020-02-28 10:25:26.653 < INFO> [main] RequestMappingHandlerMapping.register(543) | Mapped "{[/formEditor/situationList],methods=[GET]}" onto public com.fline.form.vo.ResponseResult<java.util.List<com.fline.form.access.model.Situation>> com.fline.form.controller.FormEditorController.findSituations(long)
[form-manager] 2020-02-28 10:25:26.654 < INFO> [main] RequestMappingHandlerMapping.register(543) | Mapped "{[/formEditor/categoryList],methods=[GET]}" onto public com.fline.form.vo.ResponseResult<java.util.List<com.fline.aic.db.vo.redis.PackageCategory>> com.fline.form.controller.FormEditorController.getPackageCategoryList()
[form-manager] 2020-02-28 10:25:26.654 < INFO> [main] RequestMappingHandlerMapping.register(543) | Mapped "{[/formEditor/dataElementList],methods=[GET]}" onto public com.fline.form.vo.ResponseResult<java.util.List<com.fline.aic.db.vo.redis.DataElementVo>> com.fline.form.controller.FormEditorController.getDataElementList(java.lang.String)
[form-manager] 2020-02-28 10:25:26.654 < INFO> [main] RequestMappingHandlerMapping.register(543) | Mapped "{[/synchron/itemJob]}" onto public com.fline.form.vo.ResponseResult<java.lang.String> com.fline.form.controller.SynchronTaskController.synchronItemAddJob()
[form-manager] 2020-02-28 10:25:26.655 < INFO> [main] RequestMappingHandlerMapping.register(543) | Mapped "{[/synchron/itemUpdate]}" onto public com.fline.form.vo.ResponseResult<java.lang.String> com.fline.form.controller.SynchronTaskController.synchronItemUpdateJob()
[form-manager] 2020-02-28 10:25:26.655 < INFO> [main] RequestMappingHandlerMapping.register(543) | Mapped "{[/yztbProvider/getApplyTableList]}" onto public java.lang.String com.fline.form.controller.YztbProviderController.getApplyTableList(java.lang.String,java.lang.Integer,java.lang.Integer)
[form-manager] 2020-02-28 10:25:26.656 < INFO> [main] RequestMappingHandlerMapping.register(543) | Mapped "{[/yztbProvider/getTermsByItemCode]}" onto public java.lang.String com.fline.form.controller.YztbProviderController.getTermsByItemCode(java.lang.String,java.lang.String)
[form-manager] 2020-02-28 10:25:26.656 < INFO> [main] RequestMappingHandlerMapping.register(543) | Mapped "{[/yztbProvider/getCertTempByCodeList]}" onto public java.lang.String com.fline.form.controller.YztbProviderController.getCertTempByCodeList(java.lang.String,java.lang.Integer,java.lang.Integer)
[form-manager] 2020-02-28 10:25:26.656 < INFO> [main] RequestMappingHandlerMapping.register(543) | Mapped "{[/yztbProvider/getItemsByItemCodeList]}" onto public java.lang.String com.fline.form.controller.YztbProviderController.getItemsByItemCodeList(java.lang.String,java.lang.Integer,java.lang.Integer)
[form-manager] 2020-02-28 10:25:26.656 < INFO> [main] RequestMappingHandlerMapping.register(543) | Mapped "{[/yztbProvider/getItemList]}" onto public java.lang.String com.fline.form.controller.YztbProviderController.getItemList(java.lang.String,java.lang.Integer,java.lang.Integer)
[form-manager] 2020-02-28 10:25:26.701 < INFO> [main] RequestMappingHandlerAdapter.initControllerAdviceCache(534) | Looking for @ControllerAdvice: WebApplicationContext for namespace 'rest-servlet': startup date [Fri Feb 28 10:25:26 CST 2020]; parent: Root WebApplicationContext
[form-manager] 2020-02-28 10:25:26.719 < INFO> [main] RequestMappingHandlerAdapter.initControllerAdviceCache(534) | Looking for @ControllerAdvice: WebApplicationContext for namespace 'rest-servlet': startup date [Fri Feb 28 10:25:26 CST 2020]; parent: Root WebApplicationContext
[form-manager] 2020-02-28 10:25:26.769 < INFO> [main] DispatcherServlet.initServletBean(508) | FrameworkServlet 'rest': initialization completed in 213 ms
[form-manager] 2020-02-28 10:25:26.791 < INFO> [main] log.info(67) | Started SelectChannelConnector@0.0.0.0:8000
