[form-manager] 2020-02-14 12:30:55.607 < INFO> [main] log.info(67) | Logging to org.slf4j.impl.Log4jLoggerAdapter(org.mortbay.log) via org.mortbay.log.Slf4jLog
[form-manager] 2020-02-14 12:30:55.644 < INFO> [main] log.info(67) | jetty-6.1.25
[form-manager] 2020-02-14 12:30:56.059 < INFO> [main] /form-manager.info(67) | Set web app root system property: 'webapp.root' = [D:\workspace\form-yinchuan\form-manager\form-manager-runtime\src\main\webapp]
[form-manager] 2020-02-14 12:30:56.062 < INFO> [main] /form-manager.info(67) | Initializing log4j from [classpath:log4j.properties]
[form-manager] 2020-02-14 12:30:56.083 < INFO> [main] /form-manager.info(67) | Initializing Spring root WebApplicationContext
[form-manager] 2020-02-14 12:30:56.085 < INFO> [main] ContextLoader.initWebApplicationContext(305) | Root WebApplicationContext: initialization started
[form-manager] 2020-02-14 12:30:56.264 < INFO> [main] XmlWebApplicationContext.prepareRefresh(581) | Refreshing Root WebApplicationContext: startup date [Fri Feb 14 12:30:56 CST 2020]; root of context hierarchy
[form-manager] 2020-02-14 12:30:56.312 < INFO> [main] XmlBeanDefinitionReader.loadBeanDefinitions(317) | Loading XML bean definitions from class path resource [applicationContext-server-index.xml]
[form-manager] 2020-02-14 12:30:56.449 < INFO> [main] XmlBeanDefinitionReader.loadBeanDefinitions(317) | Loading XML bean definitions from class path resource [applicationContext-core-index.xml]
[form-manager] 2020-02-14 12:30:56.464 < INFO> [main] XmlBeanDefinitionReader.loadBeanDefinitions(317) | Loading XML bean definitions from class path resource [applicationContext-tp-common-properties.xml]
[form-manager] 2020-02-14 12:30:56.481 < INFO> [main] XmlBeanDefinitionReader.loadBeanDefinitions(317) | Loading XML bean definitions from class path resource [applicationContext-tp-common-properties.extensionpoint.xml]
[form-manager] 2020-02-14 12:30:56.496 < INFO> [main] XmlBeanDefinitionReader.loadBeanDefinitions(317) | Loading XML bean definitions from class path resource [applicationContext-tp-scriptengine.xml]
[form-manager] 2020-02-14 12:30:56.506 < INFO> [main] XmlBeanDefinitionReader.loadBeanDefinitions(317) | Loading XML bean definitions from class path resource [applicationContext-tp-cache-common.xml]
[form-manager] 2020-02-14 12:30:56.513 < INFO> [main] XmlBeanDefinitionReader.loadBeanDefinitions(317) | Loading XML bean definitions from class path resource [applicationContext-tp-cache-common.extensionpoint.xml]
[form-manager] 2020-02-14 12:30:56.521 < INFO> [main] XmlBeanDefinitionReader.loadBeanDefinitions(317) | Loading XML bean definitions from class path resource [applicationContext-tp-cache-ehcache.xml]
[form-manager] 2020-02-14 12:30:56.531 < INFO> [main] XmlBeanDefinitionReader.loadBeanDefinitions(317) | Loading XML bean definitions from class path resource [applicationContext-system-datasource.xml]
[form-manager] 2020-02-14 12:30:56.546 < INFO> [main] XmlBeanDefinitionReader.loadBeanDefinitions(317) | Loading XML bean definitions from class path resource [applicationContext-tp-datasource-dbcp.xml]
[form-manager] 2020-02-14 12:30:56.555 < INFO> [main] XmlBeanDefinitionReader.loadBeanDefinitions(317) | Loading XML bean definitions from class path resource [applicationContext-tp-datasource-common.xml]
[form-manager] 2020-02-14 12:30:56.564 < INFO> [main] XmlBeanDefinitionReader.loadBeanDefinitions(317) | Loading XML bean definitions from class path resource [applicationContext-tp-datasource-common.extensionpoint.xml]
[form-manager] 2020-02-14 12:30:56.570 < INFO> [main] XmlBeanDefinitionReader.loadBeanDefinitions(317) | Loading XML bean definitions from class path resource [applicationContext-tp-transaction-common.xml]
[form-manager] 2020-02-14 12:30:56.576 < INFO> [main] XmlBeanDefinitionReader.loadBeanDefinitions(317) | Loading XML bean definitions from class path resource [applicationContext-tp-transaction-common.extensionpoint.xml]
[form-manager] 2020-02-14 12:30:56.621 < INFO> [main] XmlBeanDefinitionReader.loadBeanDefinitions(317) | Loading XML bean definitions from class path resource [applicationContext-tp-orm-index.xml]
[form-manager] 2020-02-14 12:30:56.626 < INFO> [main] XmlBeanDefinitionReader.loadBeanDefinitions(317) | Loading XML bean definitions from class path resource [applicationContext-tp-orm-common.xml]
[form-manager] 2020-02-14 12:30:56.632 < INFO> [main] XmlBeanDefinitionReader.loadBeanDefinitions(317) | Loading XML bean definitions from class path resource [applicationContext-tp-orm-jdbctemplate.xml]
[form-manager] 2020-02-14 12:30:56.638 < INFO> [main] XmlBeanDefinitionReader.loadBeanDefinitions(317) | Loading XML bean definitions from class path resource [applicationContext-tp-orm-ibatis.xml]
[form-manager] 2020-02-14 12:30:56.644 < INFO> [main] XmlBeanDefinitionReader.loadBeanDefinitions(317) | Loading XML bean definitions from class path resource [applicationContext-tp-orm-ibatis.extensionpoint.xml]
[form-manager] 2020-02-14 12:30:56.654 < INFO> [main] XmlBeanDefinitionReader.loadBeanDefinitions(317) | Loading XML bean definitions from class path resource [applicationContext-platform-access-index.xml]
[form-manager] 2020-02-14 12:30:56.663 < INFO> [main] XmlBeanDefinitionReader.loadBeanDefinitions(317) | Loading XML bean definitions from class path resource [applicationContext-platform-access-common.xml]
[form-manager] 2020-02-14 12:30:56.669 < INFO> [main] XmlBeanDefinitionReader.loadBeanDefinitions(317) | Loading XML bean definitions from class path resource [applicationContext-platform-access-ibatis.xml]
[form-manager] 2020-02-14 12:30:56.674 < INFO> [main] XmlBeanDefinitionReader.loadBeanDefinitions(317) | Loading XML bean definitions from class path resource [applicationContext-platform-access-database.xml]
[form-manager] 2020-02-14 12:30:56.679 < INFO> [main] XmlBeanDefinitionReader.loadBeanDefinitions(317) | Loading XML bean definitions from class path resource [applicationContext-platform-access-jdbctemplate.xml]
[form-manager] 2020-02-14 12:30:56.685 < INFO> [main] XmlBeanDefinitionReader.loadBeanDefinitions(317) | Loading XML bean definitions from class path resource [applicationContext-aic-redis.xml]
[form-manager] 2020-02-14 12:30:56.765 < INFO> [main] DefaultListableBeanFactory.registerBeanDefinition(818) | Overriding bean definition for bean 'jedisClientFactory' with a different definition: replacing [Generic bean: class [com.fline.aic.redis.factory.JedisClientFactory]; scope=singleton; abstract=false; lazyInit=false; autowireMode=0; dependencyCheck=0; autowireCandidate=true; primary=false; factoryBeanName=null; factoryMethodName=null; initMethodName=null; destroyMethodName=null; defined in URL [jar:file:/G:/flinemaven/com/fline/aic/aic-manager-redis/3.2.1-SNAPSHOT/aic-manager-redis-3.2.1-20190730.021118-11.jar!/com/fline/aic/redis/factory/JedisClientFactory.class]] with [Generic bean: class [com.fline.aic.redis.factory.JedisClientFactory]; scope=; abstract=false; lazyInit=false; autowireMode=0; dependencyCheck=0; autowireCandidate=true; primary=false; factoryBeanName=null; factoryMethodName=null; initMethodName=null; destroyMethodName=null; defined in class path resource [applicationContext-aic-redis.xml]]
[form-manager] 2020-02-14 12:30:56.765 < INFO> [main] XmlBeanDefinitionReader.loadBeanDefinitions(317) | Loading XML bean definitions from class path resource [applicationContext-access-core.xml]
[form-manager] 2020-02-14 12:30:56.776 < INFO> [main] XmlBeanDefinitionReader.loadBeanDefinitions(317) | Loading XML bean definitions from class path resource [applicationContext-business-core.xml]
[form-manager] 2020-02-14 12:30:56.916 < INFO> [main] XmlBeanDefinitionReader.loadBeanDefinitions(317) | Loading XML bean definitions from class path resource [applicationContext-aop.xml]
[form-manager] 2020-02-14 12:30:56.931 < INFO> [main] XmlBeanDefinitionReader.loadBeanDefinitions(317) | Loading XML bean definitions from class path resource [applicationContext-job.xml]
[form-manager] 2020-02-14 12:30:56.952 < INFO> [main] XmlBeanDefinitionReader.loadBeanDefinitions(317) | Loading XML bean definitions from class path resource [applicationContext-web-index.xml]
[form-manager] 2020-02-14 12:30:56.972 < INFO> [main] XmlBeanDefinitionReader.loadBeanDefinitions(317) | Loading XML bean definitions from class path resource [applicationContext-web-remotingdestination-com-fline-yztb-flex-remoting.xml]
[form-manager] 2020-02-14 12:30:57.775 < INFO> [main] PropertyPlaceholderConfigurer.loadProperties(172) | Loading properties file from class path resource [applicationContext-tp-datasource-dbcp.extensionpoint.properties]
[form-manager] 2020-02-14 12:30:57.775 < INFO> [main] PropertyPlaceholderConfigurer.loadProperties(172) | Loading properties file from class path resource [applicationContext-tp-orm-jdbctemplate.extensionpoint.properties]
[form-manager] 2020-02-14 12:30:57.776 < INFO> [main] PropertyPlaceholderConfigurer.loadProperties(172) | Loading properties file from class path resource [applicationContext.properties]
[form-manager] 2020-02-14 12:30:57.900 < INFO> [main] ThreadPoolTaskScheduler.initialize(165) | Initializing ExecutorService  'poolTaskScheduler'
[form-manager] 2020-02-14 12:30:57.901 < INFO> [main] PostProcessorRegistrationDelegate$BeanPostProcessorChecker.postProcessAfterInitialization(328) | Bean 'poolTaskScheduler' of type [class org.springframework.scheduling.concurrent.ThreadPoolTaskScheduler] is not eligible for getting processed by all BeanPostProcessors (for example: not eligible for auto-proxying)
[form-manager] 2020-02-14 12:30:57.920 < INFO> [main] PostProcessorRegistrationDelegate$BeanPostProcessorChecker.postProcessAfterInitialization(328) | Bean 'org.springframework.aop.support.DefaultBeanFactoryPointcutAdvisor#0' of type [class org.springframework.aop.support.DefaultBeanFactoryPointcutAdvisor] is not eligible for getting processed by all BeanPostProcessors (for example: not eligible for auto-proxying)
[form-manager] 2020-02-14 12:30:57.925 < INFO> [main] PostProcessorRegistrationDelegate$BeanPostProcessorChecker.postProcessAfterInitialization(328) | Bean 'org.springframework.aop.support.DefaultBeanFactoryPointcutAdvisor#1' of type [class org.springframework.aop.support.DefaultBeanFactoryPointcutAdvisor] is not eligible for getting processed by all BeanPostProcessors (for example: not eligible for auto-proxying)
[form-manager] 2020-02-14 12:30:57.925 < INFO> [main] PostProcessorRegistrationDelegate$BeanPostProcessorChecker.postProcessAfterInitialization(328) | Bean 'org.springframework.aop.support.DefaultBeanFactoryPointcutAdvisor#2' of type [class org.springframework.aop.support.DefaultBeanFactoryPointcutAdvisor] is not eligible for getting processed by all BeanPostProcessors (for example: not eligible for auto-proxying)
[form-manager] 2020-02-14 12:30:57.926 < INFO> [main] PostProcessorRegistrationDelegate$BeanPostProcessorChecker.postProcessAfterInitialization(328) | Bean 'org.springframework.aop.support.DefaultBeanFactoryPointcutAdvisor#3' of type [class org.springframework.aop.support.DefaultBeanFactoryPointcutAdvisor] is not eligible for getting processed by all BeanPostProcessors (for example: not eligible for auto-proxying)
[form-manager] 2020-02-14 12:30:58.117 < INFO> [main] EhCacheManagerFactoryBean.afterPropertiesSet(130) | Initializing EhCache CacheManager
[form-manager] 2020-02-14 12:30:58.135 < WARN> [main] CacheConfiguration.isEternalValueConflictingWithTTIOrTTL(868) | Cache 'null' is set to eternal but also has TTI/TTL set.  To avoid this warning, clean up the config removing conflicting values of eternal, TTI and TTL. Effective configuration for Cache 'null' will be eternal='true', timeToIdleSeconds='0', timeToLiveSeconds='0'.
[form-manager] 2020-02-14 12:30:58.136 < WARN> [main] CacheConfiguration.isEternalValueConflictingWithTTIOrTTL(868) | Cache 'com.feixian.tp.CACHE' is set to eternal but also has TTI/TTL set.  To avoid this warning, clean up the config removing conflicting values of eternal, TTI and TTL. Effective configuration for Cache 'com.feixian.tp.CACHE' will be eternal='true', timeToIdleSeconds='0', timeToLiveSeconds='0'.
[form-manager] 2020-02-14 12:31:00.762 <DEBUG> [main] NameMatchTransactionAttributeSource.addTransactionalMethod(94) | Adding transactional method [find*] with attribute [PROPAGATION_SUPPORTS,ISOLATION_DEFAULT,timeout_300,readOnly]
[form-manager] 2020-02-14 12:31:00.762 <DEBUG> [main] NameMatchTransactionAttributeSource.addTransactionalMethod(94) | Adding transactional method [notify*] with attribute [PROPAGATION_SUPPORTS,ISOLATION_DEFAULT,timeout_300,readOnly]
[form-manager] 2020-02-14 12:31:00.763 <DEBUG> [main] NameMatchTransactionAttributeSource.addTransactionalMethod(94) | Adding transactional method [batch*] with attribute [PROPAGATION_REQUIRED,ISOLATION_READ_COMMITTED,timeout_1800,-Throwable]
[form-manager] 2020-02-14 12:31:00.763 <DEBUG> [main] NameMatchTransactionAttributeSource.addTransactionalMethod(94) | Adding transactional method [audit*] with attribute [PROPAGATION_REQUIRES_NEW,ISOLATION_READ_COMMITTED,timeout_600,-Throwable]
[form-manager] 2020-02-14 12:31:00.763 <DEBUG> [main] NameMatchTransactionAttributeSource.addTransactionalMethod(94) | Adding transactional method [auto*] with attribute [PROPAGATION_REQUIRES_NEW,ISOLATION_READ_COMMITTED,timeout_1600,-Throwable]
[form-manager] 2020-02-14 12:31:00.763 <DEBUG> [main] NameMatchTransactionAttributeSource.addTransactionalMethod(94) | Adding transactional method [*] with attribute [PROPAGATION_REQUIRED,ISOLATION_READ_COMMITTED,timeout_6000,-Throwable]
[form-manager] 2020-02-14 12:31:02.106 < INFO> [main] AbstractSpringRMIClient.<init>(40) | TEMP FILE PATH:D:\workspace\form-yinchuan\form-manager\form-manager-runtime\.\tmp.fdp.context.xml
[form-manager] 2020-02-14 12:31:02.108 < INFO> [main] FileSystemXmlApplicationContext.prepareRefresh(581) | Refreshing org.springframework.context.support.FileSystemXmlApplicationContext@37af1f93: startup date [Fri Feb 14 12:31:02 CST 2020]; root of context hierarchy
[form-manager] 2020-02-14 12:31:02.109 < INFO> [main] XmlBeanDefinitionReader.loadBeanDefinitions(317) | Loading XML bean definitions from file [D:\workspace\form-yinchuan\form-manager\form-manager-runtime\.\tmp.fdp.context.xml]
[form-manager] 2020-02-14 12:31:02.151 < INFO> [main] AbstractSpringRMIClient.<init>(40) | TEMP FILE PATH:D:\workspace\form-yinchuan\form-manager\form-manager-runtime\.\tmp.fdp.context.xml
[form-manager] 2020-02-14 12:31:02.152 < INFO> [main] FileSystemXmlApplicationContext.prepareRefresh(581) | Refreshing org.springframework.context.support.FileSystemXmlApplicationContext@718dbd79: startup date [Fri Feb 14 12:31:02 CST 2020]; root of context hierarchy
[form-manager] 2020-02-14 12:31:02.152 < INFO> [main] XmlBeanDefinitionReader.loadBeanDefinitions(317) | Loading XML bean definitions from file [D:\workspace\form-yinchuan\form-manager\form-manager-runtime\.\tmp.fdp.context.xml]
[form-manager] 2020-02-14 12:31:03.365 < INFO> [main] FlexConfigurationManager.getConfigurationFile(225) | Loading Flex services configuration from: ServletContext resource [/WEB-INF/flex/services-config.xml]
[form-manager] 2020-02-14 12:31:03.462 < INFO> [main] MessageBrokerFactoryBean.afterPropertiesSet(157) | BlazeDS - Community Edition: 4.0.0.14931
[form-manager] 2020-02-14 12:31:03.480 < INFO> [main] MessageBrokerFactoryBean.afterPropertiesSet(167) | MessageBroker with id '_messageBroker' is starting.
[form-manager] 2020-02-14 12:31:03.542 < INFO> [main] MessageBrokerFactoryBean.afterPropertiesSet(186) | MessageBroker with id '_messageBroker' is ready (startup time: '62' ms)
[form-manager] 2020-02-14 12:31:03.548 < INFO> [main] SimpleUrlHandlerMapping.registerHandler(347) | Default mapping to handler '_messageBroker'
[form-manager] 2020-02-14 12:31:03.602 < INFO> [main] RemotingDestinationExporter.createDestination(164) | Created remoting destination with id 'formPageMgmtService'
[form-manager] 2020-02-14 12:31:03.604 < INFO> [main] RemotingDestinationExporter.initializeDestination(213) | Remoting destination 'formPageMgmtService' has been started started successfully.
[form-manager] 2020-02-14 12:31:03.607 < INFO> [main] RemotingDestinationExporter.createDestination(164) | Created remoting destination with id 'certTempMgmtService'
[form-manager] 2020-02-14 12:31:03.607 < INFO> [main] RemotingDestinationExporter.initializeDestination(213) | Remoting destination 'certTempMgmtService' has been started started successfully.
[form-manager] 2020-02-14 12:31:03.613 < INFO> [main] RemotingDestinationExporter.createDestination(164) | Created remoting destination with id 'resourceCatalogMgmtService'
[form-manager] 2020-02-14 12:31:03.613 < INFO> [main] RemotingDestinationExporter.initializeDestination(213) | Remoting destination 'resourceCatalogMgmtService' has been started started successfully.
[form-manager] 2020-02-14 12:31:03.614 < INFO> [main] RemotingDestinationExporter.createDestination(164) | Created remoting destination with id 'itemMgmtService'
[form-manager] 2020-02-14 12:31:03.614 < INFO> [main] RemotingDestinationExporter.initializeDestination(213) | Remoting destination 'itemMgmtService' has been started started successfully.
[form-manager] 2020-02-14 12:31:03.615 < INFO> [main] RemotingDestinationExporter.createDestination(164) | Created remoting destination with id 'situationMgmtService'
[form-manager] 2020-02-14 12:31:03.615 < INFO> [main] RemotingDestinationExporter.initializeDestination(213) | Remoting destination 'situationMgmtService' has been started started successfully.
[form-manager] 2020-02-14 12:31:04.142 < INFO> [main] RequestMappingHandlerMapping.register(543) | Mapped "{[/excel/exportFormDataExcel],methods=[GET]}" onto public void com.fline.form.controller.ExcelController.exportFormDataExcel(javax.servlet.http.HttpServletRequest,javax.servlet.http.HttpServletResponse,java.lang.String,java.lang.String,java.lang.Integer,java.lang.Integer,java.lang.String,java.lang.String,java.lang.String) throws java.lang.Exception
[form-manager] 2020-02-14 12:31:04.143 < INFO> [main] RequestMappingHandlerMapping.register(543) | Mapped "{[/excel/exportProjectInfoExcel],methods=[GET]}" onto public void com.fline.form.controller.ExcelController.exportProjectInfoExcel(javax.servlet.http.HttpServletRequest,javax.servlet.http.HttpServletResponse,java.lang.String,java.lang.String,java.lang.Integer,java.lang.Integer,java.lang.String,java.lang.String,java.lang.String) throws java.lang.Exception
[form-manager] 2020-02-14 12:31:04.144 < INFO> [main] RequestMappingHandlerMapping.register(543) | Mapped "{[/excel/exportBusinessMonitorExcel],methods=[GET]}" onto public void com.fline.form.controller.ExcelController.exportBusinessMonitorExcel(javax.servlet.http.HttpServletRequest,javax.servlet.http.HttpServletResponse,java.lang.String,java.lang.String,java.lang.Integer,java.lang.Integer,java.lang.String,java.lang.String,java.lang.String) throws java.lang.Exception
[form-manager] 2020-02-14 12:31:04.144 < INFO> [main] RequestMappingHandlerMapping.register(543) | Mapped "{[/excel/exportStaticExcel],methods=[GET]}" onto public void com.fline.form.controller.ExcelController.exportStaticExcel(javax.servlet.http.HttpServletRequest,javax.servlet.http.HttpServletResponse,java.lang.String,java.lang.Integer,java.lang.Integer,java.lang.String[],java.lang.String,java.lang.String,java.lang.String,java.lang.String) throws java.lang.Exception
[form-manager] 2020-02-14 12:31:04.144 < INFO> [main] RequestMappingHandlerMapping.register(543) | Mapped "{[/excel/exportFormInfoExcel],methods=[GET]}" onto public void com.fline.form.controller.ExcelController.exportFormInfoExcel(javax.servlet.http.HttpServletRequest,javax.servlet.http.HttpServletResponse,java.lang.String,java.lang.String,java.lang.Integer,java.lang.Integer,java.lang.String,java.lang.String,java.lang.String) throws java.lang.Exception
[form-manager] 2020-02-14 12:31:04.144 < INFO> [main] RequestMappingHandlerMapping.register(543) | Mapped "{[/excel/exportSmsExcel],methods=[GET]}" onto public void com.fline.form.controller.ExcelController.exportSmsExcel(javax.servlet.http.HttpServletRequest,javax.servlet.http.HttpServletResponse,java.lang.String,java.lang.String,java.lang.String,java.lang.Integer,java.lang.Integer,java.lang.String,java.lang.String,java.lang.String) throws java.lang.Exception
[form-manager] 2020-02-14 12:31:04.148 < INFO> [main] RequestMappingHandlerMapping.register(543) | Mapped "{[/formEditor/categoryList],methods=[GET]}" onto public com.fline.form.vo.ResponseResult<java.util.List<com.fline.aic.db.vo.redis.PackageCategory>> com.fline.form.controller.FormEditorController.getPackageCategoryList()
[form-manager] 2020-02-14 12:31:04.149 < INFO> [main] RequestMappingHandlerMapping.register(543) | Mapped "{[/formEditor/dataElementList],methods=[GET]}" onto public com.fline.form.vo.ResponseResult<java.util.List<com.fline.aic.db.vo.redis.DataElementVo>> com.fline.form.controller.FormEditorController.getDataElementList(java.lang.String)
[form-manager] 2020-02-14 12:31:04.149 < INFO> [main] RequestMappingHandlerMapping.register(543) | Mapped "{[/formEditor/formProperty],methods=[POST]}" onto public com.fline.form.vo.ResponseResult<?> com.fline.form.controller.FormEditorController.saveFormPageDef(com.fline.yztb.mgmt.service.impl.vo.FormPageParamVo,boolean)
[form-manager] 2020-02-14 12:31:04.149 < INFO> [main] RequestMappingHandlerMapping.register(543) | Mapped "{[/formEditor/packageList],methods=[GET]}" onto public com.fline.form.vo.ResponseResult<java.util.List<com.fline.aic.db.vo.redis.PackageVo>> com.fline.form.controller.FormEditorController.getPackageList(java.lang.String)
[form-manager] 2020-02-14 12:31:04.150 < INFO> [main] RequestMappingHandlerMapping.register(543) | Mapped "{[/formEditor/formProperty],methods=[GET]}" onto public com.fline.form.vo.ResponseResult<java.util.Map<java.lang.String, java.lang.Object>> com.fline.form.controller.FormEditorController.loadFormProperty(long)
[form-manager] 2020-02-14 12:31:04.150 < INFO> [main] RequestMappingHandlerMapping.register(543) | Mapped "{[/formEditor/itemList],methods=[GET]}" onto public com.fline.form.vo.ResponseResult<java.util.List<com.fline.form.access.model.Item>> com.fline.form.controller.FormEditorController.findItemList(java.lang.Long,java.lang.String)
[form-manager] 2020-02-14 12:31:04.150 < INFO> [main] RequestMappingHandlerMapping.register(543) | Mapped "{[/formEditor/situationList],methods=[GET]}" onto public com.fline.form.vo.ResponseResult<java.util.List<com.fline.form.access.model.Situation>> com.fline.form.controller.FormEditorController.findSituations(long)
[form-manager] 2020-02-14 12:31:04.151 < INFO> [main] RequestMappingHandlerMapping.register(543) | Mapped "{[/synchron/itemUpdate]}" onto public com.fline.form.vo.ResponseResult<java.lang.String> com.fline.form.controller.SynchronTaskController.synchronItemUpdateJob()
[form-manager] 2020-02-14 12:31:04.151 < INFO> [main] RequestMappingHandlerMapping.register(543) | Mapped "{[/synchron/itemJob]}" onto public com.fline.form.vo.ResponseResult<java.lang.String> com.fline.form.controller.SynchronTaskController.synchronItemAddJob()
[form-manager] 2020-02-14 12:31:04.152 < INFO> [main] RequestMappingHandlerMapping.register(543) | Mapped "{[/yztbProvider/getApplyTableList]}" onto public java.lang.String com.fline.form.controller.YztbProviderController.getApplyTableList(java.lang.String,java.lang.Integer,java.lang.Integer)
[form-manager] 2020-02-14 12:31:04.152 < INFO> [main] RequestMappingHandlerMapping.register(543) | Mapped "{[/yztbProvider/getItemsByItemCodeList]}" onto public java.lang.String com.fline.form.controller.YztbProviderController.getItemsByItemCodeList(java.lang.String,java.lang.Integer,java.lang.Integer)
[form-manager] 2020-02-14 12:31:04.153 < INFO> [main] RequestMappingHandlerMapping.register(543) | Mapped "{[/yztbProvider/getTermsByItemCode]}" onto public java.lang.String com.fline.form.controller.YztbProviderController.getTermsByItemCode(java.lang.String,java.lang.String)
[form-manager] 2020-02-14 12:31:04.153 < INFO> [main] RequestMappingHandlerMapping.register(543) | Mapped "{[/yztbProvider/getCertTempByCodeList]}" onto public java.lang.String com.fline.form.controller.YztbProviderController.getCertTempByCodeList(java.lang.String,java.lang.Integer,java.lang.Integer)
[form-manager] 2020-02-14 12:31:04.153 < INFO> [main] RequestMappingHandlerMapping.register(543) | Mapped "{[/yztbProvider/getItemList]}" onto public java.lang.String com.fline.form.controller.YztbProviderController.getItemList(java.lang.String,java.lang.Integer,java.lang.Integer)
[form-manager] 2020-02-14 12:31:04.158 < INFO> [main] RequestMappingHandlerMapping.register(543) | Mapped "{[/swagger-resources/configuration/security]}" onto public org.springframework.http.ResponseEntity<springfox.documentation.swagger.web.SecurityConfiguration> springfox.documentation.swagger.web.ApiResourceController.securityConfiguration()
[form-manager] 2020-02-14 12:31:04.159 < INFO> [main] RequestMappingHandlerMapping.register(543) | Mapped "{[/swagger-resources]}" onto public org.springframework.http.ResponseEntity<java.util.List<springfox.documentation.swagger.web.SwaggerResource>> springfox.documentation.swagger.web.ApiResourceController.swaggerResources()
[form-manager] 2020-02-14 12:31:04.160 < INFO> [main] RequestMappingHandlerMapping.register(543) | Mapped "{[/swagger-resources/configuration/ui]}" onto public org.springframework.http.ResponseEntity<springfox.documentation.swagger.web.UiConfiguration> springfox.documentation.swagger.web.ApiResourceController.uiConfiguration()
[form-manager] 2020-02-14 12:31:04.352 < INFO> [main] SimpleUrlHandlerMapping.registerHandler(354) | Mapped URL path [/swagger-ui.html] onto handler of type [class org.springframework.web.servlet.resource.ResourceHttpRequestHandler]
[form-manager] 2020-02-14 12:31:04.353 < INFO> [main] SimpleUrlHandlerMapping.registerHandler(354) | Mapped URL path [/webjars/**] onto handler of type [class org.springframework.web.servlet.resource.ResourceHttpRequestHandler]
[form-manager] 2020-02-14 12:31:04.681 < INFO> [main] RequestMappingHandlerAdapter.initControllerAdviceCache(534) | Looking for @ControllerAdvice: Root WebApplicationContext: startup date [Fri Feb 14 12:30:56 CST 2020]; root of context hierarchy
[form-manager] 2020-02-14 12:31:04.786 < INFO> [main] PropertySourcedRequestMappingHandlerMapping.initHandlerMethods(69) | Mapped URL path [/v2/api-docs] onto method [public org.springframework.http.ResponseEntity<springfox.documentation.spring.web.json.Json> springfox.documentation.swagger2.web.Swagger2Controller.getDocumentation(java.lang.String,javax.servlet.http.HttpServletRequest)]
[form-manager] 2020-02-14 12:31:05.049 < INFO> [main] DefaultLifecycleProcessor.start(341) | Starting beans in phase 2147483647
[form-manager] 2020-02-14 12:31:05.049 < INFO> [main] DocumentationPluginsBootstrapper.start(160) | Context refreshed
[form-manager] 2020-02-14 12:31:05.076 < INFO> [main] DocumentationPluginsBootstrapper.start(163) | Found 1 custom documentation plugin(s)
[form-manager] 2020-02-14 12:31:05.109 < INFO> [main] ApiListingReferenceScanner.scan(41) | Scanning for api listing references
[form-manager] 2020-02-14 12:31:05.313 < INFO> [main] ContextLoader.initWebApplicationContext(345) | Root WebApplicationContext: initialization completed in 9228 ms
[form-manager] 2020-02-14 12:31:05.597 < INFO> [main] StrutsSpringObjectFactory.<init>(73) | Initializing Struts-Spring integration...
[form-manager] 2020-02-14 12:31:05.598 < INFO> [main] SpringObjectFactory.setAutowireStrategy(104) | Setting autowire strategy to name
[form-manager] 2020-02-14 12:31:05.598 < INFO> [main] StrutsSpringObjectFactory.<init>(139) | ... initialized Struts-Spring integration successfully
[form-manager] 2020-02-14 12:31:06.456 < INFO> [main] /form-manager.info(67) | Initializing Spring FrameworkServlet 'dispatcher'
[form-manager] 2020-02-14 12:31:06.456 < INFO> [main] DispatcherServlet.initServletBean(489) | FrameworkServlet 'dispatcher': initialization started
[form-manager] 2020-02-14 12:31:06.472 < INFO> [main] DispatcherServlet.initServletBean(508) | FrameworkServlet 'dispatcher': initialization completed in 16 ms
[form-manager] 2020-02-14 12:31:06.472 < INFO> [main] /form-manager.info(67) | Initializing Spring FrameworkServlet 'rest'
[form-manager] 2020-02-14 12:31:06.473 < INFO> [main] DispatcherServlet.initServletBean(489) | FrameworkServlet 'rest': initialization started
[form-manager] 2020-02-14 12:31:06.474 < INFO> [main] XmlWebApplicationContext.prepareRefresh(581) | Refreshing WebApplicationContext for namespace 'rest-servlet': startup date [Fri Feb 14 12:31:06 CST 2020]; parent: Root WebApplicationContext
[form-manager] 2020-02-14 12:31:06.474 < INFO> [main] XmlBeanDefinitionReader.loadBeanDefinitions(317) | Loading XML bean definitions from class path resource [rest-servlet.xml]
[form-manager] 2020-02-14 12:31:06.535 < INFO> [main] SimpleUrlHandlerMapping.registerHandler(354) | Mapped URL path [/**] onto handler 'org.springframework.web.servlet.resource.DefaultServletHttpRequestHandler#0'
[form-manager] 2020-02-14 12:31:06.600 < INFO> [main] RequestMappingHandlerMapping.register(543) | Mapped "{[/excel/exportFormDataExcel],methods=[GET]}" onto public void com.fline.form.controller.ExcelController.exportFormDataExcel(javax.servlet.http.HttpServletRequest,javax.servlet.http.HttpServletResponse,java.lang.String,java.lang.String,java.lang.Integer,java.lang.Integer,java.lang.String,java.lang.String,java.lang.String) throws java.lang.Exception
[form-manager] 2020-02-14 12:31:06.601 < INFO> [main] RequestMappingHandlerMapping.register(543) | Mapped "{[/excel/exportProjectInfoExcel],methods=[GET]}" onto public void com.fline.form.controller.ExcelController.exportProjectInfoExcel(javax.servlet.http.HttpServletRequest,javax.servlet.http.HttpServletResponse,java.lang.String,java.lang.String,java.lang.Integer,java.lang.Integer,java.lang.String,java.lang.String,java.lang.String) throws java.lang.Exception
[form-manager] 2020-02-14 12:31:06.601 < INFO> [main] RequestMappingHandlerMapping.register(543) | Mapped "{[/excel/exportBusinessMonitorExcel],methods=[GET]}" onto public void com.fline.form.controller.ExcelController.exportBusinessMonitorExcel(javax.servlet.http.HttpServletRequest,javax.servlet.http.HttpServletResponse,java.lang.String,java.lang.String,java.lang.Integer,java.lang.Integer,java.lang.String,java.lang.String,java.lang.String) throws java.lang.Exception
[form-manager] 2020-02-14 12:31:06.601 < INFO> [main] RequestMappingHandlerMapping.register(543) | Mapped "{[/excel/exportStaticExcel],methods=[GET]}" onto public void com.fline.form.controller.ExcelController.exportStaticExcel(javax.servlet.http.HttpServletRequest,javax.servlet.http.HttpServletResponse,java.lang.String,java.lang.Integer,java.lang.Integer,java.lang.String[],java.lang.String,java.lang.String,java.lang.String,java.lang.String) throws java.lang.Exception
[form-manager] 2020-02-14 12:31:06.601 < INFO> [main] RequestMappingHandlerMapping.register(543) | Mapped "{[/excel/exportFormInfoExcel],methods=[GET]}" onto public void com.fline.form.controller.ExcelController.exportFormInfoExcel(javax.servlet.http.HttpServletRequest,javax.servlet.http.HttpServletResponse,java.lang.String,java.lang.String,java.lang.Integer,java.lang.Integer,java.lang.String,java.lang.String,java.lang.String) throws java.lang.Exception
[form-manager] 2020-02-14 12:31:06.602 < INFO> [main] RequestMappingHandlerMapping.register(543) | Mapped "{[/excel/exportSmsExcel],methods=[GET]}" onto public void com.fline.form.controller.ExcelController.exportSmsExcel(javax.servlet.http.HttpServletRequest,javax.servlet.http.HttpServletResponse,java.lang.String,java.lang.String,java.lang.String,java.lang.Integer,java.lang.Integer,java.lang.String,java.lang.String,java.lang.String) throws java.lang.Exception
[form-manager] 2020-02-14 12:31:06.603 < INFO> [main] RequestMappingHandlerMapping.register(543) | Mapped "{[/formEditor/categoryList],methods=[GET]}" onto public com.fline.form.vo.ResponseResult<java.util.List<com.fline.aic.db.vo.redis.PackageCategory>> com.fline.form.controller.FormEditorController.getPackageCategoryList()
[form-manager] 2020-02-14 12:31:06.604 < INFO> [main] RequestMappingHandlerMapping.register(543) | Mapped "{[/formEditor/dataElementList],methods=[GET]}" onto public com.fline.form.vo.ResponseResult<java.util.List<com.fline.aic.db.vo.redis.DataElementVo>> com.fline.form.controller.FormEditorController.getDataElementList(java.lang.String)
[form-manager] 2020-02-14 12:31:06.604 < INFO> [main] RequestMappingHandlerMapping.register(543) | Mapped "{[/formEditor/formProperty],methods=[POST]}" onto public com.fline.form.vo.ResponseResult<?> com.fline.form.controller.FormEditorController.saveFormPageDef(com.fline.yztb.mgmt.service.impl.vo.FormPageParamVo,boolean)
[form-manager] 2020-02-14 12:31:06.604 < INFO> [main] RequestMappingHandlerMapping.register(543) | Mapped "{[/formEditor/packageList],methods=[GET]}" onto public com.fline.form.vo.ResponseResult<java.util.List<com.fline.aic.db.vo.redis.PackageVo>> com.fline.form.controller.FormEditorController.getPackageList(java.lang.String)
[form-manager] 2020-02-14 12:31:06.605 < INFO> [main] RequestMappingHandlerMapping.register(543) | Mapped "{[/formEditor/formProperty],methods=[GET]}" onto public com.fline.form.vo.ResponseResult<java.util.Map<java.lang.String, java.lang.Object>> com.fline.form.controller.FormEditorController.loadFormProperty(long)
[form-manager] 2020-02-14 12:31:06.605 < INFO> [main] RequestMappingHandlerMapping.register(543) | Mapped "{[/formEditor/itemList],methods=[GET]}" onto public com.fline.form.vo.ResponseResult<java.util.List<com.fline.form.access.model.Item>> com.fline.form.controller.FormEditorController.findItemList(java.lang.Long,java.lang.String)
[form-manager] 2020-02-14 12:31:06.606 < INFO> [main] RequestMappingHandlerMapping.register(543) | Mapped "{[/formEditor/situationList],methods=[GET]}" onto public com.fline.form.vo.ResponseResult<java.util.List<com.fline.form.access.model.Situation>> com.fline.form.controller.FormEditorController.findSituations(long)
[form-manager] 2020-02-14 12:31:06.608 < INFO> [main] RequestMappingHandlerMapping.register(543) | Mapped "{[/synchron/itemUpdate]}" onto public com.fline.form.vo.ResponseResult<java.lang.String> com.fline.form.controller.SynchronTaskController.synchronItemUpdateJob()
[form-manager] 2020-02-14 12:31:06.608 < INFO> [main] RequestMappingHandlerMapping.register(543) | Mapped "{[/synchron/itemJob]}" onto public com.fline.form.vo.ResponseResult<java.lang.String> com.fline.form.controller.SynchronTaskController.synchronItemAddJob()
[form-manager] 2020-02-14 12:31:06.609 < INFO> [main] RequestMappingHandlerMapping.register(543) | Mapped "{[/yztbProvider/getApplyTableList]}" onto public java.lang.String com.fline.form.controller.YztbProviderController.getApplyTableList(java.lang.String,java.lang.Integer,java.lang.Integer)
[form-manager] 2020-02-14 12:31:06.609 < INFO> [main] RequestMappingHandlerMapping.register(543) | Mapped "{[/yztbProvider/getItemsByItemCodeList]}" onto public java.lang.String com.fline.form.controller.YztbProviderController.getItemsByItemCodeList(java.lang.String,java.lang.Integer,java.lang.Integer)
[form-manager] 2020-02-14 12:31:06.609 < INFO> [main] RequestMappingHandlerMapping.register(543) | Mapped "{[/yztbProvider/getTermsByItemCode]}" onto public java.lang.String com.fline.form.controller.YztbProviderController.getTermsByItemCode(java.lang.String,java.lang.String)
[form-manager] 2020-02-14 12:31:06.609 < INFO> [main] RequestMappingHandlerMapping.register(543) | Mapped "{[/yztbProvider/getCertTempByCodeList]}" onto public java.lang.String com.fline.form.controller.YztbProviderController.getCertTempByCodeList(java.lang.String,java.lang.Integer,java.lang.Integer)
[form-manager] 2020-02-14 12:31:06.609 < INFO> [main] RequestMappingHandlerMapping.register(543) | Mapped "{[/yztbProvider/getItemList]}" onto public java.lang.String com.fline.form.controller.YztbProviderController.getItemList(java.lang.String,java.lang.Integer,java.lang.Integer)
[form-manager] 2020-02-14 12:31:06.662 < INFO> [main] RequestMappingHandlerAdapter.initControllerAdviceCache(534) | Looking for @ControllerAdvice: WebApplicationContext for namespace 'rest-servlet': startup date [Fri Feb 14 12:31:06 CST 2020]; parent: Root WebApplicationContext
[form-manager] 2020-02-14 12:31:06.698 < INFO> [main] RequestMappingHandlerAdapter.initControllerAdviceCache(534) | Looking for @ControllerAdvice: WebApplicationContext for namespace 'rest-servlet': startup date [Fri Feb 14 12:31:06 CST 2020]; parent: Root WebApplicationContext
[form-manager] 2020-02-14 12:31:06.814 < INFO> [main] DispatcherServlet.initServletBean(508) | FrameworkServlet 'rest': initialization completed in 341 ms
[form-manager] 2020-02-14 12:31:06.842 < INFO> [main] log.info(67) | Started SelectChannelConnector@0.0.0.0:8000
[form-manager] 2020-02-14 12:31:38.822 < INFO> [main] log.info(67) | Logging to org.slf4j.impl.Log4jLoggerAdapter(org.mortbay.log) via org.mortbay.log.Slf4jLog
[form-manager] 2020-02-14 12:31:38.850 < INFO> [main] log.info(67) | jetty-6.1.25
[form-manager] 2020-02-14 12:31:39.162 < INFO> [main] /form-manager.info(67) | Set web app root system property: 'webapp.root' = [D:\workspace\form-yinchuan\form-manager\form-manager-runtime\src\main\webapp]
[form-manager] 2020-02-14 12:31:39.164 < INFO> [main] /form-manager.info(67) | Initializing log4j from [classpath:log4j.properties]
[form-manager] 2020-02-14 12:31:39.170 < INFO> [main] /form-manager.info(67) | Initializing Spring root WebApplicationContext
[form-manager] 2020-02-14 12:31:39.171 < INFO> [main] ContextLoader.initWebApplicationContext(305) | Root WebApplicationContext: initialization started
[form-manager] 2020-02-14 12:31:39.243 < INFO> [main] XmlWebApplicationContext.prepareRefresh(581) | Refreshing Root WebApplicationContext: startup date [Fri Feb 14 12:31:39 CST 2020]; root of context hierarchy
[form-manager] 2020-02-14 12:31:39.278 < INFO> [main] XmlBeanDefinitionReader.loadBeanDefinitions(317) | Loading XML bean definitions from class path resource [applicationContext-server-index.xml]
[form-manager] 2020-02-14 12:31:39.337 < INFO> [main] XmlBeanDefinitionReader.loadBeanDefinitions(317) | Loading XML bean definitions from class path resource [applicationContext-core-index.xml]
[form-manager] 2020-02-14 12:31:39.350 < INFO> [main] XmlBeanDefinitionReader.loadBeanDefinitions(317) | Loading XML bean definitions from class path resource [applicationContext-tp-common-properties.xml]
[form-manager] 2020-02-14 12:31:39.368 < INFO> [main] XmlBeanDefinitionReader.loadBeanDefinitions(317) | Loading XML bean definitions from class path resource [applicationContext-tp-common-properties.extensionpoint.xml]
[form-manager] 2020-02-14 12:31:39.379 < INFO> [main] XmlBeanDefinitionReader.loadBeanDefinitions(317) | Loading XML bean definitions from class path resource [applicationContext-tp-scriptengine.xml]
[form-manager] 2020-02-14 12:31:39.395 < INFO> [main] XmlBeanDefinitionReader.loadBeanDefinitions(317) | Loading XML bean definitions from class path resource [applicationContext-tp-cache-common.xml]
[form-manager] 2020-02-14 12:31:39.404 < INFO> [main] XmlBeanDefinitionReader.loadBeanDefinitions(317) | Loading XML bean definitions from class path resource [applicationContext-tp-cache-common.extensionpoint.xml]
[form-manager] 2020-02-14 12:31:39.412 < INFO> [main] XmlBeanDefinitionReader.loadBeanDefinitions(317) | Loading XML bean definitions from class path resource [applicationContext-tp-cache-ehcache.xml]
[form-manager] 2020-02-14 12:31:39.422 < INFO> [main] XmlBeanDefinitionReader.loadBeanDefinitions(317) | Loading XML bean definitions from class path resource [applicationContext-system-datasource.xml]
[form-manager] 2020-02-14 12:31:39.435 < INFO> [main] XmlBeanDefinitionReader.loadBeanDefinitions(317) | Loading XML bean definitions from class path resource [applicationContext-tp-datasource-dbcp.xml]
[form-manager] 2020-02-14 12:31:39.442 < INFO> [main] XmlBeanDefinitionReader.loadBeanDefinitions(317) | Loading XML bean definitions from class path resource [applicationContext-tp-datasource-common.xml]
[form-manager] 2020-02-14 12:31:39.448 < INFO> [main] XmlBeanDefinitionReader.loadBeanDefinitions(317) | Loading XML bean definitions from class path resource [applicationContext-tp-datasource-common.extensionpoint.xml]
[form-manager] 2020-02-14 12:31:39.454 < INFO> [main] XmlBeanDefinitionReader.loadBeanDefinitions(317) | Loading XML bean definitions from class path resource [applicationContext-tp-transaction-common.xml]
[form-manager] 2020-02-14 12:31:39.462 < INFO> [main] XmlBeanDefinitionReader.loadBeanDefinitions(317) | Loading XML bean definitions from class path resource [applicationContext-tp-transaction-common.extensionpoint.xml]
[form-manager] 2020-02-14 12:31:39.497 < INFO> [main] XmlBeanDefinitionReader.loadBeanDefinitions(317) | Loading XML bean definitions from class path resource [applicationContext-tp-orm-index.xml]
[form-manager] 2020-02-14 12:31:39.502 < INFO> [main] XmlBeanDefinitionReader.loadBeanDefinitions(317) | Loading XML bean definitions from class path resource [applicationContext-tp-orm-common.xml]
[form-manager] 2020-02-14 12:31:39.508 < INFO> [main] XmlBeanDefinitionReader.loadBeanDefinitions(317) | Loading XML bean definitions from class path resource [applicationContext-tp-orm-jdbctemplate.xml]
[form-manager] 2020-02-14 12:31:39.514 < INFO> [main] XmlBeanDefinitionReader.loadBeanDefinitions(317) | Loading XML bean definitions from class path resource [applicationContext-tp-orm-ibatis.xml]
[form-manager] 2020-02-14 12:31:39.527 < INFO> [main] XmlBeanDefinitionReader.loadBeanDefinitions(317) | Loading XML bean definitions from class path resource [applicationContext-tp-orm-ibatis.extensionpoint.xml]
[form-manager] 2020-02-14 12:31:39.538 < INFO> [main] XmlBeanDefinitionReader.loadBeanDefinitions(317) | Loading XML bean definitions from class path resource [applicationContext-platform-access-index.xml]
[form-manager] 2020-02-14 12:31:39.552 < INFO> [main] XmlBeanDefinitionReader.loadBeanDefinitions(317) | Loading XML bean definitions from class path resource [applicationContext-platform-access-common.xml]
[form-manager] 2020-02-14 12:31:39.557 < INFO> [main] XmlBeanDefinitionReader.loadBeanDefinitions(317) | Loading XML bean definitions from class path resource [applicationContext-platform-access-ibatis.xml]
[form-manager] 2020-02-14 12:31:39.562 < INFO> [main] XmlBeanDefinitionReader.loadBeanDefinitions(317) | Loading XML bean definitions from class path resource [applicationContext-platform-access-database.xml]
[form-manager] 2020-02-14 12:31:39.566 < INFO> [main] XmlBeanDefinitionReader.loadBeanDefinitions(317) | Loading XML bean definitions from class path resource [applicationContext-platform-access-jdbctemplate.xml]
[form-manager] 2020-02-14 12:31:39.571 < INFO> [main] XmlBeanDefinitionReader.loadBeanDefinitions(317) | Loading XML bean definitions from class path resource [applicationContext-aic-redis.xml]
[form-manager] 2020-02-14 12:31:39.675 < INFO> [main] DefaultListableBeanFactory.registerBeanDefinition(818) | Overriding bean definition for bean 'jedisClientFactory' with a different definition: replacing [Generic bean: class [com.fline.aic.redis.factory.JedisClientFactory]; scope=singleton; abstract=false; lazyInit=false; autowireMode=0; dependencyCheck=0; autowireCandidate=true; primary=false; factoryBeanName=null; factoryMethodName=null; initMethodName=null; destroyMethodName=null; defined in URL [jar:file:/G:/flinemaven/com/fline/aic/aic-manager-redis/3.2.1-SNAPSHOT/aic-manager-redis-3.2.1-20190730.021118-11.jar!/com/fline/aic/redis/factory/JedisClientFactory.class]] with [Generic bean: class [com.fline.aic.redis.factory.JedisClientFactory]; scope=; abstract=false; lazyInit=false; autowireMode=0; dependencyCheck=0; autowireCandidate=true; primary=false; factoryBeanName=null; factoryMethodName=null; initMethodName=null; destroyMethodName=null; defined in class path resource [applicationContext-aic-redis.xml]]
[form-manager] 2020-02-14 12:31:39.676 < INFO> [main] XmlBeanDefinitionReader.loadBeanDefinitions(317) | Loading XML bean definitions from class path resource [applicationContext-access-core.xml]
[form-manager] 2020-02-14 12:31:39.699 < INFO> [main] XmlBeanDefinitionReader.loadBeanDefinitions(317) | Loading XML bean definitions from class path resource [applicationContext-business-core.xml]
[form-manager] 2020-02-14 12:31:39.797 < INFO> [main] XmlBeanDefinitionReader.loadBeanDefinitions(317) | Loading XML bean definitions from class path resource [applicationContext-aop.xml]
[form-manager] 2020-02-14 12:31:39.811 < INFO> [main] XmlBeanDefinitionReader.loadBeanDefinitions(317) | Loading XML bean definitions from class path resource [applicationContext-job.xml]
[form-manager] 2020-02-14 12:31:39.848 < INFO> [main] XmlBeanDefinitionReader.loadBeanDefinitions(317) | Loading XML bean definitions from class path resource [applicationContext-web-index.xml]
[form-manager] 2020-02-14 12:31:39.878 < INFO> [main] XmlBeanDefinitionReader.loadBeanDefinitions(317) | Loading XML bean definitions from class path resource [applicationContext-web-remotingdestination-com-fline-yztb-flex-remoting.xml]
[form-manager] 2020-02-14 12:31:40.926 < INFO> [main] PropertyPlaceholderConfigurer.loadProperties(172) | Loading properties file from class path resource [applicationContext-tp-datasource-dbcp.extensionpoint.properties]
[form-manager] 2020-02-14 12:31:40.926 < INFO> [main] PropertyPlaceholderConfigurer.loadProperties(172) | Loading properties file from class path resource [applicationContext-tp-orm-jdbctemplate.extensionpoint.properties]
[form-manager] 2020-02-14 12:31:40.927 < INFO> [main] PropertyPlaceholderConfigurer.loadProperties(172) | Loading properties file from class path resource [applicationContext.properties]
[form-manager] 2020-02-14 12:31:41.044 < INFO> [main] ThreadPoolTaskScheduler.initialize(165) | Initializing ExecutorService  'poolTaskScheduler'
[form-manager] 2020-02-14 12:31:41.045 < INFO> [main] PostProcessorRegistrationDelegate$BeanPostProcessorChecker.postProcessAfterInitialization(328) | Bean 'poolTaskScheduler' of type [class org.springframework.scheduling.concurrent.ThreadPoolTaskScheduler] is not eligible for getting processed by all BeanPostProcessors (for example: not eligible for auto-proxying)
[form-manager] 2020-02-14 12:31:41.064 < INFO> [main] PostProcessorRegistrationDelegate$BeanPostProcessorChecker.postProcessAfterInitialization(328) | Bean 'org.springframework.aop.support.DefaultBeanFactoryPointcutAdvisor#0' of type [class org.springframework.aop.support.DefaultBeanFactoryPointcutAdvisor] is not eligible for getting processed by all BeanPostProcessors (for example: not eligible for auto-proxying)
[form-manager] 2020-02-14 12:31:41.069 < INFO> [main] PostProcessorRegistrationDelegate$BeanPostProcessorChecker.postProcessAfterInitialization(328) | Bean 'org.springframework.aop.support.DefaultBeanFactoryPointcutAdvisor#1' of type [class org.springframework.aop.support.DefaultBeanFactoryPointcutAdvisor] is not eligible for getting processed by all BeanPostProcessors (for example: not eligible for auto-proxying)
[form-manager] 2020-02-14 12:31:41.069 < INFO> [main] PostProcessorRegistrationDelegate$BeanPostProcessorChecker.postProcessAfterInitialization(328) | Bean 'org.springframework.aop.support.DefaultBeanFactoryPointcutAdvisor#2' of type [class org.springframework.aop.support.DefaultBeanFactoryPointcutAdvisor] is not eligible for getting processed by all BeanPostProcessors (for example: not eligible for auto-proxying)
[form-manager] 2020-02-14 12:31:41.070 < INFO> [main] PostProcessorRegistrationDelegate$BeanPostProcessorChecker.postProcessAfterInitialization(328) | Bean 'org.springframework.aop.support.DefaultBeanFactoryPointcutAdvisor#3' of type [class org.springframework.aop.support.DefaultBeanFactoryPointcutAdvisor] is not eligible for getting processed by all BeanPostProcessors (for example: not eligible for auto-proxying)
[form-manager] 2020-02-14 12:31:41.225 < INFO> [main] EhCacheManagerFactoryBean.afterPropertiesSet(130) | Initializing EhCache CacheManager
[form-manager] 2020-02-14 12:31:41.244 < WARN> [main] CacheConfiguration.isEternalValueConflictingWithTTIOrTTL(868) | Cache 'null' is set to eternal but also has TTI/TTL set.  To avoid this warning, clean up the config removing conflicting values of eternal, TTI and TTL. Effective configuration for Cache 'null' will be eternal='true', timeToIdleSeconds='0', timeToLiveSeconds='0'.
[form-manager] 2020-02-14 12:31:41.245 < WARN> [main] CacheConfiguration.isEternalValueConflictingWithTTIOrTTL(868) | Cache 'com.feixian.tp.CACHE' is set to eternal but also has TTI/TTL set.  To avoid this warning, clean up the config removing conflicting values of eternal, TTI and TTL. Effective configuration for Cache 'com.feixian.tp.CACHE' will be eternal='true', timeToIdleSeconds='0', timeToLiveSeconds='0'.
[form-manager] 2020-02-14 12:31:43.420 <DEBUG> [main] NameMatchTransactionAttributeSource.addTransactionalMethod(94) | Adding transactional method [find*] with attribute [PROPAGATION_SUPPORTS,ISOLATION_DEFAULT,timeout_300,readOnly]
[form-manager] 2020-02-14 12:31:43.421 <DEBUG> [main] NameMatchTransactionAttributeSource.addTransactionalMethod(94) | Adding transactional method [notify*] with attribute [PROPAGATION_SUPPORTS,ISOLATION_DEFAULT,timeout_300,readOnly]
[form-manager] 2020-02-14 12:31:43.421 <DEBUG> [main] NameMatchTransactionAttributeSource.addTransactionalMethod(94) | Adding transactional method [batch*] with attribute [PROPAGATION_REQUIRED,ISOLATION_READ_COMMITTED,timeout_1800,-Throwable]
[form-manager] 2020-02-14 12:31:43.422 <DEBUG> [main] NameMatchTransactionAttributeSource.addTransactionalMethod(94) | Adding transactional method [audit*] with attribute [PROPAGATION_REQUIRES_NEW,ISOLATION_READ_COMMITTED,timeout_600,-Throwable]
[form-manager] 2020-02-14 12:31:43.422 <DEBUG> [main] NameMatchTransactionAttributeSource.addTransactionalMethod(94) | Adding transactional method [auto*] with attribute [PROPAGATION_REQUIRES_NEW,ISOLATION_READ_COMMITTED,timeout_1600,-Throwable]
[form-manager] 2020-02-14 12:31:43.422 <DEBUG> [main] NameMatchTransactionAttributeSource.addTransactionalMethod(94) | Adding transactional method [*] with attribute [PROPAGATION_REQUIRED,ISOLATION_READ_COMMITTED,timeout_6000,-Throwable]
[form-manager] 2020-02-14 12:31:45.124 < INFO> [main] AbstractSpringRMIClient.<init>(40) | TEMP FILE PATH:D:\workspace\form-yinchuan\form-manager\form-manager-runtime\.\tmp.fdp.context.xml
[form-manager] 2020-02-14 12:31:45.125 < INFO> [main] FileSystemXmlApplicationContext.prepareRefresh(581) | Refreshing org.springframework.context.support.FileSystemXmlApplicationContext@37af1f93: startup date [Fri Feb 14 12:31:45 CST 2020]; root of context hierarchy
[form-manager] 2020-02-14 12:31:45.126 < INFO> [main] XmlBeanDefinitionReader.loadBeanDefinitions(317) | Loading XML bean definitions from file [D:\workspace\form-yinchuan\form-manager\form-manager-runtime\.\tmp.fdp.context.xml]
[form-manager] 2020-02-14 12:31:45.164 < INFO> [main] AbstractSpringRMIClient.<init>(40) | TEMP FILE PATH:D:\workspace\form-yinchuan\form-manager\form-manager-runtime\.\tmp.fdp.context.xml
[form-manager] 2020-02-14 12:31:45.165 < INFO> [main] FileSystemXmlApplicationContext.prepareRefresh(581) | Refreshing org.springframework.context.support.FileSystemXmlApplicationContext@718dbd79: startup date [Fri Feb 14 12:31:45 CST 2020]; root of context hierarchy
[form-manager] 2020-02-14 12:31:45.165 < INFO> [main] XmlBeanDefinitionReader.loadBeanDefinitions(317) | Loading XML bean definitions from file [D:\workspace\form-yinchuan\form-manager\form-manager-runtime\.\tmp.fdp.context.xml]
[form-manager] 2020-02-14 12:31:46.454 < INFO> [main] FlexConfigurationManager.getConfigurationFile(225) | Loading Flex services configuration from: ServletContext resource [/WEB-INF/flex/services-config.xml]
[form-manager] 2020-02-14 12:31:46.515 < INFO> [main] MessageBrokerFactoryBean.afterPropertiesSet(157) | BlazeDS - Community Edition: 4.0.0.14931
[form-manager] 2020-02-14 12:31:46.531 < INFO> [main] MessageBrokerFactoryBean.afterPropertiesSet(167) | MessageBroker with id '_messageBroker' is starting.
[form-manager] 2020-02-14 12:31:46.592 < INFO> [main] MessageBrokerFactoryBean.afterPropertiesSet(186) | MessageBroker with id '_messageBroker' is ready (startup time: '62' ms)
[form-manager] 2020-02-14 12:31:46.599 < INFO> [main] SimpleUrlHandlerMapping.registerHandler(347) | Default mapping to handler '_messageBroker'
[form-manager] 2020-02-14 12:31:46.650 < INFO> [main] RemotingDestinationExporter.createDestination(164) | Created remoting destination with id 'formPageMgmtService'
[form-manager] 2020-02-14 12:31:46.652 < INFO> [main] RemotingDestinationExporter.initializeDestination(213) | Remoting destination 'formPageMgmtService' has been started started successfully.
[form-manager] 2020-02-14 12:31:46.654 < INFO> [main] RemotingDestinationExporter.createDestination(164) | Created remoting destination with id 'certTempMgmtService'
[form-manager] 2020-02-14 12:31:46.655 < INFO> [main] RemotingDestinationExporter.initializeDestination(213) | Remoting destination 'certTempMgmtService' has been started started successfully.
[form-manager] 2020-02-14 12:31:46.660 < INFO> [main] RemotingDestinationExporter.createDestination(164) | Created remoting destination with id 'resourceCatalogMgmtService'
[form-manager] 2020-02-14 12:31:46.661 < INFO> [main] RemotingDestinationExporter.initializeDestination(213) | Remoting destination 'resourceCatalogMgmtService' has been started started successfully.
[form-manager] 2020-02-14 12:31:46.662 < INFO> [main] RemotingDestinationExporter.createDestination(164) | Created remoting destination with id 'itemMgmtService'
[form-manager] 2020-02-14 12:31:46.662 < INFO> [main] RemotingDestinationExporter.initializeDestination(213) | Remoting destination 'itemMgmtService' has been started started successfully.
[form-manager] 2020-02-14 12:31:46.663 < INFO> [main] RemotingDestinationExporter.createDestination(164) | Created remoting destination with id 'situationMgmtService'
[form-manager] 2020-02-14 12:31:46.663 < INFO> [main] RemotingDestinationExporter.initializeDestination(213) | Remoting destination 'situationMgmtService' has been started started successfully.
[form-manager] 2020-02-14 12:31:47.126 < INFO> [main] RequestMappingHandlerMapping.register(543) | Mapped "{[/excel/exportProjectInfoExcel],methods=[GET]}" onto public void com.fline.form.controller.ExcelController.exportProjectInfoExcel(javax.servlet.http.HttpServletRequest,javax.servlet.http.HttpServletResponse,java.lang.String,java.lang.String,java.lang.Integer,java.lang.Integer,java.lang.String,java.lang.String,java.lang.String) throws java.lang.Exception
[form-manager] 2020-02-14 12:31:47.127 < INFO> [main] RequestMappingHandlerMapping.register(543) | Mapped "{[/excel/exportStaticExcel],methods=[GET]}" onto public void com.fline.form.controller.ExcelController.exportStaticExcel(javax.servlet.http.HttpServletRequest,javax.servlet.http.HttpServletResponse,java.lang.String,java.lang.Integer,java.lang.Integer,java.lang.String[],java.lang.String,java.lang.String,java.lang.String,java.lang.String) throws java.lang.Exception
[form-manager] 2020-02-14 12:31:47.128 < INFO> [main] RequestMappingHandlerMapping.register(543) | Mapped "{[/excel/exportBusinessMonitorExcel],methods=[GET]}" onto public void com.fline.form.controller.ExcelController.exportBusinessMonitorExcel(javax.servlet.http.HttpServletRequest,javax.servlet.http.HttpServletResponse,java.lang.String,java.lang.String,java.lang.Integer,java.lang.Integer,java.lang.String,java.lang.String,java.lang.String) throws java.lang.Exception
[form-manager] 2020-02-14 12:31:47.128 < INFO> [main] RequestMappingHandlerMapping.register(543) | Mapped "{[/excel/exportFormDataExcel],methods=[GET]}" onto public void com.fline.form.controller.ExcelController.exportFormDataExcel(javax.servlet.http.HttpServletRequest,javax.servlet.http.HttpServletResponse,java.lang.String,java.lang.String,java.lang.Integer,java.lang.Integer,java.lang.String,java.lang.String,java.lang.String) throws java.lang.Exception
[form-manager] 2020-02-14 12:31:47.128 < INFO> [main] RequestMappingHandlerMapping.register(543) | Mapped "{[/excel/exportFormInfoExcel],methods=[GET]}" onto public void com.fline.form.controller.ExcelController.exportFormInfoExcel(javax.servlet.http.HttpServletRequest,javax.servlet.http.HttpServletResponse,java.lang.String,java.lang.String,java.lang.Integer,java.lang.Integer,java.lang.String,java.lang.String,java.lang.String) throws java.lang.Exception
[form-manager] 2020-02-14 12:31:47.128 < INFO> [main] RequestMappingHandlerMapping.register(543) | Mapped "{[/excel/exportSmsExcel],methods=[GET]}" onto public void com.fline.form.controller.ExcelController.exportSmsExcel(javax.servlet.http.HttpServletRequest,javax.servlet.http.HttpServletResponse,java.lang.String,java.lang.String,java.lang.String,java.lang.Integer,java.lang.Integer,java.lang.String,java.lang.String,java.lang.String) throws java.lang.Exception
[form-manager] 2020-02-14 12:31:47.132 < INFO> [main] RequestMappingHandlerMapping.register(543) | Mapped "{[/formEditor/categoryList],methods=[GET]}" onto public com.fline.form.vo.ResponseResult<java.util.List<com.fline.aic.db.vo.redis.PackageCategory>> com.fline.form.controller.FormEditorController.getPackageCategoryList()
[form-manager] 2020-02-14 12:31:47.132 < INFO> [main] RequestMappingHandlerMapping.register(543) | Mapped "{[/formEditor/dataElementList],methods=[GET]}" onto public com.fline.form.vo.ResponseResult<java.util.List<com.fline.aic.db.vo.redis.DataElementVo>> com.fline.form.controller.FormEditorController.getDataElementList(java.lang.String)
[form-manager] 2020-02-14 12:31:47.133 < INFO> [main] RequestMappingHandlerMapping.register(543) | Mapped "{[/formEditor/packageList],methods=[GET]}" onto public com.fline.form.vo.ResponseResult<java.util.List<com.fline.aic.db.vo.redis.PackageVo>> com.fline.form.controller.FormEditorController.getPackageList(java.lang.String)
[form-manager] 2020-02-14 12:31:47.133 < INFO> [main] RequestMappingHandlerMapping.register(543) | Mapped "{[/formEditor/itemList],methods=[GET]}" onto public com.fline.form.vo.ResponseResult<java.util.List<com.fline.form.access.model.Item>> com.fline.form.controller.FormEditorController.findItemList(java.lang.Long,java.lang.String)
[form-manager] 2020-02-14 12:31:47.133 < INFO> [main] RequestMappingHandlerMapping.register(543) | Mapped "{[/formEditor/formProperty],methods=[GET]}" onto public com.fline.form.vo.ResponseResult<java.util.Map<java.lang.String, java.lang.Object>> com.fline.form.controller.FormEditorController.loadFormProperty(long)
[form-manager] 2020-02-14 12:31:47.134 < INFO> [main] RequestMappingHandlerMapping.register(543) | Mapped "{[/formEditor/situationList],methods=[GET]}" onto public com.fline.form.vo.ResponseResult<java.util.List<com.fline.form.access.model.Situation>> com.fline.form.controller.FormEditorController.findSituations(long)
[form-manager] 2020-02-14 12:31:47.134 < INFO> [main] RequestMappingHandlerMapping.register(543) | Mapped "{[/formEditor/formProperty],methods=[POST]}" onto public com.fline.form.vo.ResponseResult<?> com.fline.form.controller.FormEditorController.saveFormPageDef(com.fline.yztb.mgmt.service.impl.vo.FormPageParamVo,boolean)
[form-manager] 2020-02-14 12:31:47.134 < INFO> [main] RequestMappingHandlerMapping.register(543) | Mapped "{[/synchron/itemJob]}" onto public com.fline.form.vo.ResponseResult<java.lang.String> com.fline.form.controller.SynchronTaskController.synchronItemAddJob()
[form-manager] 2020-02-14 12:31:47.135 < INFO> [main] RequestMappingHandlerMapping.register(543) | Mapped "{[/synchron/itemUpdate]}" onto public com.fline.form.vo.ResponseResult<java.lang.String> com.fline.form.controller.SynchronTaskController.synchronItemUpdateJob()
[form-manager] 2020-02-14 12:31:47.135 < INFO> [main] RequestMappingHandlerMapping.register(543) | Mapped "{[/yztbProvider/getApplyTableList]}" onto public java.lang.String com.fline.form.controller.YztbProviderController.getApplyTableList(java.lang.String,java.lang.Integer,java.lang.Integer)
[form-manager] 2020-02-14 12:31:47.136 < INFO> [main] RequestMappingHandlerMapping.register(543) | Mapped "{[/yztbProvider/getItemsByItemCodeList]}" onto public java.lang.String com.fline.form.controller.YztbProviderController.getItemsByItemCodeList(java.lang.String,java.lang.Integer,java.lang.Integer)
[form-manager] 2020-02-14 12:31:47.136 < INFO> [main] RequestMappingHandlerMapping.register(543) | Mapped "{[/yztbProvider/getCertTempByCodeList]}" onto public java.lang.String com.fline.form.controller.YztbProviderController.getCertTempByCodeList(java.lang.String,java.lang.Integer,java.lang.Integer)
[form-manager] 2020-02-14 12:31:47.136 < INFO> [main] RequestMappingHandlerMapping.register(543) | Mapped "{[/yztbProvider/getTermsByItemCode]}" onto public java.lang.String com.fline.form.controller.YztbProviderController.getTermsByItemCode(java.lang.String,java.lang.String)
[form-manager] 2020-02-14 12:31:47.136 < INFO> [main] RequestMappingHandlerMapping.register(543) | Mapped "{[/yztbProvider/getItemList]}" onto public java.lang.String com.fline.form.controller.YztbProviderController.getItemList(java.lang.String,java.lang.Integer,java.lang.Integer)
[form-manager] 2020-02-14 12:31:47.140 < INFO> [main] RequestMappingHandlerMapping.register(543) | Mapped "{[/swagger-resources]}" onto public org.springframework.http.ResponseEntity<java.util.List<springfox.documentation.swagger.web.SwaggerResource>> springfox.documentation.swagger.web.ApiResourceController.swaggerResources()
[form-manager] 2020-02-14 12:31:47.141 < INFO> [main] RequestMappingHandlerMapping.register(543) | Mapped "{[/swagger-resources/configuration/ui]}" onto public org.springframework.http.ResponseEntity<springfox.documentation.swagger.web.UiConfiguration> springfox.documentation.swagger.web.ApiResourceController.uiConfiguration()
[form-manager] 2020-02-14 12:31:47.142 < INFO> [main] RequestMappingHandlerMapping.register(543) | Mapped "{[/swagger-resources/configuration/security]}" onto public org.springframework.http.ResponseEntity<springfox.documentation.swagger.web.SecurityConfiguration> springfox.documentation.swagger.web.ApiResourceController.securityConfiguration()
[form-manager] 2020-02-14 12:31:47.329 < INFO> [main] SimpleUrlHandlerMapping.registerHandler(354) | Mapped URL path [/swagger-ui.html] onto handler of type [class org.springframework.web.servlet.resource.ResourceHttpRequestHandler]
[form-manager] 2020-02-14 12:31:47.330 < INFO> [main] SimpleUrlHandlerMapping.registerHandler(354) | Mapped URL path [/webjars/**] onto handler of type [class org.springframework.web.servlet.resource.ResourceHttpRequestHandler]
[form-manager] 2020-02-14 12:31:47.547 < INFO> [main] RequestMappingHandlerAdapter.initControllerAdviceCache(534) | Looking for @ControllerAdvice: Root WebApplicationContext: startup date [Fri Feb 14 12:31:39 CST 2020]; root of context hierarchy
[form-manager] 2020-02-14 12:31:47.647 < INFO> [main] PropertySourcedRequestMappingHandlerMapping.initHandlerMethods(69) | Mapped URL path [/v2/api-docs] onto method [public org.springframework.http.ResponseEntity<springfox.documentation.spring.web.json.Json> springfox.documentation.swagger2.web.Swagger2Controller.getDocumentation(java.lang.String,javax.servlet.http.HttpServletRequest)]
[form-manager] 2020-02-14 12:31:47.903 < INFO> [main] DefaultLifecycleProcessor.start(341) | Starting beans in phase 2147483647
[form-manager] 2020-02-14 12:31:47.903 < INFO> [main] DocumentationPluginsBootstrapper.start(160) | Context refreshed
[form-manager] 2020-02-14 12:31:47.927 < INFO> [main] DocumentationPluginsBootstrapper.start(163) | Found 1 custom documentation plugin(s)
[form-manager] 2020-02-14 12:31:47.962 < INFO> [main] ApiListingReferenceScanner.scan(41) | Scanning for api listing references
[form-manager] 2020-02-14 12:31:48.225 < INFO> [main] ContextLoader.initWebApplicationContext(345) | Root WebApplicationContext: initialization completed in 9054 ms
[form-manager] 2020-02-14 12:31:48.461 < INFO> [main] StrutsSpringObjectFactory.<init>(73) | Initializing Struts-Spring integration...
[form-manager] 2020-02-14 12:31:48.462 < INFO> [main] SpringObjectFactory.setAutowireStrategy(104) | Setting autowire strategy to name
[form-manager] 2020-02-14 12:31:48.463 < INFO> [main] StrutsSpringObjectFactory.<init>(139) | ... initialized Struts-Spring integration successfully
[form-manager] 2020-02-14 12:31:49.114 < INFO> [main] /form-manager.info(67) | Initializing Spring FrameworkServlet 'dispatcher'
[form-manager] 2020-02-14 12:31:49.114 < INFO> [main] DispatcherServlet.initServletBean(489) | FrameworkServlet 'dispatcher': initialization started
[form-manager] 2020-02-14 12:31:49.133 < INFO> [main] DispatcherServlet.initServletBean(508) | FrameworkServlet 'dispatcher': initialization completed in 19 ms
[form-manager] 2020-02-14 12:31:49.134 < INFO> [main] /form-manager.info(67) | Initializing Spring FrameworkServlet 'rest'
[form-manager] 2020-02-14 12:31:49.134 < INFO> [main] DispatcherServlet.initServletBean(489) | FrameworkServlet 'rest': initialization started
[form-manager] 2020-02-14 12:31:49.136 < INFO> [main] XmlWebApplicationContext.prepareRefresh(581) | Refreshing WebApplicationContext for namespace 'rest-servlet': startup date [Fri Feb 14 12:31:49 CST 2020]; parent: Root WebApplicationContext
[form-manager] 2020-02-14 12:31:49.136 < INFO> [main] XmlBeanDefinitionReader.loadBeanDefinitions(317) | Loading XML bean definitions from class path resource [rest-servlet.xml]
[form-manager] 2020-02-14 12:31:49.191 < INFO> [main] SimpleUrlHandlerMapping.registerHandler(354) | Mapped URL path [/**] onto handler 'org.springframework.web.servlet.resource.DefaultServletHttpRequestHandler#0'
[form-manager] 2020-02-14 12:31:49.202 < INFO> [main] RequestMappingHandlerMapping.register(543) | Mapped "{[/excel/exportProjectInfoExcel],methods=[GET]}" onto public void com.fline.form.controller.ExcelController.exportProjectInfoExcel(javax.servlet.http.HttpServletRequest,javax.servlet.http.HttpServletResponse,java.lang.String,java.lang.String,java.lang.Integer,java.lang.Integer,java.lang.String,java.lang.String,java.lang.String) throws java.lang.Exception
[form-manager] 2020-02-14 12:31:49.202 < INFO> [main] RequestMappingHandlerMapping.register(543) | Mapped "{[/excel/exportStaticExcel],methods=[GET]}" onto public void com.fline.form.controller.ExcelController.exportStaticExcel(javax.servlet.http.HttpServletRequest,javax.servlet.http.HttpServletResponse,java.lang.String,java.lang.Integer,java.lang.Integer,java.lang.String[],java.lang.String,java.lang.String,java.lang.String,java.lang.String) throws java.lang.Exception
[form-manager] 2020-02-14 12:31:49.203 < INFO> [main] RequestMappingHandlerMapping.register(543) | Mapped "{[/excel/exportBusinessMonitorExcel],methods=[GET]}" onto public void com.fline.form.controller.ExcelController.exportBusinessMonitorExcel(javax.servlet.http.HttpServletRequest,javax.servlet.http.HttpServletResponse,java.lang.String,java.lang.String,java.lang.Integer,java.lang.Integer,java.lang.String,java.lang.String,java.lang.String) throws java.lang.Exception
[form-manager] 2020-02-14 12:31:49.203 < INFO> [main] RequestMappingHandlerMapping.register(543) | Mapped "{[/excel/exportFormDataExcel],methods=[GET]}" onto public void com.fline.form.controller.ExcelController.exportFormDataExcel(javax.servlet.http.HttpServletRequest,javax.servlet.http.HttpServletResponse,java.lang.String,java.lang.String,java.lang.Integer,java.lang.Integer,java.lang.String,java.lang.String,java.lang.String) throws java.lang.Exception
[form-manager] 2020-02-14 12:31:49.203 < INFO> [main] RequestMappingHandlerMapping.register(543) | Mapped "{[/excel/exportFormInfoExcel],methods=[GET]}" onto public void com.fline.form.controller.ExcelController.exportFormInfoExcel(javax.servlet.http.HttpServletRequest,javax.servlet.http.HttpServletResponse,java.lang.String,java.lang.String,java.lang.Integer,java.lang.Integer,java.lang.String,java.lang.String,java.lang.String) throws java.lang.Exception
[form-manager] 2020-02-14 12:31:49.203 < INFO> [main] RequestMappingHandlerMapping.register(543) | Mapped "{[/excel/exportSmsExcel],methods=[GET]}" onto public void com.fline.form.controller.ExcelController.exportSmsExcel(javax.servlet.http.HttpServletRequest,javax.servlet.http.HttpServletResponse,java.lang.String,java.lang.String,java.lang.String,java.lang.Integer,java.lang.Integer,java.lang.String,java.lang.String,java.lang.String) throws java.lang.Exception
[form-manager] 2020-02-14 12:31:49.205 < INFO> [main] RequestMappingHandlerMapping.register(543) | Mapped "{[/formEditor/categoryList],methods=[GET]}" onto public com.fline.form.vo.ResponseResult<java.util.List<com.fline.aic.db.vo.redis.PackageCategory>> com.fline.form.controller.FormEditorController.getPackageCategoryList()
[form-manager] 2020-02-14 12:31:49.205 < INFO> [main] RequestMappingHandlerMapping.register(543) | Mapped "{[/formEditor/dataElementList],methods=[GET]}" onto public com.fline.form.vo.ResponseResult<java.util.List<com.fline.aic.db.vo.redis.DataElementVo>> com.fline.form.controller.FormEditorController.getDataElementList(java.lang.String)
[form-manager] 2020-02-14 12:31:49.206 < INFO> [main] RequestMappingHandlerMapping.register(543) | Mapped "{[/formEditor/packageList],methods=[GET]}" onto public com.fline.form.vo.ResponseResult<java.util.List<com.fline.aic.db.vo.redis.PackageVo>> com.fline.form.controller.FormEditorController.getPackageList(java.lang.String)
[form-manager] 2020-02-14 12:31:49.206 < INFO> [main] RequestMappingHandlerMapping.register(543) | Mapped "{[/formEditor/itemList],methods=[GET]}" onto public com.fline.form.vo.ResponseResult<java.util.List<com.fline.form.access.model.Item>> com.fline.form.controller.FormEditorController.findItemList(java.lang.Long,java.lang.String)
[form-manager] 2020-02-14 12:31:49.208 < INFO> [main] RequestMappingHandlerMapping.register(543) | Mapped "{[/formEditor/formProperty],methods=[GET]}" onto public com.fline.form.vo.ResponseResult<java.util.Map<java.lang.String, java.lang.Object>> com.fline.form.controller.FormEditorController.loadFormProperty(long)
[form-manager] 2020-02-14 12:31:49.208 < INFO> [main] RequestMappingHandlerMapping.register(543) | Mapped "{[/formEditor/situationList],methods=[GET]}" onto public com.fline.form.vo.ResponseResult<java.util.List<com.fline.form.access.model.Situation>> com.fline.form.controller.FormEditorController.findSituations(long)
[form-manager] 2020-02-14 12:31:49.208 < INFO> [main] RequestMappingHandlerMapping.register(543) | Mapped "{[/formEditor/formProperty],methods=[POST]}" onto public com.fline.form.vo.ResponseResult<?> com.fline.form.controller.FormEditorController.saveFormPageDef(com.fline.yztb.mgmt.service.impl.vo.FormPageParamVo,boolean)
[form-manager] 2020-02-14 12:31:49.209 < INFO> [main] RequestMappingHandlerMapping.register(543) | Mapped "{[/synchron/itemJob]}" onto public com.fline.form.vo.ResponseResult<java.lang.String> com.fline.form.controller.SynchronTaskController.synchronItemAddJob()
[form-manager] 2020-02-14 12:31:49.209 < INFO> [main] RequestMappingHandlerMapping.register(543) | Mapped "{[/synchron/itemUpdate]}" onto public com.fline.form.vo.ResponseResult<java.lang.String> com.fline.form.controller.SynchronTaskController.synchronItemUpdateJob()
[form-manager] 2020-02-14 12:31:49.210 < INFO> [main] RequestMappingHandlerMapping.register(543) | Mapped "{[/yztbProvider/getApplyTableList]}" onto public java.lang.String com.fline.form.controller.YztbProviderController.getApplyTableList(java.lang.String,java.lang.Integer,java.lang.Integer)
[form-manager] 2020-02-14 12:31:49.210 < INFO> [main] RequestMappingHandlerMapping.register(543) | Mapped "{[/yztbProvider/getItemsByItemCodeList]}" onto public java.lang.String com.fline.form.controller.YztbProviderController.getItemsByItemCodeList(java.lang.String,java.lang.Integer,java.lang.Integer)
[form-manager] 2020-02-14 12:31:49.210 < INFO> [main] RequestMappingHandlerMapping.register(543) | Mapped "{[/yztbProvider/getCertTempByCodeList]}" onto public java.lang.String com.fline.form.controller.YztbProviderController.getCertTempByCodeList(java.lang.String,java.lang.Integer,java.lang.Integer)
[form-manager] 2020-02-14 12:31:49.210 < INFO> [main] RequestMappingHandlerMapping.register(543) | Mapped "{[/yztbProvider/getTermsByItemCode]}" onto public java.lang.String com.fline.form.controller.YztbProviderController.getTermsByItemCode(java.lang.String,java.lang.String)
[form-manager] 2020-02-14 12:31:49.210 < INFO> [main] RequestMappingHandlerMapping.register(543) | Mapped "{[/yztbProvider/getItemList]}" onto public java.lang.String com.fline.form.controller.YztbProviderController.getItemList(java.lang.String,java.lang.Integer,java.lang.Integer)
[form-manager] 2020-02-14 12:31:49.252 < INFO> [main] RequestMappingHandlerAdapter.initControllerAdviceCache(534) | Looking for @ControllerAdvice: WebApplicationContext for namespace 'rest-servlet': startup date [Fri Feb 14 12:31:49 CST 2020]; parent: Root WebApplicationContext
[form-manager] 2020-02-14 12:31:49.265 < INFO> [main] RequestMappingHandlerAdapter.initControllerAdviceCache(534) | Looking for @ControllerAdvice: WebApplicationContext for namespace 'rest-servlet': startup date [Fri Feb 14 12:31:49 CST 2020]; parent: Root WebApplicationContext
[form-manager] 2020-02-14 12:31:49.309 < INFO> [main] DispatcherServlet.initServletBean(508) | FrameworkServlet 'rest': initialization completed in 175 ms
[form-manager] 2020-02-14 12:31:49.326 < INFO> [main] log.info(67) | Started SelectChannelConnector@0.0.0.0:8000
[form-manager] 2020-02-14 12:32:02.721 < INFO> [1197604192@qtp-93122545-6] JwtUtil.verify(43) | tokentoken
[form-manager] 2020-02-14 12:32:02.821 <DEBUG> [1215984149@qtp-93122545-7] I18nInterceptor.intercept(101) | Intercept '//securityCodeAction'
[form-manager] 2020-02-14 12:32:02.821 <DEBUG> [1215984149@qtp-93122545-7] I18nInterceptor.intercept(101) | Intercept '//securityCodeAction'
[form-manager] 2020-02-14 12:32:02.821 <DEBUG> [1215984149@qtp-93122545-7] I18nInterceptor.getLocaleHandler(146) | Using LocaleFinder implementation org.apache.struts2.interceptor.I18nInterceptor$SessionLocaleHandler
[form-manager] 2020-02-14 12:32:02.821 <DEBUG> [1215984149@qtp-93122545-7] I18nInterceptor.getLocaleHandler(146) | Using LocaleFinder implementation org.apache.struts2.interceptor.I18nInterceptor$SessionLocaleHandler
[form-manager] 2020-02-14 12:32:02.822 <DEBUG> [1215984149@qtp-93122545-7] I18nInterceptor.find(226) | Searching locale in request under parameter request_only_locale
[form-manager] 2020-02-14 12:32:02.822 <DEBUG> [1215984149@qtp-93122545-7] I18nInterceptor.find(226) | Searching locale in request under parameter request_only_locale
[form-manager] 2020-02-14 12:32:02.822 <DEBUG> [1215984149@qtp-93122545-7] I18nInterceptor.find(273) | Searching locale in request under parameter request_locale
[form-manager] 2020-02-14 12:32:02.822 <DEBUG> [1215984149@qtp-93122545-7] I18nInterceptor.find(273) | Searching locale in request under parameter request_locale
[form-manager] 2020-02-14 12:32:02.822 <DEBUG> [1215984149@qtp-93122545-7] I18nInterceptor.read(302) | Checks session for saved locale
[form-manager] 2020-02-14 12:32:02.822 <DEBUG> [1215984149@qtp-93122545-7] I18nInterceptor.read(302) | Checks session for saved locale
[form-manager] 2020-02-14 12:32:02.823 <DEBUG> [1215984149@qtp-93122545-7] I18nInterceptor.read(317) | No Locale defined in session, fetching from current request and it won't be stored in session!
[form-manager] 2020-02-14 12:32:02.823 <DEBUG> [1215984149@qtp-93122545-7] I18nInterceptor.read(317) | No Locale defined in session, fetching from current request and it won't be stored in session!
[form-manager] 2020-02-14 12:32:02.823 <DEBUG> [1215984149@qtp-93122545-7] I18nInterceptor.read(243) | Searching current Invocation context
[form-manager] 2020-02-14 12:32:02.823 <DEBUG> [1215984149@qtp-93122545-7] I18nInterceptor.read(243) | Searching current Invocation context
[form-manager] 2020-02-14 12:32:02.823 <DEBUG> [1215984149@qtp-93122545-7] I18nInterceptor.read(247) | Applied invocation context locale: zh_CN
[form-manager] 2020-02-14 12:32:02.823 <DEBUG> [1215984149@qtp-93122545-7] I18nInterceptor.read(247) | Applied invocation context locale: zh_CN
[form-manager] 2020-02-14 12:32:02.824 <DEBUG> [1215984149@qtp-93122545-7] I18nInterceptor.intercept(117) | Before action invocation Locale=zh_CN
[form-manager] 2020-02-14 12:32:02.824 <DEBUG> [1215984149@qtp-93122545-7] I18nInterceptor.intercept(117) | Before action invocation Locale=zh_CN
[form-manager] 2020-02-14 12:32:02.859 <DEBUG> [1215984149@qtp-93122545-7] FileUploadInterceptor.intercept(240) | Bypassing //securityCodeAction
[form-manager] 2020-02-14 12:32:02.859 <DEBUG> [1215984149@qtp-93122545-7] FileUploadInterceptor.intercept(240) | Bypassing //securityCodeAction
[form-manager] 2020-02-14 12:32:03.332 <DEBUG> [1215984149@qtp-93122545-7] I18nInterceptor.intercept(124) | After action invocation Locale=zh_CN
[form-manager] 2020-02-14 12:32:03.332 <DEBUG> [1215984149@qtp-93122545-7] I18nInterceptor.intercept(124) | After action invocation Locale=zh_CN
[form-manager] 2020-02-14 12:32:16.188 < INFO> [1215984149@qtp-93122545-7] JwtUtil.verify(43) | tokentoken
[form-manager] 2020-02-14 12:32:16.538 <DEBUG> [1215984149@qtp-93122545-7] I18nInterceptor.intercept(101) | Intercept '//securityCodeAction'
[form-manager] 2020-02-14 12:32:16.538 <DEBUG> [1215984149@qtp-93122545-7] I18nInterceptor.intercept(101) | Intercept '//securityCodeAction'
[form-manager] 2020-02-14 12:32:16.538 <DEBUG> [1215984149@qtp-93122545-7] I18nInterceptor.getLocaleHandler(146) | Using LocaleFinder implementation org.apache.struts2.interceptor.I18nInterceptor$SessionLocaleHandler
[form-manager] 2020-02-14 12:32:16.538 <DEBUG> [1215984149@qtp-93122545-7] I18nInterceptor.getLocaleHandler(146) | Using LocaleFinder implementation org.apache.struts2.interceptor.I18nInterceptor$SessionLocaleHandler
[form-manager] 2020-02-14 12:32:16.538 <DEBUG> [1215984149@qtp-93122545-7] I18nInterceptor.find(226) | Searching locale in request under parameter request_only_locale
[form-manager] 2020-02-14 12:32:16.538 <DEBUG> [1215984149@qtp-93122545-7] I18nInterceptor.find(226) | Searching locale in request under parameter request_only_locale
[form-manager] 2020-02-14 12:32:16.538 <DEBUG> [1215984149@qtp-93122545-7] I18nInterceptor.find(273) | Searching locale in request under parameter request_locale
[form-manager] 2020-02-14 12:32:16.538 <DEBUG> [1215984149@qtp-93122545-7] I18nInterceptor.find(273) | Searching locale in request under parameter request_locale
[form-manager] 2020-02-14 12:32:16.539 <DEBUG> [1215984149@qtp-93122545-7] I18nInterceptor.read(302) | Checks session for saved locale
[form-manager] 2020-02-14 12:32:16.539 <DEBUG> [1215984149@qtp-93122545-7] I18nInterceptor.read(302) | Checks session for saved locale
[form-manager] 2020-02-14 12:32:16.539 <DEBUG> [1215984149@qtp-93122545-7] I18nInterceptor.read(317) | No Locale defined in session, fetching from current request and it won't be stored in session!
[form-manager] 2020-02-14 12:32:16.539 <DEBUG> [1215984149@qtp-93122545-7] I18nInterceptor.read(317) | No Locale defined in session, fetching from current request and it won't be stored in session!
[form-manager] 2020-02-14 12:32:16.539 <DEBUG> [1215984149@qtp-93122545-7] I18nInterceptor.read(243) | Searching current Invocation context
[form-manager] 2020-02-14 12:32:16.539 <DEBUG> [1215984149@qtp-93122545-7] I18nInterceptor.read(243) | Searching current Invocation context
[form-manager] 2020-02-14 12:32:16.539 <DEBUG> [1215984149@qtp-93122545-7] I18nInterceptor.read(247) | Applied invocation context locale: zh_CN
[form-manager] 2020-02-14 12:32:16.539 <DEBUG> [1215984149@qtp-93122545-7] I18nInterceptor.read(247) | Applied invocation context locale: zh_CN
[form-manager] 2020-02-14 12:32:16.539 <DEBUG> [1215984149@qtp-93122545-7] I18nInterceptor.intercept(117) | Before action invocation Locale=zh_CN
[form-manager] 2020-02-14 12:32:16.539 <DEBUG> [1215984149@qtp-93122545-7] I18nInterceptor.intercept(117) | Before action invocation Locale=zh_CN
[form-manager] 2020-02-14 12:32:16.540 <DEBUG> [1215984149@qtp-93122545-7] FileUploadInterceptor.intercept(240) | Bypassing //securityCodeAction
[form-manager] 2020-02-14 12:32:16.540 <DEBUG> [1215984149@qtp-93122545-7] FileUploadInterceptor.intercept(240) | Bypassing //securityCodeAction
[form-manager] 2020-02-14 12:32:16.606 <DEBUG> [1215984149@qtp-93122545-7] I18nInterceptor.intercept(124) | After action invocation Locale=zh_CN
[form-manager] 2020-02-14 12:32:16.606 <DEBUG> [1215984149@qtp-93122545-7] I18nInterceptor.intercept(124) | After action invocation Locale=zh_CN
