[form] 2020-02-21 22:31:57.623 [INFO ] [main] com.fline.form.FormApplication -  - Starting FormApplication on Guo with PID 17068 (D:\workspace\form-yinchuan\form-server\target\classes started by 郭东洋 in D:\workspace\form-yinchuan)
[form] 2020-02-21 22:31:57.625 [INFO ] [main] com.fline.form.FormApplication -  - No active profile set, falling back to default profiles: default
[form] 2020-02-21 22:31:58.716 [INFO ] [main] org.apache.coyote.http11.Http11NioProtocol -  - Initializing ProtocolHandler ["http-nio-8000"]
[form] 2020-02-21 22:31:58.723 [INFO ] [main] org.apache.catalina.core.StandardService -  - Starting service [Tomcat]
[form] 2020-02-21 22:31:58.724 [INFO ] [main] org.apache.catalina.core.StandardEngine -  - Starting Servlet engine: [Apache Tomcat/9.0.22]
[form] 2020-02-21 22:31:58.729 [INFO ] [main] org.apache.catalina.core.AprLifecycleListener -  - An older version [1.2.14] of the APR based Apache Tomcat Native library is installed, while Tomcat recommends a minimum version of [1.2.23]
[form] 2020-02-21 22:31:58.729 [INFO ] [main] org.apache.catalina.core.AprLifecycleListener -  - Loaded APR based Apache Tomcat Native library [1.2.14] using APR version [1.6.2].
[form] 2020-02-21 22:31:58.729 [INFO ] [main] org.apache.catalina.core.AprLifecycleListener -  - APR capabilities: IPv6 [true], sendfile [true], accept filters [false], random [true].
[form] 2020-02-21 22:31:58.729 [INFO ] [main] org.apache.catalina.core.AprLifecycleListener -  - APR/OpenSSL configuration: useAprConnector [false], useOpenSSL [true]
[form] 2020-02-21 22:31:59.800 [INFO ] [main] org.apache.catalina.core.AprLifecycleListener -  - OpenSSL successfully initialized [OpenSSL 1.0.2l  25 May 2017]
[form] 2020-02-21 22:31:59.909 [INFO ] [main] org.apache.catalina.core.ContainerBase.[Tomcat].[localhost].[/formCenter] -  - Initializing Spring embedded WebApplicationContext
[form] 2020-02-21 22:31:59.992 [INFO ] [main] com.fline.fdp.client.AbstractSpringRMIClient -  - TEMP FILE PATH:D:\workspace\form-yinchuan\.\tmp.fdp.context.xml
[form] 2020-02-21 22:32:00.034 [INFO ] [main] com.fline.fdp.client.AbstractSpringRMIClient -  - TEMP FILE PATH:D:\workspace\form-yinchuan\.\tmp.fdp.context.xml
[form] 2020-02-21 22:32:02.692 [WARN ] [main] org.springframework.boot.web.servlet.context.AnnotationConfigServletWebServerApplicationContext -  - Exception encountered during context initialization - cancelling refresh attempt: org.springframework.beans.factory.UnsatisfiedDependencyException: Error creating bean with name 'formController': Unsatisfied dependency expressed through field 'formMgmtService'; nested exception is org.springframework.beans.factory.BeanCreationException: Error creating bean with name 'formMgmtServiceImpl': Injection of autowired dependencies failed; nested exception is java.lang.IllegalArgumentException: Could not resolve placeholder 'yinchuan.serverUrl' in value "${yinchuan.serverUrl}"
[form] 2020-02-21 22:32:02.694 [INFO ] [main] org.apache.catalina.core.StandardService -  - Stopping service [Tomcat]
[form] 2020-02-21 22:32:02.817 [ERROR] [main] org.springframework.boot.SpringApplication -  - Application run failed
org.springframework.beans.factory.UnsatisfiedDependencyException: Error creating bean with name 'formController': Unsatisfied dependency expressed through field 'formMgmtService'; nested exception is org.springframework.beans.factory.BeanCreationException: Error creating bean with name 'formMgmtServiceImpl': Injection of autowired dependencies failed; nested exception is java.lang.IllegalArgumentException: Could not resolve placeholder 'yinchuan.serverUrl' in value "${yinchuan.serverUrl}"
	at org.springframework.beans.factory.annotation.AutowiredAnnotationBeanPostProcessor$AutowiredFieldElement.inject(AutowiredAnnotationBeanPostProcessor.java:596)
	at org.springframework.beans.factory.annotation.InjectionMetadata.inject(InjectionMetadata.java:90)
	at org.springframework.beans.factory.annotation.AutowiredAnnotationBeanPostProcessor.postProcessProperties(AutowiredAnnotationBeanPostProcessor.java:374)
	at org.springframework.beans.factory.support.AbstractAutowireCapableBeanFactory.populateBean(AbstractAutowireCapableBeanFactory.java:1411)
	at org.springframework.beans.factory.support.AbstractAutowireCapableBeanFactory.doCreateBean(AbstractAutowireCapableBeanFactory.java:592)
	at org.springframework.beans.factory.support.AbstractAutowireCapableBeanFactory.createBean(AbstractAutowireCapableBeanFactory.java:515)
	at org.springframework.beans.factory.support.AbstractBeanFactory.lambda$doGetBean$0(AbstractBeanFactory.java:320)
	at org.springframework.beans.factory.support.DefaultSingletonBeanRegistry.getSingleton(DefaultSingletonBeanRegistry.java:222)
	at org.springframework.beans.factory.support.AbstractBeanFactory.doGetBean(AbstractBeanFactory.java:318)
	at org.springframework.beans.factory.support.AbstractBeanFactory.getBean(AbstractBeanFactory.java:199)
	at org.springframework.beans.factory.support.DefaultListableBeanFactory.preInstantiateSingletons(DefaultListableBeanFactory.java:845)
	at org.springframework.context.support.AbstractApplicationContext.finishBeanFactoryInitialization(AbstractApplicationContext.java:877)
	at org.springframework.context.support.AbstractApplicationContext.refresh(AbstractApplicationContext.java:549)
	at org.springframework.boot.web.servlet.context.ServletWebServerApplicationContext.refresh(ServletWebServerApplicationContext.java:141)
	at org.springframework.boot.SpringApplication.refresh(SpringApplication.java:743)
	at org.springframework.boot.SpringApplication.refreshContext(SpringApplication.java:390)
	at org.springframework.boot.SpringApplication.run(SpringApplication.java:312)
	at org.springframework.boot.SpringApplication.run(SpringApplication.java:1214)
	at org.springframework.boot.SpringApplication.run(SpringApplication.java:1203)
	at com.fline.form.FormApplication.main(FormApplication.java:14)
Caused by: org.springframework.beans.factory.BeanCreationException: Error creating bean with name 'formMgmtServiceImpl': Injection of autowired dependencies failed; nested exception is java.lang.IllegalArgumentException: Could not resolve placeholder 'yinchuan.serverUrl' in value "${yinchuan.serverUrl}"
	at org.springframework.beans.factory.annotation.AutowiredAnnotationBeanPostProcessor.postProcessProperties(AutowiredAnnotationBeanPostProcessor.java:380)
	at org.springframework.beans.factory.support.AbstractAutowireCapableBeanFactory.populateBean(AbstractAutowireCapableBeanFactory.java:1411)
	at org.springframework.beans.factory.support.AbstractAutowireCapableBeanFactory.doCreateBean(AbstractAutowireCapableBeanFactory.java:592)
	at org.springframework.beans.factory.support.AbstractAutowireCapableBeanFactory.createBean(AbstractAutowireCapableBeanFactory.java:515)
	at org.springframework.beans.factory.support.AbstractBeanFactory.lambda$doGetBean$0(AbstractBeanFactory.java:320)
	at org.springframework.beans.factory.support.DefaultSingletonBeanRegistry.getSingleton(DefaultSingletonBeanRegistry.java:222)
	at org.springframework.beans.factory.support.AbstractBeanFactory.doGetBean(AbstractBeanFactory.java:318)
	at org.springframework.beans.factory.support.AbstractBeanFactory.getBean(AbstractBeanFactory.java:199)
	at org.springframework.beans.factory.config.DependencyDescriptor.resolveCandidate(DependencyDescriptor.java:277)
	at org.springframework.beans.factory.support.DefaultListableBeanFactory.doResolveDependency(DefaultListableBeanFactory.java:1251)
	at org.springframework.beans.factory.support.DefaultListableBeanFactory.resolveDependency(DefaultListableBeanFactory.java:1171)
	at org.springframework.beans.factory.annotation.AutowiredAnnotationBeanPostProcessor$AutowiredFieldElement.inject(AutowiredAnnotationBeanPostProcessor.java:593)
	... 19 common frames omitted
Caused by: java.lang.IllegalArgumentException: Could not resolve placeholder 'yinchuan.serverUrl' in value "${yinchuan.serverUrl}"
	at org.springframework.util.PropertyPlaceholderHelper.parseStringValue(PropertyPlaceholderHelper.java:178)
	at org.springframework.util.PropertyPlaceholderHelper.replacePlaceholders(PropertyPlaceholderHelper.java:124)
	at org.springframework.core.env.AbstractPropertyResolver.doResolvePlaceholders(AbstractPropertyResolver.java:237)
	at org.springframework.core.env.AbstractPropertyResolver.resolveRequiredPlaceholders(AbstractPropertyResolver.java:211)
	at org.springframework.context.support.PropertySourcesPlaceholderConfigurer.lambda$processProperties$0(PropertySourcesPlaceholderConfigurer.java:175)
	at org.springframework.beans.factory.support.AbstractBeanFactory.resolveEmbeddedValue(AbstractBeanFactory.java:851)
	at org.springframework.beans.factory.support.DefaultListableBeanFactory.doResolveDependency(DefaultListableBeanFactory.java:1192)
	at org.springframework.beans.factory.support.DefaultListableBeanFactory.resolveDependency(DefaultListableBeanFactory.java:1171)
	at org.springframework.beans.factory.annotation.AutowiredAnnotationBeanPostProcessor$AutowiredFieldElement.inject(AutowiredAnnotationBeanPostProcessor.java:593)
	at org.springframework.beans.factory.annotation.InjectionMetadata.inject(InjectionMetadata.java:90)
	at org.springframework.beans.factory.annotation.AutowiredAnnotationBeanPostProcessor.postProcessProperties(AutowiredAnnotationBeanPostProcessor.java:374)
	... 30 common frames omitted
[form] 2020-02-21 22:32:18.134 [INFO ] [main] com.fline.form.FormApplication -  - Starting FormApplication on Guo with PID 11404 (D:\workspace\form-yinchuan\form-server\target\classes started by 郭东洋 in D:\workspace\form-yinchuan)
[form] 2020-02-21 22:32:18.135 [INFO ] [main] com.fline.form.FormApplication -  - No active profile set, falling back to default profiles: default
[form] 2020-02-21 22:32:19.078 [INFO ] [main] org.apache.coyote.http11.Http11NioProtocol -  - Initializing ProtocolHandler ["http-nio-8000"]
[form] 2020-02-21 22:32:19.084 [INFO ] [main] org.apache.catalina.core.StandardService -  - Starting service [Tomcat]
[form] 2020-02-21 22:32:19.084 [INFO ] [main] org.apache.catalina.core.StandardEngine -  - Starting Servlet engine: [Apache Tomcat/9.0.22]
[form] 2020-02-21 22:32:19.089 [INFO ] [main] org.apache.catalina.core.AprLifecycleListener -  - An older version [1.2.14] of the APR based Apache Tomcat Native library is installed, while Tomcat recommends a minimum version of [1.2.23]
[form] 2020-02-21 22:32:19.089 [INFO ] [main] org.apache.catalina.core.AprLifecycleListener -  - Loaded APR based Apache Tomcat Native library [1.2.14] using APR version [1.6.2].
[form] 2020-02-21 22:32:19.089 [INFO ] [main] org.apache.catalina.core.AprLifecycleListener -  - APR capabilities: IPv6 [true], sendfile [true], accept filters [false], random [true].
[form] 2020-02-21 22:32:19.089 [INFO ] [main] org.apache.catalina.core.AprLifecycleListener -  - APR/OpenSSL configuration: useAprConnector [false], useOpenSSL [true]
[form] 2020-02-21 22:32:20.131 [INFO ] [main] org.apache.catalina.core.AprLifecycleListener -  - OpenSSL successfully initialized [OpenSSL 1.0.2l  25 May 2017]
[form] 2020-02-21 22:32:20.209 [INFO ] [main] org.apache.catalina.core.ContainerBase.[Tomcat].[localhost].[/formCenter] -  - Initializing Spring embedded WebApplicationContext
[form] 2020-02-21 22:32:20.279 [INFO ] [main] com.fline.fdp.client.AbstractSpringRMIClient -  - TEMP FILE PATH:D:\workspace\form-yinchuan\.\tmp.fdp.context.xml
[form] 2020-02-21 22:32:20.311 [INFO ] [main] com.fline.fdp.client.AbstractSpringRMIClient -  - TEMP FILE PATH:D:\workspace\form-yinchuan\.\tmp.fdp.context.xml
[form] 2020-02-21 22:32:21.838 [WARN ] [main] org.springframework.boot.web.servlet.context.AnnotationConfigServletWebServerApplicationContext -  - Exception encountered during context initialization - cancelling refresh attempt: org.springframework.beans.factory.UnsatisfiedDependencyException: Error creating bean with name 'formController': Unsatisfied dependency expressed through field 'formMgmtService'; nested exception is org.springframework.beans.factory.BeanCreationException: Error creating bean with name 'formMgmtServiceImpl': Injection of autowired dependencies failed; nested exception is java.lang.IllegalArgumentException: Could not resolve placeholder 'yinchuan.serverUrl' in value "${yinchuan.serverUrl}"
[form] 2020-02-21 22:32:21.839 [INFO ] [main] org.apache.catalina.core.StandardService -  - Stopping service [Tomcat]
[form] 2020-02-21 22:32:21.851 [ERROR] [main] org.springframework.boot.SpringApplication -  - Application run failed
org.springframework.beans.factory.UnsatisfiedDependencyException: Error creating bean with name 'formController': Unsatisfied dependency expressed through field 'formMgmtService'; nested exception is org.springframework.beans.factory.BeanCreationException: Error creating bean with name 'formMgmtServiceImpl': Injection of autowired dependencies failed; nested exception is java.lang.IllegalArgumentException: Could not resolve placeholder 'yinchuan.serverUrl' in value "${yinchuan.serverUrl}"
	at org.springframework.beans.factory.annotation.AutowiredAnnotationBeanPostProcessor$AutowiredFieldElement.inject(AutowiredAnnotationBeanPostProcessor.java:596)
	at org.springframework.beans.factory.annotation.InjectionMetadata.inject(InjectionMetadata.java:90)
	at org.springframework.beans.factory.annotation.AutowiredAnnotationBeanPostProcessor.postProcessProperties(AutowiredAnnotationBeanPostProcessor.java:374)
	at org.springframework.beans.factory.support.AbstractAutowireCapableBeanFactory.populateBean(AbstractAutowireCapableBeanFactory.java:1411)
	at org.springframework.beans.factory.support.AbstractAutowireCapableBeanFactory.doCreateBean(AbstractAutowireCapableBeanFactory.java:592)
	at org.springframework.beans.factory.support.AbstractAutowireCapableBeanFactory.createBean(AbstractAutowireCapableBeanFactory.java:515)
	at org.springframework.beans.factory.support.AbstractBeanFactory.lambda$doGetBean$0(AbstractBeanFactory.java:320)
	at org.springframework.beans.factory.support.DefaultSingletonBeanRegistry.getSingleton(DefaultSingletonBeanRegistry.java:222)
	at org.springframework.beans.factory.support.AbstractBeanFactory.doGetBean(AbstractBeanFactory.java:318)
	at org.springframework.beans.factory.support.AbstractBeanFactory.getBean(AbstractBeanFactory.java:199)
	at org.springframework.beans.factory.support.DefaultListableBeanFactory.preInstantiateSingletons(DefaultListableBeanFactory.java:845)
	at org.springframework.context.support.AbstractApplicationContext.finishBeanFactoryInitialization(AbstractApplicationContext.java:877)
	at org.springframework.context.support.AbstractApplicationContext.refresh(AbstractApplicationContext.java:549)
	at org.springframework.boot.web.servlet.context.ServletWebServerApplicationContext.refresh(ServletWebServerApplicationContext.java:141)
	at org.springframework.boot.SpringApplication.refresh(SpringApplication.java:743)
	at org.springframework.boot.SpringApplication.refreshContext(SpringApplication.java:390)
	at org.springframework.boot.SpringApplication.run(SpringApplication.java:312)
	at org.springframework.boot.SpringApplication.run(SpringApplication.java:1214)
	at org.springframework.boot.SpringApplication.run(SpringApplication.java:1203)
	at com.fline.form.FormApplication.main(FormApplication.java:14)
Caused by: org.springframework.beans.factory.BeanCreationException: Error creating bean with name 'formMgmtServiceImpl': Injection of autowired dependencies failed; nested exception is java.lang.IllegalArgumentException: Could not resolve placeholder 'yinchuan.serverUrl' in value "${yinchuan.serverUrl}"
	at org.springframework.beans.factory.annotation.AutowiredAnnotationBeanPostProcessor.postProcessProperties(AutowiredAnnotationBeanPostProcessor.java:380)
	at org.springframework.beans.factory.support.AbstractAutowireCapableBeanFactory.populateBean(AbstractAutowireCapableBeanFactory.java:1411)
	at org.springframework.beans.factory.support.AbstractAutowireCapableBeanFactory.doCreateBean(AbstractAutowireCapableBeanFactory.java:592)
	at org.springframework.beans.factory.support.AbstractAutowireCapableBeanFactory.createBean(AbstractAutowireCapableBeanFactory.java:515)
	at org.springframework.beans.factory.support.AbstractBeanFactory.lambda$doGetBean$0(AbstractBeanFactory.java:320)
	at org.springframework.beans.factory.support.DefaultSingletonBeanRegistry.getSingleton(DefaultSingletonBeanRegistry.java:222)
	at org.springframework.beans.factory.support.AbstractBeanFactory.doGetBean(AbstractBeanFactory.java:318)
	at org.springframework.beans.factory.support.AbstractBeanFactory.getBean(AbstractBeanFactory.java:199)
	at org.springframework.beans.factory.config.DependencyDescriptor.resolveCandidate(DependencyDescriptor.java:277)
	at org.springframework.beans.factory.support.DefaultListableBeanFactory.doResolveDependency(DefaultListableBeanFactory.java:1251)
	at org.springframework.beans.factory.support.DefaultListableBeanFactory.resolveDependency(DefaultListableBeanFactory.java:1171)
	at org.springframework.beans.factory.annotation.AutowiredAnnotationBeanPostProcessor$AutowiredFieldElement.inject(AutowiredAnnotationBeanPostProcessor.java:593)
	... 19 common frames omitted
Caused by: java.lang.IllegalArgumentException: Could not resolve placeholder 'yinchuan.serverUrl' in value "${yinchuan.serverUrl}"
	at org.springframework.util.PropertyPlaceholderHelper.parseStringValue(PropertyPlaceholderHelper.java:178)
	at org.springframework.util.PropertyPlaceholderHelper.replacePlaceholders(PropertyPlaceholderHelper.java:124)
	at org.springframework.core.env.AbstractPropertyResolver.doResolvePlaceholders(AbstractPropertyResolver.java:237)
	at org.springframework.core.env.AbstractPropertyResolver.resolveRequiredPlaceholders(AbstractPropertyResolver.java:211)
	at org.springframework.context.support.PropertySourcesPlaceholderConfigurer.lambda$processProperties$0(PropertySourcesPlaceholderConfigurer.java:175)
	at org.springframework.beans.factory.support.AbstractBeanFactory.resolveEmbeddedValue(AbstractBeanFactory.java:851)
	at org.springframework.beans.factory.support.DefaultListableBeanFactory.doResolveDependency(DefaultListableBeanFactory.java:1192)
	at org.springframework.beans.factory.support.DefaultListableBeanFactory.resolveDependency(DefaultListableBeanFactory.java:1171)
	at org.springframework.beans.factory.annotation.AutowiredAnnotationBeanPostProcessor$AutowiredFieldElement.inject(AutowiredAnnotationBeanPostProcessor.java:593)
	at org.springframework.beans.factory.annotation.InjectionMetadata.inject(InjectionMetadata.java:90)
	at org.springframework.beans.factory.annotation.AutowiredAnnotationBeanPostProcessor.postProcessProperties(AutowiredAnnotationBeanPostProcessor.java:374)
	... 30 common frames omitted
[form] 2020-02-21 22:33:41.056 [INFO ] [main] com.fline.form.FormApplication -  - Starting FormApplication on Guo with PID 19748 (D:\workspace\form-yinchuan\form-server\target\classes started by 郭东洋 in D:\workspace\form-yinchuan)
[form] 2020-02-21 22:33:41.057 [INFO ] [main] com.fline.form.FormApplication -  - No active profile set, falling back to default profiles: default
[form] 2020-02-21 22:33:41.995 [INFO ] [main] org.apache.coyote.http11.Http11NioProtocol -  - Initializing ProtocolHandler ["http-nio-8000"]
[form] 2020-02-21 22:33:42.001 [INFO ] [main] org.apache.catalina.core.StandardService -  - Starting service [Tomcat]
[form] 2020-02-21 22:33:42.001 [INFO ] [main] org.apache.catalina.core.StandardEngine -  - Starting Servlet engine: [Apache Tomcat/9.0.22]
[form] 2020-02-21 22:33:42.005 [INFO ] [main] org.apache.catalina.core.AprLifecycleListener -  - An older version [1.2.14] of the APR based Apache Tomcat Native library is installed, while Tomcat recommends a minimum version of [1.2.23]
[form] 2020-02-21 22:33:42.005 [INFO ] [main] org.apache.catalina.core.AprLifecycleListener -  - Loaded APR based Apache Tomcat Native library [1.2.14] using APR version [1.6.2].
[form] 2020-02-21 22:33:42.005 [INFO ] [main] org.apache.catalina.core.AprLifecycleListener -  - APR capabilities: IPv6 [true], sendfile [true], accept filters [false], random [true].
[form] 2020-02-21 22:33:42.006 [INFO ] [main] org.apache.catalina.core.AprLifecycleListener -  - APR/OpenSSL configuration: useAprConnector [false], useOpenSSL [true]
[form] 2020-02-21 22:33:43.054 [INFO ] [main] org.apache.catalina.core.AprLifecycleListener -  - OpenSSL successfully initialized [OpenSSL 1.0.2l  25 May 2017]
[form] 2020-02-21 22:33:43.124 [INFO ] [main] org.apache.catalina.core.ContainerBase.[Tomcat].[localhost].[/formCenter] -  - Initializing Spring embedded WebApplicationContext
[form] 2020-02-21 22:33:43.183 [INFO ] [main] com.fline.fdp.client.AbstractSpringRMIClient -  - TEMP FILE PATH:D:\workspace\form-yinchuan\.\tmp.fdp.context.xml
[form] 2020-02-21 22:33:43.215 [INFO ] [main] com.fline.fdp.client.AbstractSpringRMIClient -  - TEMP FILE PATH:D:\workspace\form-yinchuan\.\tmp.fdp.context.xml
[form] 2020-02-21 22:33:44.979 [INFO ] [main] org.apache.coyote.http11.Http11NioProtocol -  - Starting ProtocolHandler ["http-nio-8000"]
[form] 2020-02-21 22:33:45.006 [INFO ] [main] org.apache.catalina.core.ContainerBase.[Tomcat].[localhost].[/formCenter] -  - Initializing Spring DispatcherServlet 'dispatcherServlet'
[form] 2020-02-21 22:33:45.012 [INFO ] [main] com.fline.form.FormApplication -  - Started FormApplication in 4.252 seconds (JVM running for 5.33)
[form] 2020-02-21 22:38:35.516 [INFO ] [http-nio-8000-exec-3] com.fline.form.interceptor.FormBizInterceptor -  - request uri:/formCenter/rest/form/createFormById/item/db9da0b3-35f9-4374-85d4-279a249940f1/1, parameter:{}
[form] 2020-02-21 22:38:35.536 [ERROR] [http-nio-8000-exec-3] com.fline.form.handler.GlobalExceptionHandler -  - Required String parameter 'idNum' is not present
org.springframework.web.bind.MissingServletRequestParameterException: Required String parameter 'idNum' is not present
	at org.springframework.web.method.annotation.RequestParamMethodArgumentResolver.handleMissingValue(RequestParamMethodArgumentResolver.java:202)
	at org.springframework.web.method.annotation.AbstractNamedValueMethodArgumentResolver.resolveArgument(AbstractNamedValueMethodArgumentResolver.java:113)
	at org.springframework.web.method.support.HandlerMethodArgumentResolverComposite.resolveArgument(HandlerMethodArgumentResolverComposite.java:127)
	at org.springframework.web.method.support.InvocableHandlerMethod.getMethodArgumentValues(InvocableHandlerMethod.java:167)
	at org.springframework.web.method.support.InvocableHandlerMethod.invokeForRequest(InvocableHandlerMethod.java:134)
	at org.springframework.web.servlet.mvc.method.annotation.ServletInvocableHandlerMethod.invokeAndHandle(ServletInvocableHandlerMethod.java:104)
	at org.springframework.web.servlet.mvc.method.annotation.RequestMappingHandlerAdapter.invokeHandlerMethod(RequestMappingHandlerAdapter.java:892)
	at org.springframework.web.servlet.mvc.method.annotation.RequestMappingHandlerAdapter.handleInternal(RequestMappingHandlerAdapter.java:797)
	at org.springframework.web.servlet.mvc.method.AbstractHandlerMethodAdapter.handle(AbstractHandlerMethodAdapter.java:87)
	at org.springframework.web.servlet.DispatcherServlet.doDispatch(DispatcherServlet.java:1039)
	at org.springframework.web.servlet.DispatcherServlet.doService(DispatcherServlet.java:942)
	at org.springframework.web.servlet.FrameworkServlet.processRequest(FrameworkServlet.java:1005)
	at org.springframework.web.servlet.FrameworkServlet.doPost(FrameworkServlet.java:908)
	at javax.servlet.http.HttpServlet.service(HttpServlet.java:660)
	at org.springframework.web.servlet.FrameworkServlet.service(FrameworkServlet.java:882)
	at javax.servlet.http.HttpServlet.service(HttpServlet.java:741)
	at org.apache.catalina.core.ApplicationFilterChain.internalDoFilter(ApplicationFilterChain.java:231)
	at org.apache.catalina.core.ApplicationFilterChain.doFilter(ApplicationFilterChain.java:166)
	at org.apache.tomcat.websocket.server.WsFilter.doFilter(WsFilter.java:53)
	at org.apache.catalina.core.ApplicationFilterChain.internalDoFilter(ApplicationFilterChain.java:193)
	at org.apache.catalina.core.ApplicationFilterChain.doFilter(ApplicationFilterChain.java:166)
	at com.alipay.atgbusmng.api.filter.http.AtgBusSignFilter.doFilter(AtgBusSignFilter.java:52)
	at com.fline.form.filter.AtgBusSignAdapterFilter.doFilter(AtgBusSignAdapterFilter.java:23)
	at org.apache.catalina.core.ApplicationFilterChain.internalDoFilter(ApplicationFilterChain.java:193)
	at org.apache.catalina.core.ApplicationFilterChain.doFilter(ApplicationFilterChain.java:166)
	at org.springframework.web.filter.RequestContextFilter.doFilterInternal(RequestContextFilter.java:99)
	at org.springframework.web.filter.OncePerRequestFilter.doFilter(OncePerRequestFilter.java:118)
	at org.apache.catalina.core.ApplicationFilterChain.internalDoFilter(ApplicationFilterChain.java:193)
	at org.apache.catalina.core.ApplicationFilterChain.doFilter(ApplicationFilterChain.java:166)
	at org.springframework.web.filter.FormContentFilter.doFilterInternal(FormContentFilter.java:92)
	at org.springframework.web.filter.OncePerRequestFilter.doFilter(OncePerRequestFilter.java:118)
	at org.apache.catalina.core.ApplicationFilterChain.internalDoFilter(ApplicationFilterChain.java:193)
	at org.apache.catalina.core.ApplicationFilterChain.doFilter(ApplicationFilterChain.java:166)
	at org.springframework.web.filter.HiddenHttpMethodFilter.doFilterInternal(HiddenHttpMethodFilter.java:93)
	at org.springframework.web.filter.OncePerRequestFilter.doFilter(OncePerRequestFilter.java:118)
	at org.apache.catalina.core.ApplicationFilterChain.internalDoFilter(ApplicationFilterChain.java:193)
	at org.apache.catalina.core.ApplicationFilterChain.doFilter(ApplicationFilterChain.java:166)
	at org.springframework.web.filter.CharacterEncodingFilter.doFilterInternal(CharacterEncodingFilter.java:200)
	at org.springframework.web.filter.OncePerRequestFilter.doFilter(OncePerRequestFilter.java:118)
	at org.apache.catalina.core.ApplicationFilterChain.internalDoFilter(ApplicationFilterChain.java:193)
	at org.apache.catalina.core.ApplicationFilterChain.doFilter(ApplicationFilterChain.java:166)
	at org.apache.catalina.core.StandardWrapperValve.invoke(StandardWrapperValve.java:202)
	at org.apache.catalina.core.StandardContextValve.invoke(StandardContextValve.java:96)
	at org.apache.catalina.authenticator.AuthenticatorBase.invoke(AuthenticatorBase.java:490)
	at org.apache.catalina.core.StandardHostValve.invoke(StandardHostValve.java:139)
	at org.apache.catalina.valves.ErrorReportValve.invoke(ErrorReportValve.java:92)
	at org.apache.catalina.core.StandardEngineValve.invoke(StandardEngineValve.java:74)
	at org.apache.catalina.connector.CoyoteAdapter.service(CoyoteAdapter.java:343)
	at org.apache.coyote.http11.Http11Processor.service(Http11Processor.java:408)
	at org.apache.coyote.AbstractProcessorLight.process(AbstractProcessorLight.java:66)
	at org.apache.coyote.AbstractProtocol$ConnectionHandler.process(AbstractProtocol.java:853)
	at org.apache.tomcat.util.net.NioEndpoint$SocketProcessor.doRun(NioEndpoint.java:1587)
	at org.apache.tomcat.util.net.SocketProcessorBase.run(SocketProcessorBase.java:49)
	at java.util.concurrent.ThreadPoolExecutor.runWorker(ThreadPoolExecutor.java:1142)
	at java.util.concurrent.ThreadPoolExecutor$Worker.run(ThreadPoolExecutor.java:617)
	at org.apache.tomcat.util.threads.TaskThread$WrappingRunnable.run(TaskThread.java:61)
	at java.lang.Thread.run(Thread.java:748)
[form] 2020-02-21 22:38:35.591 [INFO ] [http-nio-8000-exec-3] com.fline.form.mgmt.service.impl.FormInfoContext -  - removeFormInfoContext
[form] 2020-02-21 22:39:36.844 [INFO ] [http-nio-8000-exec-9] com.fline.form.interceptor.FormBizInterceptor -  - request uri:/formCenter/rest/form/createFormById/item/db9da0b3-35f9-4374-85d4-279a249940f1/1, parameter:{"idNum":["111111111111111"]}
[form] 2020-02-21 22:39:37.223 [INFO ] [http-nio-8000-exec-9] com.fline.form.mgmt.service.impl.FormMgmtServiceImpl -  - 获取到用户信息：{"code":1,"msg":"参数校验序列比对失败","data":null}
[form] 2020-02-21 22:39:37.231 [INFO ] [http-nio-8000-exec-9] com.fline.form.mgmt.service.impl.FormInfoContext -  - removeFormInfoContext
[form] 2020-02-21 23:59:22.735 [INFO ] [http-nio-8000-exec-7] com.fline.form.interceptor.FormBizInterceptor -  - request uri:/formCenter/rest/form/createFormById/item/db9da0b3-35f9-4374-85d4-279a249940f1/1, parameter:{"idNum":["92640103MA764Q45J"]}
[form] 2020-02-21 23:59:23.029 [INFO ] [http-nio-8000-exec-7] com.fline.form.mgmt.service.impl.FormMgmtServiceImpl -  - 获取到用户信息：{"code":1,"msg":"没有查到用户信息","data":null}
[form] 2020-02-21 23:59:23.032 [INFO ] [http-nio-8000-exec-7] com.fline.form.mgmt.service.impl.FormInfoContext -  - removeFormInfoContext
