[form] 2020-02-24 11:13:50.654 [INFO ] [main] com.fline.form.FormApplication -  - Starting FormApplication on Guo with PID 16528 (D:\workspace\form-yinchuan\form-server\target\classes started by 郭东洋 in D:\workspace\form-yinchuan)
[form] 2020-02-24 11:13:50.655 [INFO ] [main] com.fline.form.FormApplication -  - No active profile set, falling back to default profiles: default
[form] 2020-02-24 11:13:50.959 [WARN ] [main] org.springframework.boot.web.servlet.context.AnnotationConfigServletWebServerApplicationContext -  - Exception encountered during context initialization - cancelling refresh attempt: org.springframework.beans.factory.BeanDefinitionStoreException: Failed to process import candidates for configuration class [com.fline.form.FormApplication]; nested exception is java.lang.NoSuchMethodError: org.springframework.boot.context.properties.bind.BindResult.orElseCreate(Ljava/lang/Class;)Ljava/lang/Object;
[form] 2020-02-24 11:13:50.972 [ERROR] [main] org.springframework.boot.diagnostics.LoggingFailureAnalysisReporter -  - 

***************************
APPLICATION FAILED TO START
***************************

Description:

An attempt was made to call a method that does not exist. The attempt was made from the following location:

    org.springframework.boot.autoconfigure.template.PathBasedTemplateAvailabilityProvider.isTemplateAvailable(PathBasedTemplateAvailabilityProvider.java:60)

The following method did not exist:

    org.springframework.boot.context.properties.bind.BindResult.orElseCreate(Ljava/lang/Class;)Ljava/lang/Object;

The method's class, org.springframework.boot.context.properties.bind.BindResult, is available from the following locations:

    jar:file:/G:/flinemaven/org/springframework/boot/spring-boot/2.3.0.M2/spring-boot-2.3.0.M2.jar!/org/springframework/boot/context/properties/bind/BindResult.class

It was loaded from the following location:

    file:/G:/flinemaven/org/springframework/boot/spring-boot/2.3.0.M2/spring-boot-2.3.0.M2.jar


Action:

Correct the classpath of your application so that it contains a single, compatible version of org.springframework.boot.context.properties.bind.BindResult

[form] 2020-02-24 11:14:04.198 [INFO ] [main] com.fline.form.FormApplication -  - Starting FormApplication on Guo with PID 13880 (D:\workspace\form-yinchuan\form-server\target\classes started by 郭东洋 in D:\workspace\form-yinchuan)
[form] 2020-02-24 11:14:04.200 [INFO ] [main] com.fline.form.FormApplication -  - No active profile set, falling back to default profiles: default
[form] 2020-02-24 11:14:04.510 [WARN ] [main] org.springframework.boot.web.servlet.context.AnnotationConfigServletWebServerApplicationContext -  - Exception encountered during context initialization - cancelling refresh attempt: org.springframework.beans.factory.BeanDefinitionStoreException: Failed to process import candidates for configuration class [com.fline.form.FormApplication]; nested exception is java.lang.NoSuchMethodError: org.springframework.boot.context.properties.bind.BindResult.orElseCreate(Ljava/lang/Class;)Ljava/lang/Object;
[form] 2020-02-24 11:14:04.520 [ERROR] [main] org.springframework.boot.diagnostics.LoggingFailureAnalysisReporter -  - 

***************************
APPLICATION FAILED TO START
***************************

Description:

An attempt was made to call a method that does not exist. The attempt was made from the following location:

    org.springframework.boot.autoconfigure.template.PathBasedTemplateAvailabilityProvider.isTemplateAvailable(PathBasedTemplateAvailabilityProvider.java:60)

The following method did not exist:

    org.springframework.boot.context.properties.bind.BindResult.orElseCreate(Ljava/lang/Class;)Ljava/lang/Object;

The method's class, org.springframework.boot.context.properties.bind.BindResult, is available from the following locations:

    jar:file:/G:/flinemaven/org/springframework/boot/spring-boot/2.3.0.M2/spring-boot-2.3.0.M2.jar!/org/springframework/boot/context/properties/bind/BindResult.class

It was loaded from the following location:

    file:/G:/flinemaven/org/springframework/boot/spring-boot/2.3.0.M2/spring-boot-2.3.0.M2.jar


Action:

Correct the classpath of your application so that it contains a single, compatible version of org.springframework.boot.context.properties.bind.BindResult

[form] 2020-02-24 11:25:54.780 [INFO ] [main] com.fline.form.FormApplication -  - Starting FormApplication on Guo with PID 20280 (D:\workspace\form-yinchuan\form-server\target\classes started by 郭东洋 in D:\workspace\form-yinchuan)
[form] 2020-02-24 11:25:54.781 [INFO ] [main] com.fline.form.FormApplication -  - No active profile set, falling back to default profiles: default
[form] 2020-02-24 11:25:55.072 [WARN ] [main] org.springframework.boot.web.servlet.context.AnnotationConfigServletWebServerApplicationContext -  - Exception encountered during context initialization - cancelling refresh attempt: org.springframework.beans.factory.BeanDefinitionStoreException: Failed to process import candidates for configuration class [com.fline.form.FormApplication]; nested exception is java.lang.NoSuchMethodError: org.springframework.boot.context.properties.bind.BindResult.orElseCreate(Ljava/lang/Class;)Ljava/lang/Object;
[form] 2020-02-24 11:25:55.084 [ERROR] [main] org.springframework.boot.diagnostics.LoggingFailureAnalysisReporter -  - 

***************************
APPLICATION FAILED TO START
***************************

Description:

An attempt was made to call a method that does not exist. The attempt was made from the following location:

    org.springframework.boot.autoconfigure.template.PathBasedTemplateAvailabilityProvider.isTemplateAvailable(PathBasedTemplateAvailabilityProvider.java:60)

The following method did not exist:

    org.springframework.boot.context.properties.bind.BindResult.orElseCreate(Ljava/lang/Class;)Ljava/lang/Object;

The method's class, org.springframework.boot.context.properties.bind.BindResult, is available from the following locations:

    jar:file:/G:/flinemaven/org/springframework/boot/spring-boot/2.3.0.M2/spring-boot-2.3.0.M2.jar!/org/springframework/boot/context/properties/bind/BindResult.class

It was loaded from the following location:

    file:/G:/flinemaven/org/springframework/boot/spring-boot/2.3.0.M2/spring-boot-2.3.0.M2.jar


Action:

Correct the classpath of your application so that it contains a single, compatible version of org.springframework.boot.context.properties.bind.BindResult

[form] 2020-02-24 11:27:20.273 [INFO ] [main] com.fline.form.FormApplication -  - Starting FormApplication on Guo with PID 12840 (D:\workspace\form-yinchuan\form-server\target\classes started by 郭东洋 in D:\workspace\form-yinchuan)
[form] 2020-02-24 11:27:20.274 [INFO ] [main] com.fline.form.FormApplication -  - No active profile set, falling back to default profiles: default
[form] 2020-02-24 11:27:20.550 [WARN ] [main] org.springframework.boot.web.servlet.context.AnnotationConfigServletWebServerApplicationContext -  - Exception encountered during context initialization - cancelling refresh attempt: org.springframework.beans.factory.BeanDefinitionStoreException: Failed to process import candidates for configuration class [com.fline.form.FormApplication]; nested exception is java.lang.NoSuchMethodError: org.springframework.boot.context.properties.bind.BindResult.orElseCreate(Ljava/lang/Class;)Ljava/lang/Object;
[form] 2020-02-24 11:27:20.562 [ERROR] [main] org.springframework.boot.diagnostics.LoggingFailureAnalysisReporter -  - 

***************************
APPLICATION FAILED TO START
***************************

Description:

An attempt was made to call a method that does not exist. The attempt was made from the following location:

    org.springframework.boot.autoconfigure.template.PathBasedTemplateAvailabilityProvider.isTemplateAvailable(PathBasedTemplateAvailabilityProvider.java:60)

The following method did not exist:

    org.springframework.boot.context.properties.bind.BindResult.orElseCreate(Ljava/lang/Class;)Ljava/lang/Object;

The method's class, org.springframework.boot.context.properties.bind.BindResult, is available from the following locations:

    jar:file:/G:/flinemaven/org/springframework/boot/spring-boot/2.3.0.M2/spring-boot-2.3.0.M2.jar!/org/springframework/boot/context/properties/bind/BindResult.class

It was loaded from the following location:

    file:/G:/flinemaven/org/springframework/boot/spring-boot/2.3.0.M2/spring-boot-2.3.0.M2.jar


Action:

Correct the classpath of your application so that it contains a single, compatible version of org.springframework.boot.context.properties.bind.BindResult

[form] 2020-02-24 11:29:34.191 [INFO ] [main] com.fline.form.FormApplication -  - Starting FormApplication on Guo with PID 17184 (D:\workspace\form-yinchuan\form-server\target\classes started by 郭东洋 in D:\workspace\form-yinchuan)
[form] 2020-02-24 11:29:34.193 [INFO ] [main] com.fline.form.FormApplication -  - No active profile set, falling back to default profiles: default
[form] 2020-02-24 11:29:35.859 [ERROR] [main] org.springframework.boot.SpringApplication -  - Application run failed
java.lang.NoClassDefFoundError: javax/servlet/Filter
	at java.lang.ClassLoader.defineClass1(Native Method)
	at java.lang.ClassLoader.defineClass(ClassLoader.java:763)
	at java.security.SecureClassLoader.defineClass(SecureClassLoader.java:142)
	at java.net.URLClassLoader.defineClass(URLClassLoader.java:467)
	at java.net.URLClassLoader.access$100(URLClassLoader.java:73)
	at java.net.URLClassLoader$1.run(URLClassLoader.java:368)
	at java.net.URLClassLoader$1.run(URLClassLoader.java:362)
	at java.security.AccessController.doPrivileged(Native Method)
	at java.net.URLClassLoader.findClass(URLClassLoader.java:361)
	at java.lang.ClassLoader.loadClass(ClassLoader.java:424)
	at sun.misc.Launcher$AppClassLoader.loadClass(Launcher.java:335)
	at java.lang.ClassLoader.loadClass(ClassLoader.java:357)
	at java.lang.Class.forName0(Native Method)
	at java.lang.Class.forName(Class.java:348)
	at sun.reflect.generics.factory.CoreReflectionFactory.makeNamedType(CoreReflectionFactory.java:114)
	at sun.reflect.generics.visitor.Reifier.visitClassTypeSignature(Reifier.java:125)
	at sun.reflect.generics.tree.ClassTypeSignature.accept(ClassTypeSignature.java:49)
	at sun.reflect.generics.visitor.Reifier.reifyTypeArguments(Reifier.java:68)
	at sun.reflect.generics.visitor.Reifier.visitClassTypeSignature(Reifier.java:138)
	at sun.reflect.generics.tree.ClassTypeSignature.accept(ClassTypeSignature.java:49)
	at sun.reflect.generics.repository.MethodRepository.getReturnType(MethodRepository.java:68)
	at java.lang.reflect.Method.getGenericReturnType(Method.java:255)
	at org.springframework.core.MethodParameter.getGenericParameterType(MethodParameter.java:434)
	at org.springframework.core.SerializableTypeWrapper$MethodParameterTypeProvider.getType(SerializableTypeWrapper.java:291)
	at org.springframework.core.SerializableTypeWrapper.forTypeProvider(SerializableTypeWrapper.java:106)
	at org.springframework.core.ResolvableType.forType(ResolvableType.java:1401)
	at org.springframework.core.ResolvableType.forMethodParameter(ResolvableType.java:1309)
	at org.springframework.core.ResolvableType.forMethodParameter(ResolvableType.java:1275)
	at org.springframework.core.ResolvableType.forMethodReturnType(ResolvableType.java:1218)
	at org.springframework.beans.factory.support.AbstractAutowireCapableBeanFactory.getTypeForFactoryMethod(AbstractAutowireCapableBeanFactory.java:802)
	at org.springframework.beans.factory.support.AbstractAutowireCapableBeanFactory.determineTargetType(AbstractAutowireCapableBeanFactory.java:679)
	at org.springframework.beans.factory.support.AbstractAutowireCapableBeanFactory.predictBeanType(AbstractAutowireCapableBeanFactory.java:647)
	at org.springframework.beans.factory.support.AbstractBeanFactory.isFactoryBean(AbstractBeanFactory.java:1518)
	at org.springframework.beans.factory.support.DefaultListableBeanFactory.doGetBeanNamesForType(DefaultListableBeanFactory.java:511)
	at org.springframework.beans.factory.support.DefaultListableBeanFactory.getBeanNamesForType(DefaultListableBeanFactory.java:481)
	at org.springframework.beans.factory.BeanFactoryUtils.beanNamesForTypeIncludingAncestors(BeanFactoryUtils.java:227)
	at org.springframework.boot.autoconfigure.validation.PrimaryDefaultValidatorPostProcessor.hasPrimarySpringValidator(PrimaryDefaultValidatorPostProcessor.java:81)
	at org.springframework.boot.autoconfigure.validation.PrimaryDefaultValidatorPostProcessor.registerBeanDefinitions(PrimaryDefaultValidatorPostProcessor.java:61)
	at org.springframework.context.annotation.ConfigurationClassBeanDefinitionReader.lambda$loadBeanDefinitionsFromRegistrars$1(ConfigurationClassBeanDefinitionReader.java:364)
	at java.util.LinkedHashMap.forEach(LinkedHashMap.java:684)
	at org.springframework.context.annotation.ConfigurationClassBeanDefinitionReader.loadBeanDefinitionsFromRegistrars(ConfigurationClassBeanDefinitionReader.java:363)
	at org.springframework.context.annotation.ConfigurationClassBeanDefinitionReader.loadBeanDefinitionsForConfigurationClass(ConfigurationClassBeanDefinitionReader.java:145)
	at org.springframework.context.annotation.ConfigurationClassBeanDefinitionReader.loadBeanDefinitions(ConfigurationClassBeanDefinitionReader.java:117)
	at org.springframework.context.annotation.ConfigurationClassPostProcessor.processConfigBeanDefinitions(ConfigurationClassPostProcessor.java:327)
	at org.springframework.context.annotation.ConfigurationClassPostProcessor.postProcessBeanDefinitionRegistry(ConfigurationClassPostProcessor.java:232)
	at org.springframework.context.support.PostProcessorRegistrationDelegate.invokeBeanDefinitionRegistryPostProcessors(PostProcessorRegistrationDelegate.java:275)
	at org.springframework.context.support.PostProcessorRegistrationDelegate.invokeBeanFactoryPostProcessors(PostProcessorRegistrationDelegate.java:95)
	at org.springframework.context.support.AbstractApplicationContext.invokeBeanFactoryPostProcessors(AbstractApplicationContext.java:705)
	at org.springframework.context.support.AbstractApplicationContext.refresh(AbstractApplicationContext.java:531)
	at org.springframework.boot.SpringApplication.refresh(SpringApplication.java:743)
	at org.springframework.boot.SpringApplication.refreshContext(SpringApplication.java:390)
	at org.springframework.boot.SpringApplication.run(SpringApplication.java:312)
	at org.springframework.boot.SpringApplication.run(SpringApplication.java:1214)
	at org.springframework.boot.SpringApplication.run(SpringApplication.java:1203)
	at com.fline.form.FormApplication.main(FormApplication.java:14)
Caused by: java.lang.ClassNotFoundException: javax.servlet.Filter
	at java.net.URLClassLoader.findClass(URLClassLoader.java:381)
	at java.lang.ClassLoader.loadClass(ClassLoader.java:424)
	at sun.misc.Launcher$AppClassLoader.loadClass(Launcher.java:335)
	at java.lang.ClassLoader.loadClass(ClassLoader.java:357)
	... 55 common frames omitted
[form] 2020-02-24 11:30:26.398 [INFO ] [main] com.fline.form.FormApplication -  - Starting FormApplication on Guo with PID 14836 (D:\workspace\form-yinchuan\form-server\target\classes started by 郭东洋 in D:\workspace\form-yinchuan)
[form] 2020-02-24 11:30:26.399 [INFO ] [main] com.fline.form.FormApplication -  - No active profile set, falling back to default profiles: default
[form] 2020-02-24 11:30:27.964 [INFO ] [main] org.apache.coyote.http11.Http11NioProtocol -  - Initializing ProtocolHandler ["http-nio-8000"]
[form] 2020-02-24 11:30:27.971 [INFO ] [main] org.apache.catalina.core.StandardService -  - Starting service [Tomcat]
[form] 2020-02-24 11:30:27.972 [INFO ] [main] org.apache.catalina.core.StandardEngine -  - Starting Servlet engine: [Apache Tomcat/9.0.22]
[form] 2020-02-24 11:30:27.977 [INFO ] [main] org.apache.catalina.core.AprLifecycleListener -  - An older version [1.2.14] of the APR based Apache Tomcat Native library is installed, while Tomcat recommends a minimum version of [1.2.23]
[form] 2020-02-24 11:30:27.977 [INFO ] [main] org.apache.catalina.core.AprLifecycleListener -  - Loaded APR based Apache Tomcat Native library [1.2.14] using APR version [1.6.2].
[form] 2020-02-24 11:30:27.977 [INFO ] [main] org.apache.catalina.core.AprLifecycleListener -  - APR capabilities: IPv6 [true], sendfile [true], accept filters [false], random [true].
[form] 2020-02-24 11:30:27.977 [INFO ] [main] org.apache.catalina.core.AprLifecycleListener -  - APR/OpenSSL configuration: useAprConnector [false], useOpenSSL [true]
[form] 2020-02-24 11:30:29.032 [INFO ] [main] org.apache.catalina.core.AprLifecycleListener -  - OpenSSL successfully initialized [OpenSSL 1.0.2l  25 May 2017]
[form] 2020-02-24 11:30:29.120 [INFO ] [main] org.apache.catalina.core.ContainerBase.[Tomcat].[localhost].[/formCenter] -  - Initializing Spring embedded WebApplicationContext
[form] 2020-02-24 11:30:29.193 [INFO ] [main] com.fline.fdp.client.AbstractSpringRMIClient -  - TEMP FILE PATH:D:\workspace\form-yinchuan\.\tmp.fdp.context.xml
[form] 2020-02-24 11:30:29.230 [INFO ] [main] com.fline.fdp.client.AbstractSpringRMIClient -  - TEMP FILE PATH:D:\workspace\form-yinchuan\.\tmp.fdp.context.xml
[form] 2020-02-24 11:30:32.247 [WARN ] [main] org.springframework.boot.web.servlet.context.AnnotationConfigServletWebServerApplicationContext -  - Exception encountered during context initialization - cancelling refresh attempt: org.springframework.beans.factory.UnsatisfiedDependencyException: Error creating bean with name 'defaultMvcConfig': Unsatisfied dependency expressed through field 'securityInterceptor'; nested exception is org.springframework.beans.factory.UnsatisfiedDependencyException: Error creating bean with name 'com.fline.form.interceptor.SecurityInterceptor': Unsatisfied dependency expressed through field 'dataCacheService'; nested exception is org.springframework.beans.factory.UnsatisfiedDependencyException: Error creating bean with name 'dataCacheServiceImpl': Unsatisfied dependency expressed through field 'redisMgmtService'; nested exception is org.springframework.beans.factory.BeanCreationException: Error creating bean with name 'redisMgmtService' defined in class path resource [applicationContext-aic-redis.xml]: Cannot resolve reference to bean 'jedisCluster' while setting bean property 'jedisCluster'; nested exception is org.springframework.beans.factory.BeanCreationException: Error creating bean with name 'jedisCluster' defined in class path resource [applicationContext-aic-redis.xml]: Invocation of init method failed; nested exception is redis.clients.jedis.exceptions.JedisConnectionException: java.net.SocketTimeoutException: connect timed out
[form] 2020-02-24 11:30:32.250 [INFO ] [main] org.apache.catalina.core.StandardService -  - Stopping service [Tomcat]
[form] 2020-02-24 11:30:32.298 [ERROR] [main] org.springframework.boot.SpringApplication -  - Application run failed
org.springframework.beans.factory.UnsatisfiedDependencyException: Error creating bean with name 'defaultMvcConfig': Unsatisfied dependency expressed through field 'securityInterceptor'; nested exception is org.springframework.beans.factory.UnsatisfiedDependencyException: Error creating bean with name 'com.fline.form.interceptor.SecurityInterceptor': Unsatisfied dependency expressed through field 'dataCacheService'; nested exception is org.springframework.beans.factory.UnsatisfiedDependencyException: Error creating bean with name 'dataCacheServiceImpl': Unsatisfied dependency expressed through field 'redisMgmtService'; nested exception is org.springframework.beans.factory.BeanCreationException: Error creating bean with name 'redisMgmtService' defined in class path resource [applicationContext-aic-redis.xml]: Cannot resolve reference to bean 'jedisCluster' while setting bean property 'jedisCluster'; nested exception is org.springframework.beans.factory.BeanCreationException: Error creating bean with name 'jedisCluster' defined in class path resource [applicationContext-aic-redis.xml]: Invocation of init method failed; nested exception is redis.clients.jedis.exceptions.JedisConnectionException: java.net.SocketTimeoutException: connect timed out
	at org.springframework.beans.factory.annotation.AutowiredAnnotationBeanPostProcessor$AutowiredFieldElement.inject(AutowiredAnnotationBeanPostProcessor.java:596)
	at org.springframework.beans.factory.annotation.InjectionMetadata.inject(InjectionMetadata.java:90)
	at org.springframework.beans.factory.annotation.AutowiredAnnotationBeanPostProcessor.postProcessProperties(AutowiredAnnotationBeanPostProcessor.java:374)
	at org.springframework.beans.factory.support.AbstractAutowireCapableBeanFactory.populateBean(AbstractAutowireCapableBeanFactory.java:1411)
	at org.springframework.beans.factory.support.AbstractAutowireCapableBeanFactory.doCreateBean(AbstractAutowireCapableBeanFactory.java:592)
	at org.springframework.beans.factory.support.AbstractAutowireCapableBeanFactory.createBean(AbstractAutowireCapableBeanFactory.java:515)
	at org.springframework.beans.factory.support.AbstractBeanFactory.lambda$doGetBean$0(AbstractBeanFactory.java:320)
	at org.springframework.beans.factory.support.DefaultSingletonBeanRegistry.getSingleton(DefaultSingletonBeanRegistry.java:222)
	at org.springframework.beans.factory.support.AbstractBeanFactory.doGetBean(AbstractBeanFactory.java:318)
	at org.springframework.beans.factory.support.AbstractBeanFactory.getBean(AbstractBeanFactory.java:199)
	at org.springframework.beans.factory.support.DefaultListableBeanFactory.preInstantiateSingletons(DefaultListableBeanFactory.java:845)
	at org.springframework.context.support.AbstractApplicationContext.finishBeanFactoryInitialization(AbstractApplicationContext.java:877)
	at org.springframework.context.support.AbstractApplicationContext.refresh(AbstractApplicationContext.java:549)
	at org.springframework.boot.web.servlet.context.ServletWebServerApplicationContext.refresh(ServletWebServerApplicationContext.java:141)
	at org.springframework.boot.SpringApplication.refresh(SpringApplication.java:743)
	at org.springframework.boot.SpringApplication.refreshContext(SpringApplication.java:390)
	at org.springframework.boot.SpringApplication.run(SpringApplication.java:312)
	at org.springframework.boot.SpringApplication.run(SpringApplication.java:1214)
	at org.springframework.boot.SpringApplication.run(SpringApplication.java:1203)
	at com.fline.form.FormApplication.main(FormApplication.java:14)
Caused by: org.springframework.beans.factory.UnsatisfiedDependencyException: Error creating bean with name 'com.fline.form.interceptor.SecurityInterceptor': Unsatisfied dependency expressed through field 'dataCacheService'; nested exception is org.springframework.beans.factory.UnsatisfiedDependencyException: Error creating bean with name 'dataCacheServiceImpl': Unsatisfied dependency expressed through field 'redisMgmtService'; nested exception is org.springframework.beans.factory.BeanCreationException: Error creating bean with name 'redisMgmtService' defined in class path resource [applicationContext-aic-redis.xml]: Cannot resolve reference to bean 'jedisCluster' while setting bean property 'jedisCluster'; nested exception is org.springframework.beans.factory.BeanCreationException: Error creating bean with name 'jedisCluster' defined in class path resource [applicationContext-aic-redis.xml]: Invocation of init method failed; nested exception is redis.clients.jedis.exceptions.JedisConnectionException: java.net.SocketTimeoutException: connect timed out
	at org.springframework.beans.factory.annotation.AutowiredAnnotationBeanPostProcessor$AutowiredFieldElement.inject(AutowiredAnnotationBeanPostProcessor.java:596)
	at org.springframework.beans.factory.annotation.InjectionMetadata.inject(InjectionMetadata.java:90)
	at org.springframework.beans.factory.annotation.AutowiredAnnotationBeanPostProcessor.postProcessProperties(AutowiredAnnotationBeanPostProcessor.java:374)
	at org.springframework.beans.factory.support.AbstractAutowireCapableBeanFactory.populateBean(AbstractAutowireCapableBeanFactory.java:1411)
	at org.springframework.beans.factory.support.AbstractAutowireCapableBeanFactory.doCreateBean(AbstractAutowireCapableBeanFactory.java:592)
	at org.springframework.beans.factory.support.AbstractAutowireCapableBeanFactory.createBean(AbstractAutowireCapableBeanFactory.java:515)
	at org.springframework.beans.factory.support.AbstractBeanFactory.lambda$doGetBean$0(AbstractBeanFactory.java:320)
	at org.springframework.beans.factory.support.DefaultSingletonBeanRegistry.getSingleton(DefaultSingletonBeanRegistry.java:222)
	at org.springframework.beans.factory.support.AbstractBeanFactory.doGetBean(AbstractBeanFactory.java:318)
	at org.springframework.beans.factory.support.AbstractBeanFactory.getBean(AbstractBeanFactory.java:199)
	at org.springframework.beans.factory.config.DependencyDescriptor.resolveCandidate(DependencyDescriptor.java:277)
	at org.springframework.beans.factory.support.DefaultListableBeanFactory.doResolveDependency(DefaultListableBeanFactory.java:1251)
	at org.springframework.beans.factory.support.DefaultListableBeanFactory.resolveDependency(DefaultListableBeanFactory.java:1171)
	at org.springframework.beans.factory.annotation.AutowiredAnnotationBeanPostProcessor$AutowiredFieldElement.inject(AutowiredAnnotationBeanPostProcessor.java:593)
	... 19 common frames omitted
Caused by: org.springframework.beans.factory.UnsatisfiedDependencyException: Error creating bean with name 'dataCacheServiceImpl': Unsatisfied dependency expressed through field 'redisMgmtService'; nested exception is org.springframework.beans.factory.BeanCreationException: Error creating bean with name 'redisMgmtService' defined in class path resource [applicationContext-aic-redis.xml]: Cannot resolve reference to bean 'jedisCluster' while setting bean property 'jedisCluster'; nested exception is org.springframework.beans.factory.BeanCreationException: Error creating bean with name 'jedisCluster' defined in class path resource [applicationContext-aic-redis.xml]: Invocation of init method failed; nested exception is redis.clients.jedis.exceptions.JedisConnectionException: java.net.SocketTimeoutException: connect timed out
	at org.springframework.beans.factory.annotation.AutowiredAnnotationBeanPostProcessor$AutowiredFieldElement.inject(AutowiredAnnotationBeanPostProcessor.java:596)
	at org.springframework.beans.factory.annotation.InjectionMetadata.inject(InjectionMetadata.java:90)
	at org.springframework.beans.factory.annotation.AutowiredAnnotationBeanPostProcessor.postProcessProperties(AutowiredAnnotationBeanPostProcessor.java:374)
	at org.springframework.beans.factory.support.AbstractAutowireCapableBeanFactory.populateBean(AbstractAutowireCapableBeanFactory.java:1411)
	at org.springframework.beans.factory.support.AbstractAutowireCapableBeanFactory.doCreateBean(AbstractAutowireCapableBeanFactory.java:592)
	at org.springframework.beans.factory.support.AbstractAutowireCapableBeanFactory.createBean(AbstractAutowireCapableBeanFactory.java:515)
	at org.springframework.beans.factory.support.AbstractBeanFactory.lambda$doGetBean$0(AbstractBeanFactory.java:320)
	at org.springframework.beans.factory.support.DefaultSingletonBeanRegistry.getSingleton(DefaultSingletonBeanRegistry.java:222)
	at org.springframework.beans.factory.support.AbstractBeanFactory.doGetBean(AbstractBeanFactory.java:318)
	at org.springframework.beans.factory.support.AbstractBeanFactory.getBean(AbstractBeanFactory.java:199)
	at org.springframework.beans.factory.config.DependencyDescriptor.resolveCandidate(DependencyDescriptor.java:277)
	at org.springframework.beans.factory.support.DefaultListableBeanFactory.doResolveDependency(DefaultListableBeanFactory.java:1251)
	at org.springframework.beans.factory.support.DefaultListableBeanFactory.resolveDependency(DefaultListableBeanFactory.java:1171)
	at org.springframework.beans.factory.annotation.AutowiredAnnotationBeanPostProcessor$AutowiredFieldElement.inject(AutowiredAnnotationBeanPostProcessor.java:593)
	... 32 common frames omitted
Caused by: org.springframework.beans.factory.BeanCreationException: Error creating bean with name 'redisMgmtService' defined in class path resource [applicationContext-aic-redis.xml]: Cannot resolve reference to bean 'jedisCluster' while setting bean property 'jedisCluster'; nested exception is org.springframework.beans.factory.BeanCreationException: Error creating bean with name 'jedisCluster' defined in class path resource [applicationContext-aic-redis.xml]: Invocation of init method failed; nested exception is redis.clients.jedis.exceptions.JedisConnectionException: java.net.SocketTimeoutException: connect timed out
	at org.springframework.beans.factory.support.BeanDefinitionValueResolver.resolveReference(BeanDefinitionValueResolver.java:314)
	at org.springframework.beans.factory.support.BeanDefinitionValueResolver.resolveValueIfNecessary(BeanDefinitionValueResolver.java:110)
	at org.springframework.beans.factory.support.AbstractAutowireCapableBeanFactory.applyPropertyValues(AbstractAutowireCapableBeanFactory.java:1681)
	at org.springframework.beans.factory.support.AbstractAutowireCapableBeanFactory.populateBean(AbstractAutowireCapableBeanFactory.java:1433)
	at org.springframework.beans.factory.support.AbstractAutowireCapableBeanFactory.doCreateBean(AbstractAutowireCapableBeanFactory.java:592)
	at org.springframework.beans.factory.support.AbstractAutowireCapableBeanFactory.createBean(AbstractAutowireCapableBeanFactory.java:515)
	at org.springframework.beans.factory.support.AbstractBeanFactory.lambda$doGetBean$0(AbstractBeanFactory.java:320)
	at org.springframework.beans.factory.support.DefaultSingletonBeanRegistry.getSingleton(DefaultSingletonBeanRegistry.java:222)
	at org.springframework.beans.factory.support.AbstractBeanFactory.doGetBean(AbstractBeanFactory.java:318)
	at org.springframework.beans.factory.support.AbstractBeanFactory.getBean(AbstractBeanFactory.java:199)
	at org.springframework.beans.factory.config.DependencyDescriptor.resolveCandidate(DependencyDescriptor.java:277)
	at org.springframework.beans.factory.support.DefaultListableBeanFactory.doResolveDependency(DefaultListableBeanFactory.java:1251)
	at org.springframework.beans.factory.support.DefaultListableBeanFactory.resolveDependency(DefaultListableBeanFactory.java:1171)
	at org.springframework.beans.factory.annotation.AutowiredAnnotationBeanPostProcessor$AutowiredFieldElement.inject(AutowiredAnnotationBeanPostProcessor.java:593)
	... 45 common frames omitted
Caused by: org.springframework.beans.factory.BeanCreationException: Error creating bean with name 'jedisCluster' defined in class path resource [applicationContext-aic-redis.xml]: Invocation of init method failed; nested exception is redis.clients.jedis.exceptions.JedisConnectionException: java.net.SocketTimeoutException: connect timed out
	at org.springframework.beans.factory.support.AbstractAutowireCapableBeanFactory.initializeBean(AbstractAutowireCapableBeanFactory.java:1778)
	at org.springframework.beans.factory.support.AbstractAutowireCapableBeanFactory.doCreateBean(AbstractAutowireCapableBeanFactory.java:593)
	at org.springframework.beans.factory.support.AbstractAutowireCapableBeanFactory.createBean(AbstractAutowireCapableBeanFactory.java:515)
	at org.springframework.beans.factory.support.AbstractBeanFactory.lambda$doGetBean$0(AbstractBeanFactory.java:320)
	at org.springframework.beans.factory.support.DefaultSingletonBeanRegistry.getSingleton(DefaultSingletonBeanRegistry.java:222)
	at org.springframework.beans.factory.support.AbstractBeanFactory.doGetBean(AbstractBeanFactory.java:318)
	at org.springframework.beans.factory.support.AbstractBeanFactory.getBean(AbstractBeanFactory.java:199)
	at org.springframework.beans.factory.support.BeanDefinitionValueResolver.resolveReference(BeanDefinitionValueResolver.java:303)
	... 58 common frames omitted
Caused by: redis.clients.jedis.exceptions.JedisConnectionException: java.net.SocketTimeoutException: connect timed out
	at redis.clients.jedis.Connection.connect(Connection.java:207)
	at redis.clients.jedis.BinaryClient.connect(BinaryClient.java:93)
	at redis.clients.jedis.Connection.sendCommand(Connection.java:126)
	at redis.clients.jedis.Connection.sendCommand(Connection.java:117)
	at redis.clients.jedis.BinaryClient.auth(BinaryClient.java:564)
	at redis.clients.jedis.BinaryJedis.auth(BinaryJedis.java:2138)
	at redis.clients.jedis.JedisClusterConnectionHandler.initializeSlotsCache(JedisClusterConnectionHandler.java:36)
	at redis.clients.jedis.JedisClusterConnectionHandler.<init>(JedisClusterConnectionHandler.java:17)
	at redis.clients.jedis.JedisSlotBasedConnectionHandler.<init>(JedisSlotBasedConnectionHandler.java:24)
	at redis.clients.jedis.BinaryJedisCluster.<init>(BinaryJedisCluster.java:54)
	at redis.clients.jedis.JedisCluster.<init>(JedisCluster.java:93)
	at com.fline.aic.redis.factory.JedisClusterFactory.afterPropertiesSet(JedisClusterFactory.java:79)
	at org.springframework.beans.factory.support.AbstractAutowireCapableBeanFactory.invokeInitMethods(AbstractAutowireCapableBeanFactory.java:1837)
	at org.springframework.beans.factory.support.AbstractAutowireCapableBeanFactory.initializeBean(AbstractAutowireCapableBeanFactory.java:1774)
	... 65 common frames omitted
Caused by: java.net.SocketTimeoutException: connect timed out
	at java.net.DualStackPlainSocketImpl.waitForConnect(Native Method)
	at java.net.DualStackPlainSocketImpl.socketConnect(DualStackPlainSocketImpl.java:85)
	at java.net.AbstractPlainSocketImpl.doConnect(AbstractPlainSocketImpl.java:350)
	at java.net.AbstractPlainSocketImpl.connectToAddress(AbstractPlainSocketImpl.java:206)
	at java.net.AbstractPlainSocketImpl.connect(AbstractPlainSocketImpl.java:188)
	at java.net.PlainSocketImpl.connect(PlainSocketImpl.java:172)
	at java.net.SocksSocketImpl.connect(SocksSocketImpl.java:392)
	at java.net.Socket.connect(Socket.java:589)
	at redis.clients.jedis.Connection.connect(Connection.java:184)
	... 78 common frames omitted
[form] 2020-02-24 11:31:05.575 [INFO ] [main] com.fline.form.FormApplication -  - Starting FormApplication on Guo with PID 21396 (D:\workspace\form-yinchuan\form-server\target\classes started by 郭东洋 in D:\workspace\form-yinchuan)
[form] 2020-02-24 11:31:05.576 [INFO ] [main] com.fline.form.FormApplication -  - No active profile set, falling back to default profiles: default
[form] 2020-02-24 11:31:06.813 [INFO ] [main] org.apache.coyote.http11.Http11NioProtocol -  - Initializing ProtocolHandler ["http-nio-8000"]
[form] 2020-02-24 11:31:06.820 [INFO ] [main] org.apache.catalina.core.StandardService -  - Starting service [Tomcat]
[form] 2020-02-24 11:31:06.820 [INFO ] [main] org.apache.catalina.core.StandardEngine -  - Starting Servlet engine: [Apache Tomcat/9.0.22]
[form] 2020-02-24 11:31:06.825 [INFO ] [main] org.apache.catalina.core.AprLifecycleListener -  - An older version [1.2.14] of the APR based Apache Tomcat Native library is installed, while Tomcat recommends a minimum version of [1.2.23]
[form] 2020-02-24 11:31:06.825 [INFO ] [main] org.apache.catalina.core.AprLifecycleListener -  - Loaded APR based Apache Tomcat Native library [1.2.14] using APR version [1.6.2].
[form] 2020-02-24 11:31:06.825 [INFO ] [main] org.apache.catalina.core.AprLifecycleListener -  - APR capabilities: IPv6 [true], sendfile [true], accept filters [false], random [true].
[form] 2020-02-24 11:31:06.825 [INFO ] [main] org.apache.catalina.core.AprLifecycleListener -  - APR/OpenSSL configuration: useAprConnector [false], useOpenSSL [true]
[form] 2020-02-24 11:31:07.880 [INFO ] [main] org.apache.catalina.core.AprLifecycleListener -  - OpenSSL successfully initialized [OpenSSL 1.0.2l  25 May 2017]
[form] 2020-02-24 11:31:07.958 [INFO ] [main] org.apache.catalina.core.ContainerBase.[Tomcat].[localhost].[/formCenter] -  - Initializing Spring embedded WebApplicationContext
[form] 2020-02-24 11:31:08.020 [INFO ] [main] com.fline.fdp.client.AbstractSpringRMIClient -  - TEMP FILE PATH:D:\workspace\form-yinchuan\.\tmp.fdp.context.xml
[form] 2020-02-24 11:31:08.058 [INFO ] [main] com.fline.fdp.client.AbstractSpringRMIClient -  - TEMP FILE PATH:D:\workspace\form-yinchuan\.\tmp.fdp.context.xml
[form] 2020-02-24 11:31:13.399 [INFO ] [main] org.apache.coyote.http11.Http11NioProtocol -  - Starting ProtocolHandler ["http-nio-8000"]
[form] 2020-02-24 11:31:13.422 [INFO ] [main] org.apache.catalina.core.ContainerBase.[Tomcat].[localhost].[/formCenter] -  - Initializing Spring DispatcherServlet 'dispatcherServlet'
[form] 2020-02-24 11:31:13.428 [INFO ] [main] com.fline.form.FormApplication -  - Started FormApplication in 8.285 seconds (JVM running for 9.442)
[form] 2020-02-24 11:31:21.995 [INFO ] [http-nio-8000-exec-1] com.fline.form.interceptor.FormBizInterceptor -  - request uri:/formCenter/rest/form/createFormById/item/db9da0b3-35f9-4374-85d4-279a249940f1/2, parameter:{}
[form] 2020-02-24 11:31:22.024 [ERROR] [http-nio-8000-exec-1] com.fline.form.handler.GlobalExceptionHandler -  - Required String parameter 'idNum' is not present
org.springframework.web.bind.MissingServletRequestParameterException: Required String parameter 'idNum' is not present
	at org.springframework.web.method.annotation.RequestParamMethodArgumentResolver.handleMissingValue(RequestParamMethodArgumentResolver.java:202)
	at org.springframework.web.method.annotation.AbstractNamedValueMethodArgumentResolver.resolveArgument(AbstractNamedValueMethodArgumentResolver.java:113)
	at org.springframework.web.method.support.HandlerMethodArgumentResolverComposite.resolveArgument(HandlerMethodArgumentResolverComposite.java:127)
	at org.springframework.web.method.support.InvocableHandlerMethod.getMethodArgumentValues(InvocableHandlerMethod.java:167)
	at org.springframework.web.method.support.InvocableHandlerMethod.invokeForRequest(InvocableHandlerMethod.java:134)
	at org.springframework.web.servlet.mvc.method.annotation.ServletInvocableHandlerMethod.invokeAndHandle(ServletInvocableHandlerMethod.java:104)
	at org.springframework.web.servlet.mvc.method.annotation.RequestMappingHandlerAdapter.invokeHandlerMethod(RequestMappingHandlerAdapter.java:892)
	at org.springframework.web.servlet.mvc.method.annotation.RequestMappingHandlerAdapter.handleInternal(RequestMappingHandlerAdapter.java:797)
	at org.springframework.web.servlet.mvc.method.AbstractHandlerMethodAdapter.handle(AbstractHandlerMethodAdapter.java:87)
	at org.springframework.web.servlet.DispatcherServlet.doDispatch(DispatcherServlet.java:1039)
	at org.springframework.web.servlet.DispatcherServlet.doService(DispatcherServlet.java:942)
	at org.springframework.web.servlet.FrameworkServlet.processRequest(FrameworkServlet.java:1005)
	at org.springframework.web.servlet.FrameworkServlet.doPost(FrameworkServlet.java:908)
	at javax.servlet.http.HttpServlet.service(HttpServlet.java:660)
	at org.springframework.web.servlet.FrameworkServlet.service(FrameworkServlet.java:882)
	at javax.servlet.http.HttpServlet.service(HttpServlet.java:741)
	at org.apache.catalina.core.ApplicationFilterChain.internalDoFilter(ApplicationFilterChain.java:231)
	at org.apache.catalina.core.ApplicationFilterChain.doFilter(ApplicationFilterChain.java:166)
	at org.apache.tomcat.websocket.server.WsFilter.doFilter(WsFilter.java:53)
	at org.apache.catalina.core.ApplicationFilterChain.internalDoFilter(ApplicationFilterChain.java:193)
	at org.apache.catalina.core.ApplicationFilterChain.doFilter(ApplicationFilterChain.java:166)
	at com.alipay.atgbusmng.api.filter.http.AtgBusSignFilter.doFilter(AtgBusSignFilter.java:52)
	at com.fline.form.filter.AtgBusSignAdapterFilter.doFilter(AtgBusSignAdapterFilter.java:23)
	at org.apache.catalina.core.ApplicationFilterChain.internalDoFilter(ApplicationFilterChain.java:193)
	at org.apache.catalina.core.ApplicationFilterChain.doFilter(ApplicationFilterChain.java:166)
	at org.springframework.web.filter.RequestContextFilter.doFilterInternal(RequestContextFilter.java:99)
	at org.springframework.web.filter.OncePerRequestFilter.doFilter(OncePerRequestFilter.java:118)
	at org.apache.catalina.core.ApplicationFilterChain.internalDoFilter(ApplicationFilterChain.java:193)
	at org.apache.catalina.core.ApplicationFilterChain.doFilter(ApplicationFilterChain.java:166)
	at org.springframework.web.filter.FormContentFilter.doFilterInternal(FormContentFilter.java:92)
	at org.springframework.web.filter.OncePerRequestFilter.doFilter(OncePerRequestFilter.java:118)
	at org.apache.catalina.core.ApplicationFilterChain.internalDoFilter(ApplicationFilterChain.java:193)
	at org.apache.catalina.core.ApplicationFilterChain.doFilter(ApplicationFilterChain.java:166)
	at org.springframework.web.filter.HiddenHttpMethodFilter.doFilterInternal(HiddenHttpMethodFilter.java:93)
	at org.springframework.web.filter.OncePerRequestFilter.doFilter(OncePerRequestFilter.java:118)
	at org.apache.catalina.core.ApplicationFilterChain.internalDoFilter(ApplicationFilterChain.java:193)
	at org.apache.catalina.core.ApplicationFilterChain.doFilter(ApplicationFilterChain.java:166)
	at org.springframework.web.filter.CharacterEncodingFilter.doFilterInternal(CharacterEncodingFilter.java:200)
	at org.springframework.web.filter.OncePerRequestFilter.doFilter(OncePerRequestFilter.java:118)
	at org.apache.catalina.core.ApplicationFilterChain.internalDoFilter(ApplicationFilterChain.java:193)
	at org.apache.catalina.core.ApplicationFilterChain.doFilter(ApplicationFilterChain.java:166)
	at org.apache.catalina.core.StandardWrapperValve.invoke(StandardWrapperValve.java:202)
	at org.apache.catalina.core.StandardContextValve.invoke(StandardContextValve.java:96)
	at org.apache.catalina.authenticator.AuthenticatorBase.invoke(AuthenticatorBase.java:490)
	at org.apache.catalina.core.StandardHostValve.invoke(StandardHostValve.java:139)
	at org.apache.catalina.valves.ErrorReportValve.invoke(ErrorReportValve.java:92)
	at org.apache.catalina.core.StandardEngineValve.invoke(StandardEngineValve.java:74)
	at org.apache.catalina.connector.CoyoteAdapter.service(CoyoteAdapter.java:343)
	at org.apache.coyote.http11.Http11Processor.service(Http11Processor.java:408)
	at org.apache.coyote.AbstractProcessorLight.process(AbstractProcessorLight.java:66)
	at org.apache.coyote.AbstractProtocol$ConnectionHandler.process(AbstractProtocol.java:853)
	at org.apache.tomcat.util.net.NioEndpoint$SocketProcessor.doRun(NioEndpoint.java:1587)
	at org.apache.tomcat.util.net.SocketProcessorBase.run(SocketProcessorBase.java:49)
	at java.util.concurrent.ThreadPoolExecutor.runWorker(ThreadPoolExecutor.java:1142)
	at java.util.concurrent.ThreadPoolExecutor$Worker.run(ThreadPoolExecutor.java:617)
	at org.apache.tomcat.util.threads.TaskThread$WrappingRunnable.run(TaskThread.java:61)
	at java.lang.Thread.run(Thread.java:748)
[form] 2020-02-24 11:31:22.093 [INFO ] [http-nio-8000-exec-1] com.fline.form.mgmt.service.impl.FormInfoContext -  - removeFormInfoContext
[form] 2020-02-24 11:33:33.758 [INFO ] [main] com.fline.form.FormApplication -  - Starting FormApplication on Guo with PID 16044 (D:\workspace\form-yinchuan\form-server\target\classes started by 郭东洋 in D:\workspace\form-yinchuan)
[form] 2020-02-24 11:33:33.759 [INFO ] [main] com.fline.form.FormApplication -  - No active profile set, falling back to default profiles: default
[form] 2020-02-24 11:33:34.712 [INFO ] [main] org.apache.coyote.http11.Http11NioProtocol -  - Initializing ProtocolHandler ["http-nio-8000"]
[form] 2020-02-24 11:33:34.718 [INFO ] [main] org.apache.catalina.core.StandardService -  - Starting service [Tomcat]
[form] 2020-02-24 11:33:34.719 [INFO ] [main] org.apache.catalina.core.StandardEngine -  - Starting Servlet engine: [Apache Tomcat/9.0.22]
[form] 2020-02-24 11:33:34.723 [INFO ] [main] org.apache.catalina.core.AprLifecycleListener -  - An older version [1.2.14] of the APR based Apache Tomcat Native library is installed, while Tomcat recommends a minimum version of [1.2.23]
[form] 2020-02-24 11:33:34.723 [INFO ] [main] org.apache.catalina.core.AprLifecycleListener -  - Loaded APR based Apache Tomcat Native library [1.2.14] using APR version [1.6.2].
[form] 2020-02-24 11:33:34.723 [INFO ] [main] org.apache.catalina.core.AprLifecycleListener -  - APR capabilities: IPv6 [true], sendfile [true], accept filters [false], random [true].
[form] 2020-02-24 11:33:34.723 [INFO ] [main] org.apache.catalina.core.AprLifecycleListener -  - APR/OpenSSL configuration: useAprConnector [false], useOpenSSL [true]
[form] 2020-02-24 11:33:35.782 [INFO ] [main] org.apache.catalina.core.AprLifecycleListener -  - OpenSSL successfully initialized [OpenSSL 1.0.2l  25 May 2017]
[form] 2020-02-24 11:33:35.858 [INFO ] [main] org.apache.catalina.core.ContainerBase.[Tomcat].[localhost].[/formCenter] -  - Initializing Spring embedded WebApplicationContext
[form] 2020-02-24 11:33:35.920 [INFO ] [main] com.fline.fdp.client.AbstractSpringRMIClient -  - TEMP FILE PATH:D:\workspace\form-yinchuan\.\tmp.fdp.context.xml
[form] 2020-02-24 11:33:35.955 [INFO ] [main] com.fline.fdp.client.AbstractSpringRMIClient -  - TEMP FILE PATH:D:\workspace\form-yinchuan\.\tmp.fdp.context.xml
[form] 2020-02-24 11:33:37.692 [INFO ] [main] org.apache.coyote.http11.Http11NioProtocol -  - Starting ProtocolHandler ["http-nio-8000"]
[form] 2020-02-24 11:33:37.714 [INFO ] [main] org.apache.catalina.core.ContainerBase.[Tomcat].[localhost].[/formCenter] -  - Initializing Spring DispatcherServlet 'dispatcherServlet'
[form] 2020-02-24 11:33:37.720 [INFO ] [main] com.fline.form.FormApplication -  - Started FormApplication in 4.343 seconds (JVM running for 5.7)
[form] 2020-02-24 11:33:38.726 [INFO ] [http-nio-8000-exec-1] com.fline.form.interceptor.FormBizInterceptor -  - request uri:/formCenter/rest/form/createFormById/item/db9da0b3-35f9-4374-85d4-279a249940f1/2, parameter:{"idNum":["92640103MA764Q45J"]}
[form] 2020-02-24 11:33:39.169 [INFO ] [http-nio-8000-exec-1] com.fline.form.mgmt.service.impl.FormMgmtServiceImpl -  - 获取到用户信息：{"code":0,"msg":"查询成功","data":"eyJ1c2VySWQiOjEyMjI1MiwiY2FyZElkIjoiOTI2NDAxMDNNQTc2NFE0NUoiLCJ0cnVlTmFtZSI6IumTtuW3neW4guWFtOW6huWMuui/juWuvuWkp+iNr+W6l+efs+ayueWfjuW6lyIsInBob25lIjoiMTg3MDk2Nzg5NTUiLCJ0eXBlIjoiMiIsImxlZ2FsTmFtZSI6Iuaigei/nOWugSIsImxlZ2FsUGhvbmUiOiIxODcwOTY3ODk1NSIsImxlZ2FsbGROdW1iZXIiOiI2NDIxMjYxOTc0MTIwNjE2MTEiLCJjb21wYW55QWRkcmVzcyI6IumTtuW3neW4guWFtOW6huWMuuefs+ayueWfjueHleW6hjTlj7fllYbkuJrmpbwxMC0xMeWPtyIsInVzZWxlc3MiOjAsImNyZWF0ZVRpbWUiOiIyMDE5LTEyLTI0IDEzOjE4OjUwIiwidXBkYXRlVGltZSI6IjIwMTktMTItMjQgMTM6MTg6NTAifQ=="}
[form] 2020-02-24 11:33:39.350 [INFO ] [http-nio-8000-exec-1] com.fline.form.mgmt.service.impl.FormInfoContext -  - removeFormInfoContext
[form] 2020-02-24 11:36:34.645 [INFO ] [main] com.fline.form.FormApplication -  - Starting FormApplication on Guo with PID 21460 (D:\workspace\form-yinchuan\form-server\target\classes started by 郭东洋 in D:\workspace\form-yinchuan)
[form] 2020-02-24 11:36:34.646 [INFO ] [main] com.fline.form.FormApplication -  - No active profile set, falling back to default profiles: default
[form] 2020-02-24 11:36:35.587 [INFO ] [main] org.apache.coyote.http11.Http11NioProtocol -  - Initializing ProtocolHandler ["http-nio-8000"]
[form] 2020-02-24 11:36:35.594 [INFO ] [main] org.apache.catalina.core.StandardService -  - Starting service [Tomcat]
[form] 2020-02-24 11:36:35.594 [INFO ] [main] org.apache.catalina.core.StandardEngine -  - Starting Servlet engine: [Apache Tomcat/9.0.22]
[form] 2020-02-24 11:36:35.599 [INFO ] [main] org.apache.catalina.core.AprLifecycleListener -  - An older version [1.2.14] of the APR based Apache Tomcat Native library is installed, while Tomcat recommends a minimum version of [1.2.23]
[form] 2020-02-24 11:36:35.599 [INFO ] [main] org.apache.catalina.core.AprLifecycleListener -  - Loaded APR based Apache Tomcat Native library [1.2.14] using APR version [1.6.2].
[form] 2020-02-24 11:36:35.599 [INFO ] [main] org.apache.catalina.core.AprLifecycleListener -  - APR capabilities: IPv6 [true], sendfile [true], accept filters [false], random [true].
[form] 2020-02-24 11:36:35.599 [INFO ] [main] org.apache.catalina.core.AprLifecycleListener -  - APR/OpenSSL configuration: useAprConnector [false], useOpenSSL [true]
[form] 2020-02-24 11:36:36.655 [INFO ] [main] org.apache.catalina.core.AprLifecycleListener -  - OpenSSL successfully initialized [OpenSSL 1.0.2l  25 May 2017]
[form] 2020-02-24 11:36:36.732 [INFO ] [main] org.apache.catalina.core.ContainerBase.[Tomcat].[localhost].[/formCenter] -  - Initializing Spring embedded WebApplicationContext
[form] 2020-02-24 11:36:36.791 [INFO ] [main] com.fline.fdp.client.AbstractSpringRMIClient -  - TEMP FILE PATH:D:\workspace\form-yinchuan\.\tmp.fdp.context.xml
[form] 2020-02-24 11:36:36.825 [INFO ] [main] com.fline.fdp.client.AbstractSpringRMIClient -  - TEMP FILE PATH:D:\workspace\form-yinchuan\.\tmp.fdp.context.xml
[form] 2020-02-24 11:36:38.440 [INFO ] [main] org.apache.coyote.http11.Http11NioProtocol -  - Starting ProtocolHandler ["http-nio-8000"]
[form] 2020-02-24 11:36:38.464 [INFO ] [main] org.apache.catalina.core.ContainerBase.[Tomcat].[localhost].[/formCenter] -  - Initializing Spring DispatcherServlet 'dispatcherServlet'
[form] 2020-02-24 11:36:38.470 [INFO ] [main] com.fline.form.FormApplication -  - Started FormApplication in 4.16 seconds (JVM running for 5.309)
[form] 2020-02-24 11:36:41.282 [INFO ] [http-nio-8000-exec-1] com.fline.form.interceptor.FormBizInterceptor -  - request uri:/formCenter/rest/form/createFormById/item/db9da0b3-35f9-4374-85d4-279a249940f1/2, parameter:{"idNum":["92640103MA764Q45J"]}
[form] 2020-02-24 11:36:41.628 [INFO ] [http-nio-8000-exec-1] com.fline.form.mgmt.service.impl.FormMgmtServiceImpl -  - 获取到用户信息：{"code":0,"msg":"查询成功","data":"eyJ1c2VySWQiOjEyMjI1MiwiY2FyZElkIjoiOTI2NDAxMDNNQTc2NFE0NUoiLCJ0cnVlTmFtZSI6IumTtuW3neW4guWFtOW6huWMuui/juWuvuWkp+iNr+W6l+efs+ayueWfjuW6lyIsInBob25lIjoiMTg3MDk2Nzg5NTUiLCJ0eXBlIjoiMiIsImxlZ2FsTmFtZSI6Iuaigei/nOWugSIsImxlZ2FsUGhvbmUiOiIxODcwOTY3ODk1NSIsImxlZ2FsbGROdW1iZXIiOiI2NDIxMjYxOTc0MTIwNjE2MTEiLCJjb21wYW55QWRkcmVzcyI6IumTtuW3neW4guWFtOW6huWMuuefs+ayueWfjueHleW6hjTlj7fllYbkuJrmpbwxMC0xMeWPtyIsInVzZWxlc3MiOjAsImNyZWF0ZVRpbWUiOiIyMDE5LTEyLTI0IDEzOjE4OjUwIiwidXBkYXRlVGltZSI6IjIwMTktMTItMjQgMTM6MTg6NTAifQ=="}
[form] 2020-02-24 11:36:41.732 [INFO ] [http-nio-8000-exec-1] com.fline.form.mgmt.service.impl.FormInfoContext -  - removeFormInfoContext
